<?xml version="1.0" encoding="UTF-8"?>
<!-- Generated by org.testng.reporters.JUnitXMLReporter -->
<testsuite ignored="6" hostname="LAPTOP-D3DT1504" failures="1" tests="1" name="Default test" time="21.763" errors="0" timestamp="2022-03-20T23:24:35 EDT">
  <testcase classname="Testlayer.Shoppingcart" name="@AfterMethod close" time="0.005">
    <failure type="java.lang.StackOverflowError">
      <![CDATA[java.lang.StackOverflowError
at Testlayer.Shoppingcart.close(Shoppingcart.java:109)
at Testlayer.Shoppingcart.close(Shoppingcart.java:109)
at Testlayer.Shoppingcart.close(Shoppingcart.java:109)
at Testlayer.Shoppingcart.close(Shoppingcart.java:109)
at Testlayer.Shoppingcart.close(Shoppingcart.java:109)
at Testlayer.Shoppingcart.close(Shoppingcart.java:109)
at Testlayer.Shoppingcart.close(Shoppingcart.java:109)
at Testlayer.Shoppingcart.close(Shoppingcart.java:109)
at Testlayer.Shoppingcart.close(Shoppingcart.java:109)
at Testlayer.Shoppingcart.close(Shoppingcart.java:109)
at Testlayer.Shoppingcart.close(Shoppingcart.java:109)
at Testlayer.Shoppingcart.close(Shoppingcart.java:109)
at Testlayer.Shoppingcart.close(Shoppingcart.java:109)
at Testlayer.Shoppingcart.close(Shoppingcart.java:109)
at Testlayer.Shoppingcart.close(Shoppingcart.java:109)
at Testlayer.Shoppingcart.close(Shoppingcart.java:109)
at Testlayer.Shoppingcart.close(Shoppingcart.java:109)
at Testlayer.Shoppingcart.close(Shoppingcart.java:109)
at Testlayer.Shoppingcart.close(Shoppingcart.java:109)
at Testlayer.Shoppingcart.close(Shoppingcart.java:109)
at Testlayer.Shoppingcart.close(Shoppingcart.java:109)
at Testlayer.Shoppingcart.close(Shoppingcart.java:109)
at Testlayer.Shoppingcart.close(Shoppingcart.java:109)
at Testlayer.Shoppingcart.close(Shoppingcart.java:109)
at Testlayer.Shoppingcart.close(Shoppingcart.java:109)
at Testlayer.Shoppingcart.close(Shoppingcart.java:109)
at Testlayer.Shoppingcart.close(Shoppingcart.java:109)
at Testlayer.Shoppingcart.close(Shoppingcart.java:109)
at Testlayer.Shoppingcart.close(Shoppingcart.java:109)
at Testlayer.Shoppingcart.close(Shoppingcart.java:109)
at Testlayer.Shoppingcart.close(Shoppingcart.java:109)
at Testlayer.Shoppingcart.close(Shoppingcart.java:109)
at Testlayer.Shoppingcart.close(Shoppingcart.java:109)
at Testlayer.Shoppingcart.close(Shoppingcart.java:109)
at Testlayer.Shoppingcart.close(Shoppingcart.java:109)
at Testlayer.Shoppingcart.close(Shoppingcart.java:109)
at Testlayer.Shoppingcart.close(Shoppingcart.java:109)
at Testlayer.Shoppingcart.close(Shoppingcart.java:109)
at Testlayer.Shoppingcart.close(Shoppingcart.java:109)
at Testlayer.Shoppingcart.close(Shoppingcart.java:109)
at Testlayer.Shoppingcart.close(Shoppingcart.java:109)
at Testlayer.Shoppingcart.close(Shoppingcart.java:109)
at Testlayer.Shoppingcart.close(Shoppingcart.java:109)
at Testlayer.Shoppingcart.close(Shoppingcart.java:109)
at Testlayer.Shoppingcart.close(Shoppingcart.java:109)
at Testlayer.Shoppingcart.close(Shoppingcart.java:109)
at Testlayer.Shoppingcart.close(Shoppingcart.java:109)
at Testlayer.Shoppingcart.close(Shoppingcart.java:109)
at Testlayer.Shoppingcart.close(Shoppingcart.java:109)
at Testlayer.Shoppingcart.close(Shoppingcart.java:109)
at Testlayer.Shoppingcart.close(Shoppingcart.java:109)
at Testlayer.Shoppingcart.close(Shoppingcart.java:109)
at Testlayer.Shoppingcart.close(Shoppingcart.java:109)
at Testlayer.Shoppingcart.close(Shoppingcart.java:109)
at Testlayer.Shoppingcart.close(Shoppingcart.java:109)
at Testlayer.Shoppingcart.close(Shoppingcart.java:109)
at Testlayer.Shoppingcart.close(Shoppingcart.java:109)
at Testlayer.Shoppingcart.close(Shoppingcart.java:109)
at Testlayer.Shoppingcart.close(Shoppingcart.java:109)
at Testlayer.Shoppingcart.close(Shoppingcart.java:109)
at Testlayer.Shoppingcart.close(Shoppingcart.java:109)
at Testlayer.Shoppingcart.close(Shoppingcart.java:109)
at Testlayer.Shoppingcart.close(Shoppingcart.java:109)
at Testlayer.Shoppingcart.close(Shoppingcart.java:109)
at Testlayer.Shoppingcart.close(Shoppingcart.java:109)
at Testlayer.Shoppingcart.close(Shoppingcart.java:109)
at Testlayer.Shoppingcart.close(Shoppingcart.java:109)
at Testlayer.Shoppingcart.close(Shoppingcart.java:109)
at Testlayer.Shoppingcart.close(Shoppingcart.java:109)
at Testlayer.Shoppingcart.close(Shoppingcart.java:109)
at Testlayer.Shoppingcart.close(Shoppingcart.java:109)
at Testlayer.Shoppingcart.close(Shoppingcart.java:109)
at Testlayer.Shoppingcart.close(Shoppingcart.java:109)
at Testlayer.Shoppingcart.close(Shoppingcart.java:109)
at Testlayer.Shoppingcart.close(Shoppingcart.java:109)
at Testlayer.Shoppingcart.close(Shoppingcart.java:109)
at Testlayer.Shoppingcart.close(Shoppingcart.java:109)
at Testlayer.Shoppingcart.close(Shoppingcart.java:109)
at Testlayer.Shoppingcart.close(Shoppingcart.java:109)
at Testlayer.Shoppingcart.close(Shoppingcart.java:109)
at Testlayer.Shoppingcart.close(Shoppingcart.java:109)
at Testlayer.Shoppingcart.close(Shoppingcart.java:109)
at Testlayer.Shoppingcart.close(Shoppingcart.java:109)
at Testlayer.Shoppingcart.close(Shoppingcart.java:109)
at Testlayer.Shoppingcart.close(Shoppingcart.java:109)
at Testlayer.Shoppingcart.close(Shoppingcart.java:109)
at Testlayer.Shoppingcart.close(Shoppingcart.java:109)
at Testlayer.Shoppingcart.close(Shoppingcart.java:109)
at Testlayer.Shoppingcart.close(Shoppingcart.java:109)
at Testlayer.Shoppingcart.close(Shoppingcart.java:109)
at Testlayer.Shoppingcart.close(Shoppingcart.java:109)
at Testlayer.Shoppingcart.close(Shoppingcart.java:109)
at Testlayer.Shoppingcart.close(Shoppingcart.java:109)
at Testlayer.Shoppingcart.close(Shoppingcart.java:109)
at Testlayer.Shoppingcart.close(Shoppingcart.java:109)
at Testlayer.Shoppingcart.close(Shoppingcart.java:109)
at Testlayer.Shoppingcart.close(Shoppingcart.java:109)
at Testlayer.Shoppingcart.close(Shoppingcart.java:109)
at Testlayer.Shoppingcart.close(Shoppingcart.java:109)
at Testlayer.Shoppingcart.close(Shoppingcart.java:109)
at Testlayer.Shoppingcart.close(Shoppingcart.java:109)
at Testlayer.Shoppingcart.close(Shoppingcart.java:109)
at Testlayer.Shoppingcart.close(Shoppingcart.java:109)
at Testlayer.Shoppingcart.close(Shoppingcart.java:109)
at Testlayer.Shoppingcart.close(Shoppingcart.java:109)
at Testlayer.Shoppingcart.close(Shoppingcart.java:109)
at Testlayer.Shoppingcart.close(Shoppingcart.java:109)
at Testlayer.Shoppingcart.close(Shoppingcart.java:109)
at Testlayer.Shoppingcart.close(Shoppingcart.java:109)
at Testlayer.Shoppingcart.close(Shoppingcart.java:109)
at Testlayer.Shoppingcart.close(Shoppingcart.java:109)
at Testlayer.Shoppingcart.close(Shoppingcart.java:109)
at Testlayer.Shoppingcart.close(Shoppingcart.java:109)
at Testlayer.Shoppingcart.close(Shoppingcart.java:109)
at Testlayer.Shoppingcart.close(Shoppingcart.java:109)
at Testlayer.Shoppingcart.close(Shoppingcart.java:109)
at Testlayer.Shoppingcart.close(Shoppingcart.java:109)
at Testlayer.Shoppingcart.close(Shoppingcart.java:109)
at Testlayer.Shoppingcart.close(Shoppingcart.java:109)
at Testlayer.Shoppingcart.close(Shoppingcart.java:109)
at Testlayer.Shoppingcart.close(Shoppingcart.java:109)
at Testlayer.Shoppingcart.close(Shoppingcart.java:109)
at Testlayer.Shoppingcart.close(Shoppingcart.java:109)
at Testlayer.Shoppingcart.close(Shoppingcart.java:109)
at Testlayer.Shoppingcart.close(Shoppingcart.java:109)
at Testlayer.Shoppingcart.close(Shoppingcart.java:109)
at Testlayer.Shoppingcart.close(Shoppingcart.java:109)
at Testlayer.Shoppingcart.close(Shoppingcart.java:109)
at Testlayer.Shoppingcart.close(Shoppingcart.java:109)
at Testlayer.Shoppingcart.close(Shoppingcart.java:109)
at Testlayer.Shoppingcart.close(Shoppingcart.java:109)
at Testlayer.Shoppingcart.close(Shoppingcart.java:109)
at Testlayer.Shoppingcart.close(Shoppingcart.java:109)
at Testlayer.Shoppingcart.close(Shoppingcart.java:109)
at Testlayer.Shoppingcart.close(Shoppingcart.java:109)
at Testlayer.Shoppingcart.close(Shoppingcart.java:109)
at Testlayer.Shoppingcart.close(Shoppingcart.java:109)
at Testlayer.Shoppingcart.close(Shoppingcart.java:109)
at Testlayer.Shoppingcart.close(Shoppingcart.java:109)
at Testlayer.Shoppingcart.close(Shoppingcart.java:109)
at Testlayer.Shoppingcart.close(Shoppingcart.java:109)
at Testlayer.Shoppingcart.close(Shoppingcart.java:109)
at Testlayer.Shoppingcart.close(Shoppingcart.java:109)
at Testlayer.Shoppingcart.close(Shoppingcart.java:109)
at Testlayer.Shoppingcart.close(Shoppingcart.java:109)
at Testlayer.Shoppingcart.close(Shoppingcart.java:109)
at Testlayer.Shoppingcart.close(Shoppingcart.java:109)
at Testlayer.Shoppingcart.close(Shoppingcart.java:109)
at Testlayer.Shoppingcart.close(Shoppingcart.java:109)
at Testlayer.Shoppingcart.close(Shoppingcart.java:109)
at Testlayer.Shoppingcart.close(Shoppingcart.java:109)
at Testlayer.Shoppingcart.close(Shoppingcart.java:109)
at Testlayer.Shoppingcart.close(Shoppingcart.java:109)
at Testlayer.Shoppingcart.close(Shoppingcart.java:109)
at Testlayer.Shoppingcart.close(Shoppingcart.java:109)
at Testlayer.Shoppingcart.close(Shoppingcart.java:109)
at Testlayer.Shoppingcart.close(Shoppingcart.java:109)
at Testlayer.Shoppingcart.close(Shoppingcart.java:109)
at Testlayer.Shoppingcart.close(Shoppingcart.java:109)
at Testlayer.Shoppingcart.close(Shoppingcart.java:109)
at Testlayer.Shoppingcart.close(Shoppingcart.java:109)
at Testlayer.Shoppingcart.close(Shoppingcart.java:109)
at Testlayer.Shoppingcart.close(Shoppingcart.java:109)
at Testlayer.Shoppingcart.close(Shoppingcart.java:109)
at Testlayer.Shoppingcart.close(Shoppingcart.java:109)
at Testlayer.Shoppingcart.close(Shoppingcart.java:109)
at Testlayer.Shoppingcart.close(Shoppingcart.java:109)
at Testlayer.Shoppingcart.close(Shoppingcart.java:109)
at Testlayer.Shoppingcart.close(Shoppingcart.java:109)
at Testlayer.Shoppingcart.close(Shoppingcart.java:109)
at Testlayer.Shoppingcart.close(Shoppingcart.java:109)
at Testlayer.Shoppingcart.close(Shoppingcart.java:109)
at Testlayer.Shoppingcart.close(Shoppingcart.java:109)
at Testlayer.Shoppingcart.close(Shoppingcart.java:109)
at Testlayer.Shoppingcart.close(Shoppingcart.java:109)
at Testlayer.Shoppingcart.close(Shoppingcart.java:109)
at Testlayer.Shoppingcart.close(Shoppingcart.java:109)
at Testlayer.Shoppingcart.close(Shoppingcart.java:109)
at Testlayer.Shoppingcart.close(Shoppingcart.java:109)
at Testlayer.Shoppingcart.close(Shoppingcart.java:109)
at Testlayer.Shoppingcart.close(Shoppingcart.java:109)
at Testlayer.Shoppingcart.close(Shoppingcart.java:109)
at Testlayer.Shoppingcart.close(Shoppingcart.java:109)
at Testlayer.Shoppingcart.close(Shoppingcart.java:109)
at Testlayer.Shoppingcart.close(Shoppingcart.java:109)
at Testlayer.Shoppingcart.close(Shoppingcart.java:109)
at Testlayer.Shoppingcart.close(Shoppingcart.java:109)
at Testlayer.Shoppingcart.close(Shoppingcart.java:109)
at Testlayer.Shoppingcart.close(Shoppingcart.java:109)
at Testlayer.Shoppingcart.close(Shoppingcart.java:109)
at Testlayer.Shoppingcart.close(Shoppingcart.java:109)
at Testlayer.Shoppingcart.close(Shoppingcart.java:109)
at Testlayer.Shoppingcart.close(Shoppingcart.java:109)
at Testlayer.Shoppingcart.close(Shoppingcart.java:109)
at Testlayer.Shoppingcart.close(Shoppingcart.java:109)
at Testlayer.Shoppingcart.close(Shoppingcart.java:109)
at Testlayer.Shoppingcart.close(Shoppingcart.java:109)
at Testlayer.Shoppingcart.close(Shoppingcart.java:109)
at Testlayer.Shoppingcart.close(Shoppingcart.java:109)
at Testlayer.Shoppingcart.close(Shoppingcart.java:109)
at Testlayer.Shoppingcart.close(Shoppingcart.java:109)
at Testlayer.Shoppingcart.close(Shoppingcart.java:109)
at Testlayer.Shoppingcart.close(Shoppingcart.java:109)
at Testlayer.Shoppingcart.close(Shoppingcart.java:109)
at Testlayer.Shoppingcart.close(Shoppingcart.java:109)
at Testlayer.Shoppingcart.close(Shoppingcart.java:109)
at Testlayer.Shoppingcart.close(Shoppingcart.java:109)
at Testlayer.Shoppingcart.close(Shoppingcart.java:109)
at Testlayer.Shoppingcart.close(Shoppingcart.java:109)
at Testlayer.Shoppingcart.close(Shoppingcart.java:109)
at Testlayer.Shoppingcart.close(Shoppingcart.java:109)
at Testlayer.Shoppingcart.close(Shoppingcart.java:109)
at Testlayer.Shoppingcart.close(Shoppingcart.java:109)
at Testlayer.Shoppingcart.close(Shoppingcart.java:109)
at Testlayer.Shoppingcart.close(Shoppingcart.java:109)
at Testlayer.Shoppingcart.close(Shoppingcart.java:109)
at Testlayer.Shoppingcart.close(Shoppingcart.java:109)
at Testlayer.Shoppingcart.close(Shoppingcart.java:109)
at Testlayer.Shoppingcart.close(Shoppingcart.java:109)
at Testlayer.Shoppingcart.close(Shoppingcart.java:109)
at Testlayer.Shoppingcart.close(Shoppingcart.java:109)
at Testlayer.Shoppingcart.close(Shoppingcart.java:109)
at Testlayer.Shoppingcart.close(Shoppingcart.java:109)
at Testlayer.Shoppingcart.close(Shoppingcart.java:109)
at Testlayer.Shoppingcart.close(Shoppingcart.java:109)
at Testlayer.Shoppingcart.close(Shoppingcart.java:109)
at Testlayer.Shoppingcart.close(Shoppingcart.java:109)
at Testlayer.Shoppingcart.close(Shoppingcart.java:109)
at Testlayer.Shoppingcart.close(Shoppingcart.java:109)
at Testlayer.Shoppingcart.close(Shoppingcart.java:109)
at Testlayer.Shoppingcart.close(Shoppingcart.java:109)
at Testlayer.Shoppingcart.close(Shoppingcart.java:109)
at Testlayer.Shoppingcart.close(Shoppingcart.java:109)
at Testlayer.Shoppingcart.close(Shoppingcart.java:109)
at Testlayer.Shoppingcart.close(Shoppingcart.java:109)
at Testlayer.Shoppingcart.close(Shoppingcart.java:109)
at Testlayer.Shoppingcart.close(Shoppingcart.java:109)
at Testlayer.Shoppingcart.close(Shoppingcart.java:109)
at Testlayer.Shoppingcart.close(Shoppingcart.java:109)
at Testlayer.Shoppingcart.close(Shoppingcart.java:109)
at Testlayer.Shoppingcart.close(Shoppingcart.java:109)
at Testlayer.Shoppingcart.close(Shoppingcart.java:109)
at Testlayer.Shoppingcart.close(Shoppingcart.java:109)
at Testlayer.Shoppingcart.close(Shoppingcart.java:109)
at Testlayer.Shoppingcart.close(Shoppingcart.java:109)
at Testlayer.Shoppingcart.close(Shoppingcart.java:109)
at Testlayer.Shoppingcart.close(Shoppingcart.java:109)
at Testlayer.Shoppingcart.close(Shoppingcart.java:109)
at Testlayer.Shoppingcart.close(Shoppingcart.java:109)
at Testlayer.Shoppingcart.close(Shoppingcart.java:109)
at Testlayer.Shoppingcart.close(Shoppingcart.java:109)
at Testlayer.Shoppingcart.close(Shoppingcart.java:109)
at Testlayer.Shoppingcart.close(Shoppingcart.java:109)
at Testlayer.Shoppingcart.close(Shoppingcart.java:109)
at Testlayer.Shoppingcart.close(Shoppingcart.java:109)
at Testlayer.Shoppingcart.close(Shoppingcart.java:109)
at Testlayer.Shoppingcart.close(Shoppingcart.java:109)
at Testlayer.Shoppingcart.close(Shoppingcart.java:109)
at Testlayer.Shoppingcart.close(Shoppingcart.java:109)
at Testlayer.Shoppingcart.close(Shoppingcart.java:109)
at Testlayer.Shoppingcart.close(Shoppingcart.java:109)
at Testlayer.Shoppingcart.close(Shoppingcart.java:109)
at Testlayer.Shoppingcart.close(Shoppingcart.java:109)
at Testlayer.Shoppingcart.close(Shoppingcart.java:109)
at Testlayer.Shoppingcart.close(Shoppingcart.java:109)
at Testlayer.Shoppingcart.close(Shoppingcart.java:109)
at Testlayer.Shoppingcart.close(Shoppingcart.java:109)
at Testlayer.Shoppingcart.close(Shoppingcart.java:109)
at Testlayer.Shoppingcart.close(Shoppingcart.java:109)
at Testlayer.Shoppingcart.close(Shoppingcart.java:109)
at Testlayer.Shoppingcart.close(Shoppingcart.java:109)
at Testlayer.Shoppingcart.close(Shoppingcart.java:109)
at Testlayer.Shoppingcart.close(Shoppingcart.java:109)
at Testlayer.Shoppingcart.close(Shoppingcart.java:109)
at Testlayer.Shoppingcart.close(Shoppingcart.java:109)
at Testlayer.Shoppingcart.close(Shoppingcart.java:109)
at Testlayer.Shoppingcart.close(Shoppingcart.java:109)
at Testlayer.Shoppingcart.close(Shoppingcart.java:109)
at Testlayer.Shoppingcart.close(Shoppingcart.java:109)
at Testlayer.Shoppingcart.close(Shoppingcart.java:109)
at Testlayer.Shoppingcart.close(Shoppingcart.java:109)
at Testlayer.Shoppingcart.close(Shoppingcart.java:109)
at Testlayer.Shoppingcart.close(Shoppingcart.java:109)
at Testlayer.Shoppingcart.close(Shoppingcart.java:109)
at Testlayer.Shoppingcart.close(Shoppingcart.java:109)
at Testlayer.Shoppingcart.close(Shoppingcart.java:109)
at Testlayer.Shoppingcart.close(Shoppingcart.java:109)
at Testlayer.Shoppingcart.close(Shoppingcart.java:109)
at Testlayer.Shoppingcart.close(Shoppingcart.java:109)
at Testlayer.Shoppingcart.close(Shoppingcart.java:109)
at Testlayer.Shoppingcart.close(Shoppingcart.java:109)
at Testlayer.Shoppingcart.close(Shoppingcart.java:109)
at Testlayer.Shoppingcart.close(Shoppingcart.java:109)
at Testlayer.Shoppingcart.close(Shoppingcart.java:109)
at Testlayer.Shoppingcart.close(Shoppingcart.java:109)
at Testlayer.Shoppingcart.close(Shoppingcart.java:109)
at Testlayer.Shoppingcart.close(Shoppingcart.java:109)
at Testlayer.Shoppingcart.close(Shoppingcart.java:109)
at Testlayer.Shoppingcart.close(Shoppingcart.java:109)
at Testlayer.Shoppingcart.close(Shoppingcart.java:109)
at Testlayer.Shoppingcart.close(Shoppingcart.java:109)
at Testlayer.Shoppingcart.close(Shoppingcart.java:109)
at Testlayer.Shoppingcart.close(Shoppingcart.java:109)
at Testlayer.Shoppingcart.close(Shoppingcart.java:109)
at Testlayer.Shoppingcart.close(Shoppingcart.java:109)
at Testlayer.Shoppingcart.close(Shoppingcart.java:109)
at Testlayer.Shoppingcart.close(Shoppingcart.java:109)
at Testlayer.Shoppingcart.close(Shoppingcart.java:109)
at Testlayer.Shoppingcart.close(Shoppingcart.java:109)
at Testlayer.Shoppingcart.close(Shoppingcart.java:109)
at Testlayer.Shoppingcart.close(Shoppingcart.java:109)
at Testlayer.Shoppingcart.close(Shoppingcart.java:109)
at Testlayer.Shoppingcart.close(Shoppingcart.java:109)
at Testlayer.Shoppingcart.close(Shoppingcart.java:109)
at Testlayer.Shoppingcart.close(Shoppingcart.java:109)
at Testlayer.Shoppingcart.close(Shoppingcart.java:109)
at Testlayer.Shoppingcart.close(Shoppingcart.java:109)
at Testlayer.Shoppingcart.close(Shoppingcart.java:109)
at Testlayer.Shoppingcart.close(Shoppingcart.java:109)
at Testlayer.Shoppingcart.close(Shoppingcart.java:109)
at Testlayer.Shoppingcart.close(Shoppingcart.java:109)
at Testlayer.Shoppingcart.close(Shoppingcart.java:109)
at Testlayer.Shoppingcart.close(Shoppingcart.java:109)
at Testlayer.Shoppingcart.close(Shoppingcart.java:109)
at Testlayer.Shoppingcart.close(Shoppingcart.java:109)
at Testlayer.Shoppingcart.close(Shoppingcart.java:109)
at Testlayer.Shoppingcart.close(Shoppingcart.java:109)
at Testlayer.Shoppingcart.close(Shoppingcart.java:109)
at Testlayer.Shoppingcart.close(Shoppingcart.java:109)
at Testlayer.Shoppingcart.close(Shoppingcart.java:109)
at Testlayer.Shoppingcart.close(Shoppingcart.java:109)
at Testlayer.Shoppingcart.close(Shoppingcart.java:109)
at Testlayer.Shoppingcart.close(Shoppingcart.java:109)
at Testlayer.Shoppingcart.close(Shoppingcart.java:109)
at Testlayer.Shoppingcart.close(Shoppingcart.java:109)
at Testlayer.Shoppingcart.close(Shoppingcart.java:109)
at Testlayer.Shoppingcart.close(Shoppingcart.java:109)
at Testlayer.Shoppingcart.close(Shoppingcart.java:109)
at Testlayer.Shoppingcart.close(Shoppingcart.java:109)
at Testlayer.Shoppingcart.close(Shoppingcart.java:109)
at Testlayer.Shoppingcart.close(Shoppingcart.java:109)
at Testlayer.Shoppingcart.close(Shoppingcart.java:109)
at Testlayer.Shoppingcart.close(Shoppingcart.java:109)
at Testlayer.Shoppingcart.close(Shoppingcart.java:109)
at Testlayer.Shoppingcart.close(Shoppingcart.java:109)
at Testlayer.Shoppingcart.close(Shoppingcart.java:109)
at Testlayer.Shoppingcart.close(Shoppingcart.java:109)
at Testlayer.Shoppingcart.close(Shoppingcart.java:109)
at Testlayer.Shoppingcart.close(Shoppingcart.java:109)
at Testlayer.Shoppingcart.close(Shoppingcart.java:109)
at Testlayer.Shoppingcart.close(Shoppingcart.java:109)
at Testlayer.Shoppingcart.close(Shoppingcart.java:109)
at Testlayer.Shoppingcart.close(Shoppingcart.java:109)
at Testlayer.Shoppingcart.close(Shoppingcart.java:109)
at Testlayer.Shoppingcart.close(Shoppingcart.java:109)
at Testlayer.Shoppingcart.close(Shoppingcart.java:109)
at Testlayer.Shoppingcart.close(Shoppingcart.java:109)
at Testlayer.Shoppingcart.close(Shoppingcart.java:109)
at Testlayer.Shoppingcart.close(Shoppingcart.java:109)
at Testlayer.Shoppingcart.close(Shoppingcart.java:109)
at Testlayer.Shoppingcart.close(Shoppingcart.java:109)
at Testlayer.Shoppingcart.close(Shoppingcart.java:109)
at Testlayer.Shoppingcart.close(Shoppingcart.java:109)
at Testlayer.Shoppingcart.close(Shoppingcart.java:109)
at Testlayer.Shoppingcart.close(Shoppingcart.java:109)
at Testlayer.Shoppingcart.close(Shoppingcart.java:109)
at Testlayer.Shoppingcart.close(Shoppingcart.java:109)
at Testlayer.Shoppingcart.close(Shoppingcart.java:109)
at Testlayer.Shoppingcart.close(Shoppingcart.java:109)
at Testlayer.Shoppingcart.close(Shoppingcart.java:109)
at Testlayer.Shoppingcart.close(Shoppingcart.java:109)
at Testlayer.Shoppingcart.close(Shoppingcart.java:109)
at Testlayer.Shoppingcart.close(Shoppingcart.java:109)
at Testlayer.Shoppingcart.close(Shoppingcart.java:109)
at Testlayer.Shoppingcart.close(Shoppingcart.java:109)
at Testlayer.Shoppingcart.close(Shoppingcart.java:109)
at Testlayer.Shoppingcart.close(Shoppingcart.java:109)
at Testlayer.Shoppingcart.close(Shoppingcart.java:109)
at Testlayer.Shoppingcart.close(Shoppingcart.java:109)
at Testlayer.Shoppingcart.close(Shoppingcart.java:109)
at Testlayer.Shoppingcart.close(Shoppingcart.java:109)
at Testlayer.Shoppingcart.close(Shoppingcart.java:109)
at Testlayer.Shoppingcart.close(Shoppingcart.java:109)
at Testlayer.Shoppingcart.close(Shoppingcart.java:109)
at Testlayer.Shoppingcart.close(Shoppingcart.java:109)
at Testlayer.Shoppingcart.close(Shoppingcart.java:109)
at Testlayer.Shoppingcart.close(Shoppingcart.java:109)
at Testlayer.Shoppingcart.close(Shoppingcart.java:109)
at Testlayer.Shoppingcart.close(Shoppingcart.java:109)
at Testlayer.Shoppingcart.close(Shoppingcart.java:109)
at Testlayer.Shoppingcart.close(Shoppingcart.java:109)
at Testlayer.Shoppingcart.close(Shoppingcart.java:109)
at Testlayer.Shoppingcart.close(Shoppingcart.java:109)
at Testlayer.Shoppingcart.close(Shoppingcart.java:109)
at Testlayer.Shoppingcart.close(Shoppingcart.java:109)
at Testlayer.Shoppingcart.close(Shoppingcart.java:109)
at Testlayer.Shoppingcart.close(Shoppingcart.java:109)
at Testlayer.Shoppingcart.close(Shoppingcart.java:109)
at Testlayer.Shoppingcart.close(Shoppingcart.java:109)
at Testlayer.Shoppingcart.close(Shoppingcart.java:109)
at Testlayer.Shoppingcart.close(Shoppingcart.java:109)
at Testlayer.Shoppingcart.close(Shoppingcart.java:109)
at Testlayer.Shoppingcart.close(Shoppingcart.java:109)
at Testlayer.Shoppingcart.close(Shoppingcart.java:109)
at Testlayer.Shoppingcart.close(Shoppingcart.java:109)
at Testlayer.Shoppingcart.close(Shoppingcart.java:109)
at Testlayer.Shoppingcart.close(Shoppingcart.java:109)
at Testlayer.Shoppingcart.close(Shoppingcart.java:109)
at Testlayer.Shoppingcart.close(Shoppingcart.java:109)
at Testlayer.Shoppingcart.close(Shoppingcart.java:109)
at Testlayer.Shoppingcart.close(Shoppingcart.java:109)
at Testlayer.Shoppingcart.close(Shoppingcart.java:109)
at Testlayer.Shoppingcart.close(Shoppingcart.java:109)
at Testlayer.Shoppingcart.close(Shoppingcart.java:109)
at Testlayer.Shoppingcart.close(Shoppingcart.java:109)
at Testlayer.Shoppingcart.close(Shoppingcart.java:109)
at Testlayer.Shoppingcart.close(Shoppingcart.java:109)
at Testlayer.Shoppingcart.close(Shoppingcart.java:109)
at Testlayer.Shoppingcart.close(Shoppingcart.java:109)
at Testlayer.Shoppingcart.close(Shoppingcart.java:109)
at Testlayer.Shoppingcart.close(Shoppingcart.java:109)
at Testlayer.Shoppingcart.close(Shoppingcart.java:109)
at Testlayer.Shoppingcart.close(Shoppingcart.java:109)
at Testlayer.Shoppingcart.close(Shoppingcart.java:109)
at Testlayer.Shoppingcart.close(Shoppingcart.java:109)
at Testlayer.Shoppingcart.close(Shoppingcart.java:109)
at Testlayer.Shoppingcart.close(Shoppingcart.java:109)
at Testlayer.Shoppingcart.close(Shoppingcart.java:109)
at Testlayer.Shoppingcart.close(Shoppingcart.java:109)
at Testlayer.Shoppingcart.close(Shoppingcart.java:109)
at Testlayer.Shoppingcart.close(Shoppingcart.java:109)
at Testlayer.Shoppingcart.close(Shoppingcart.java:109)
at Testlayer.Shoppingcart.close(Shoppingcart.java:109)
at Testlayer.Shoppingcart.close(Shoppingcart.java:109)
at Testlayer.Shoppingcart.close(Shoppingcart.java:109)
at Testlayer.Shoppingcart.close(Shoppingcart.java:109)
at Testlayer.Shoppingcart.close(Shoppingcart.java:109)
at Testlayer.Shoppingcart.close(Shoppingcart.java:109)
at Testlayer.Shoppingcart.close(Shoppingcart.java:109)
at Testlayer.Shoppingcart.close(Shoppingcart.java:109)
at Testlayer.Shoppingcart.close(Shoppingcart.java:109)
at Testlayer.Shoppingcart.close(Shoppingcart.java:109)
at Testlayer.Shoppingcart.close(Shoppingcart.java:109)
at Testlayer.Shoppingcart.close(Shoppingcart.java:109)
at Testlayer.Shoppingcart.close(Shoppingcart.java:109)
at Testlayer.Shoppingcart.close(Shoppingcart.java:109)
at Testlayer.Shoppingcart.close(Shoppingcart.java:109)
at Testlayer.Shoppingcart.close(Shoppingcart.java:109)
at Testlayer.Shoppingcart.close(Shoppingcart.java:109)
at Testlayer.Shoppingcart.close(Shoppingcart.java:109)
at Testlayer.Shoppingcart.close(Shoppingcart.java:109)
at Testlayer.Shoppingcart.close(Shoppingcart.java:109)
at Testlayer.Shoppingcart.close(Shoppingcart.java:109)
at Testlayer.Shoppingcart.close(Shoppingcart.java:109)
at Testlayer.Shoppingcart.close(Shoppingcart.java:109)
at Testlayer.Shoppingcart.close(Shoppingcart.java:109)
at Testlayer.Shoppingcart.close(Shoppingcart.java:109)
at Testlayer.Shoppingcart.close(Shoppingcart.java:109)
at Testlayer.Shoppingcart.close(Shoppingcart.java:109)
at Testlayer.Shoppingcart.close(Shoppingcart.java:109)
at Testlayer.Shoppingcart.close(Shoppingcart.java:109)
at Testlayer.Shoppingcart.close(Shoppingcart.java:109)
at Testlayer.Shoppingcart.close(Shoppingcart.java:109)
at Testlayer.Shoppingcart.close(Shoppingcart.java:109)
at Testlayer.Shoppingcart.close(Shoppingcart.java:109)
at Testlayer.Shoppingcart.close(Shoppingcart.java:109)
at Testlayer.Shoppingcart.close(Shoppingcart.java:109)
at Testlayer.Shoppingcart.close(Shoppingcart.java:109)
at Testlayer.Shoppingcart.close(Shoppingcart.java:109)
at Testlayer.Shoppingcart.close(Shoppingcart.java:109)
at Testlayer.Shoppingcart.close(Shoppingcart.java:109)
at Testlayer.Shoppingcart.close(Shoppingcart.java:109)
at Testlayer.Shoppingcart.close(Shoppingcart.java:109)
at Testlayer.Shoppingcart.close(Shoppingcart.java:109)
at Testlayer.Shoppingcart.close(Shoppingcart.java:109)
at Testlayer.Shoppingcart.close(Shoppingcart.java:109)
at Testlayer.Shoppingcart.close(Shoppingcart.java:109)
at Testlayer.Shoppingcart.close(Shoppingcart.java:109)
at Testlayer.Shoppingcart.close(Shoppingcart.java:109)
at Testlayer.Shoppingcart.close(Shoppingcart.java:109)
at Testlayer.Shoppingcart.close(Shoppingcart.java:109)
at Testlayer.Shoppingcart.close(Shoppingcart.java:109)
at Testlayer.Shoppingcart.close(Shoppingcart.java:109)
at Testlayer.Shoppingcart.close(Shoppingcart.java:109)
at Testlayer.Shoppingcart.close(Shoppingcart.java:109)
at Testlayer.Shoppingcart.close(Shoppingcart.java:109)
at Testlayer.Shoppingcart.close(Shoppingcart.java:109)
at Testlayer.Shoppingcart.close(Shoppingcart.java:109)
at Testlayer.Shoppingcart.close(Shoppingcart.java:109)
at Testlayer.Shoppingcart.close(Shoppingcart.java:109)
at Testlayer.Shoppingcart.close(Shoppingcart.java:109)
at Testlayer.Shoppingcart.close(Shoppingcart.java:109)
at Testlayer.Shoppingcart.close(Shoppingcart.java:109)
at Testlayer.Shoppingcart.close(Shoppingcart.java:109)
at Testlayer.Shoppingcart.close(Shoppingcart.java:109)
at Testlayer.Shoppingcart.close(Shoppingcart.java:109)
at Testlayer.Shoppingcart.close(Shoppingcart.java:109)
at Testlayer.Shoppingcart.close(Shoppingcart.java:109)
at Testlayer.Shoppingcart.close(Shoppingcart.java:109)
at Testlayer.Shoppingcart.close(Shoppingcart.java:109)
at Testlayer.Shoppingcart.close(Shoppingcart.java:109)
at Testlayer.Shoppingcart.close(Shoppingcart.java:109)
at Testlayer.Shoppingcart.close(Shoppingcart.java:109)
at Testlayer.Shoppingcart.close(Shoppingcart.java:109)
at Testlayer.Shoppingcart.close(Shoppingcart.java:109)
at Testlayer.Shoppingcart.close(Shoppingcart.java:109)
at Testlayer.Shoppingcart.close(Shoppingcart.java:109)
at Testlayer.Shoppingcart.close(Shoppingcart.java:109)
at Testlayer.Shoppingcart.close(Shoppingcart.java:109)
at Testlayer.Shoppingcart.close(Shoppingcart.java:109)
at Testlayer.Shoppingcart.close(Shoppingcart.java:109)
at Testlayer.Shoppingcart.close(Shoppingcart.java:109)
at Testlayer.Shoppingcart.close(Shoppingcart.java:109)
at Testlayer.Shoppingcart.close(Shoppingcart.java:109)
at Testlayer.Shoppingcart.close(Shoppingcart.java:109)
at Testlayer.Shoppingcart.close(Shoppingcart.java:109)
at Testlayer.Shoppingcart.close(Shoppingcart.java:109)
at Testlayer.Shoppingcart.close(Shoppingcart.java:109)
at Testlayer.Shoppingcart.close(Shoppingcart.java:109)
at Testlayer.Shoppingcart.close(Shoppingcart.java:109)
at Testlayer.Shoppingcart.close(Shoppingcart.java:109)
at Testlayer.Shoppingcart.close(Shoppingcart.java:109)
at Testlayer.Shoppingcart.close(Shoppingcart.java:109)
at Testlayer.Shoppingcart.close(Shoppingcart.java:109)
at Testlayer.Shoppingcart.close(Shoppingcart.java:109)
at Testlayer.Shoppingcart.close(Shoppingcart.java:109)
at Testlayer.Shoppingcart.close(Shoppingcart.java:109)
at Testlayer.Shoppingcart.close(Shoppingcart.java:109)
at Testlayer.Shoppingcart.close(Shoppingcart.java:109)
at Testlayer.Shoppingcart.close(Shoppingcart.java:109)
at Testlayer.Shoppingcart.close(Shoppingcart.java:109)
at Testlayer.Shoppingcart.close(Shoppingcart.java:109)
at Testlayer.Shoppingcart.close(Shoppingcart.java:109)
at Testlayer.Shoppingcart.close(Shoppingcart.java:109)
at Testlayer.Shoppingcart.close(Shoppingcart.java:109)
at Testlayer.Shoppingcart.close(Shoppingcart.java:109)
at Testlayer.Shoppingcart.close(Shoppingcart.java:109)
at Testlayer.Shoppingcart.close(Shoppingcart.java:109)
at Testlayer.Shoppingcart.close(Shoppingcart.java:109)
at Testlayer.Shoppingcart.close(Shoppingcart.java:109)
at Testlayer.Shoppingcart.close(Shoppingcart.java:109)
at Testlayer.Shoppingcart.close(Shoppingcart.java:109)
at Testlayer.Shoppingcart.close(Shoppingcart.java:109)
at Testlayer.Shoppingcart.close(Shoppingcart.java:109)
at Testlayer.Shoppingcart.close(Shoppingcart.java:109)
at Testlayer.Shoppingcart.close(Shoppingcart.java:109)
at Testlayer.Shoppingcart.close(Shoppingcart.java:109)
at Testlayer.Shoppingcart.close(Shoppingcart.java:109)
at Testlayer.Shoppingcart.close(Shoppingcart.java:109)
at Testlayer.Shoppingcart.close(Shoppingcart.java:109)
at Testlayer.Shoppingcart.close(Shoppingcart.java:109)
at Testlayer.Shoppingcart.close(Shoppingcart.java:109)
at Testlayer.Shoppingcart.close(Shoppingcart.java:109)
at Testlayer.Shoppingcart.close(Shoppingcart.java:109)
at Testlayer.Shoppingcart.close(Shoppingcart.java:109)
at Testlayer.Shoppingcart.close(Shoppingcart.java:109)
at Testlayer.Shoppingcart.close(Shoppingcart.java:109)
at Testlayer.Shoppingcart.close(Shoppingcart.java:109)
at Testlayer.Shoppingcart.close(Shoppingcart.java:109)
at Testlayer.Shoppingcart.close(Shoppingcart.java:109)
at Testlayer.Shoppingcart.close(Shoppingcart.java:109)
at Testlayer.Shoppingcart.close(Shoppingcart.java:109)
at Testlayer.Shoppingcart.close(Shoppingcart.java:109)
at Testlayer.Shoppingcart.close(Shoppingcart.java:109)
at Testlayer.Shoppingcart.close(Shoppingcart.java:109)
at Testlayer.Shoppingcart.close(Shoppingcart.java:109)
at Testlayer.Shoppingcart.close(Shoppingcart.java:109)
at Testlayer.Shoppingcart.close(Shoppingcart.java:109)
at Testlayer.Shoppingcart.close(Shoppingcart.java:109)
at Testlayer.Shoppingcart.close(Shoppingcart.java:109)
at Testlayer.Shoppingcart.close(Shoppingcart.java:109)
at Testlayer.Shoppingcart.close(Shoppingcart.java:109)
at Testlayer.Shoppingcart.close(Shoppingcart.java:109)
at Testlayer.Shoppingcart.close(Shoppingcart.java:109)
at Testlayer.Shoppingcart.close(Shoppingcart.java:109)
at Testlayer.Shoppingcart.close(Shoppingcart.java:109)
at Testlayer.Shoppingcart.close(Shoppingcart.java:109)
at Testlayer.Shoppingcart.close(Shoppingcart.java:109)
at Testlayer.Shoppingcart.close(Shoppingcart.java:109)
at Testlayer.Shoppingcart.close(Shoppingcart.java:109)
at Testlayer.Shoppingcart.close(Shoppingcart.java:109)
at Testlayer.Shoppingcart.close(Shoppingcart.java:109)
at Testlayer.Shoppingcart.close(Shoppingcart.java:109)
at Testlayer.Shoppingcart.close(Shoppingcart.java:109)
at Testlayer.Shoppingcart.close(Shoppingcart.java:109)
at Testlayer.Shoppingcart.close(Shoppingcart.java:109)
at Testlayer.Shoppingcart.close(Shoppingcart.java:109)
at Testlayer.Shoppingcart.close(Shoppingcart.java:109)
at Testlayer.Shoppingcart.close(Shoppingcart.java:109)
at Testlayer.Shoppingcart.close(Shoppingcart.java:109)
at Testlayer.Shoppingcart.close(Shoppingcart.java:109)
at Testlayer.Shoppingcart.close(Shoppingcart.java:109)
at Testlayer.Shoppingcart.close(Shoppingcart.java:109)
at Testlayer.Shoppingcart.close(Shoppingcart.java:109)
at Testlayer.Shoppingcart.close(Shoppingcart.java:109)
at Testlayer.Shoppingcart.close(Shoppingcart.java:109)
at Testlayer.Shoppingcart.close(Shoppingcart.java:109)
at Testlayer.Shoppingcart.close(Shoppingcart.java:109)
at Testlayer.Shoppingcart.close(Shoppingcart.java:109)
at Testlayer.Shoppingcart.close(Shoppingcart.java:109)
at Testlayer.Shoppingcart.close(Shoppingcart.java:109)
at Testlayer.Shoppingcart.close(Shoppingcart.java:109)
at Testlayer.Shoppingcart.close(Shoppingcart.java:109)
at Testlayer.Shoppingcart.close(Shoppingcart.java:109)
at Testlayer.Shoppingcart.close(Shoppingcart.java:109)
at Testlayer.Shoppingcart.close(Shoppingcart.java:109)
at Testlayer.Shoppingcart.close(Shoppingcart.java:109)
at Testlayer.Shoppingcart.close(Shoppingcart.java:109)
at Testlayer.Shoppingcart.close(Shoppingcart.java:109)
at Testlayer.Shoppingcart.close(Shoppingcart.java:109)
at Testlayer.Shoppingcart.close(Shoppingcart.java:109)
at Testlayer.Shoppingcart.close(Shoppingcart.java:109)
at Testlayer.Shoppingcart.close(Shoppingcart.java:109)
at Testlayer.Shoppingcart.close(Shoppingcart.java:109)
at Testlayer.Shoppingcart.close(Shoppingcart.java:109)
at Testlayer.Shoppingcart.close(Shoppingcart.java:109)
at Testlayer.Shoppingcart.close(Shoppingcart.java:109)
at Testlayer.Shoppingcart.close(Shoppingcart.java:109)
at Testlayer.Shoppingcart.close(Shoppingcart.java:109)
at Testlayer.Shoppingcart.close(Shoppingcart.java:109)
at Testlayer.Shoppingcart.close(Shoppingcart.java:109)
at Testlayer.Shoppingcart.close(Shoppingcart.java:109)
at Testlayer.Shoppingcart.close(Shoppingcart.java:109)
at Testlayer.Shoppingcart.close(Shoppingcart.java:109)
at Testlayer.Shoppingcart.close(Shoppingcart.java:109)
at Testlayer.Shoppingcart.close(Shoppingcart.java:109)
at Testlayer.Shoppingcart.close(Shoppingcart.java:109)
at Testlayer.Shoppingcart.close(Shoppingcart.java:109)
at Testlayer.Shoppingcart.close(Shoppingcart.java:109)
at Testlayer.Shoppingcart.close(Shoppingcart.java:109)
at Testlayer.Shoppingcart.close(Shoppingcart.java:109)
at Testlayer.Shoppingcart.close(Shoppingcart.java:109)
at Testlayer.Shoppingcart.close(Shoppingcart.java:109)
at Testlayer.Shoppingcart.close(Shoppingcart.java:109)
at Testlayer.Shoppingcart.close(Shoppingcart.java:109)
at Testlayer.Shoppingcart.close(Shoppingcart.java:109)
at Testlayer.Shoppingcart.close(Shoppingcart.java:109)
at Testlayer.Shoppingcart.close(Shoppingcart.java:109)
at Testlayer.Shoppingcart.close(Shoppingcart.java:109)
at Testlayer.Shoppingcart.close(Shoppingcart.java:109)
at Testlayer.Shoppingcart.close(Shoppingcart.java:109)
at Testlayer.Shoppingcart.close(Shoppingcart.java:109)
at Testlayer.Shoppingcart.close(Shoppingcart.java:109)
at Testlayer.Shoppingcart.close(Shoppingcart.java:109)
at Testlayer.Shoppingcart.close(Shoppingcart.java:109)
at Testlayer.Shoppingcart.close(Shoppingcart.java:109)
at Testlayer.Shoppingcart.close(Shoppingcart.java:109)
at Testlayer.Shoppingcart.close(Shoppingcart.java:109)
at Testlayer.Shoppingcart.close(Shoppingcart.java:109)
at Testlayer.Shoppingcart.close(Shoppingcart.java:109)
at Testlayer.Shoppingcart.close(Shoppingcart.java:109)
at Testlayer.Shoppingcart.close(Shoppingcart.java:109)
at Testlayer.Shoppingcart.close(Shoppingcart.java:109)
at Testlayer.Shoppingcart.close(Shoppingcart.java:109)
at Testlayer.Shoppingcart.close(Shoppingcart.java:109)
at Testlayer.Shoppingcart.close(Shoppingcart.java:109)
at Testlayer.Shoppingcart.close(Shoppingcart.java:109)
at Testlayer.Shoppingcart.close(Shoppingcart.java:109)
at Testlayer.Shoppingcart.close(Shoppingcart.java:109)
at Testlayer.Shoppingcart.close(Shoppingcart.java:109)
at Testlayer.Shoppingcart.close(Shoppingcart.java:109)
at Testlayer.Shoppingcart.close(Shoppingcart.java:109)
at Testlayer.Shoppingcart.close(Shoppingcart.java:109)
at Testlayer.Shoppingcart.close(Shoppingcart.java:109)
at Testlayer.Shoppingcart.close(Shoppingcart.java:109)
at Testlayer.Shoppingcart.close(Shoppingcart.java:109)
at Testlayer.Shoppingcart.close(Shoppingcart.java:109)
at Testlayer.Shoppingcart.close(Shoppingcart.java:109)
at Testlayer.Shoppingcart.close(Shoppingcart.java:109)
at Testlayer.Shoppingcart.close(Shoppingcart.java:109)
at Testlayer.Shoppingcart.close(Shoppingcart.java:109)
at Testlayer.Shoppingcart.close(Shoppingcart.java:109)
at Testlayer.Shoppingcart.close(Shoppingcart.java:109)
at Testlayer.Shoppingcart.close(Shoppingcart.java:109)
at Testlayer.Shoppingcart.close(Shoppingcart.java:109)
at Testlayer.Shoppingcart.close(Shoppingcart.java:109)
at Testlayer.Shoppingcart.close(Shoppingcart.java:109)
at Testlayer.Shoppingcart.close(Shoppingcart.java:109)
at Testlayer.Shoppingcart.close(Shoppingcart.java:109)
at Testlayer.Shoppingcart.close(Shoppingcart.java:109)
at Testlayer.Shoppingcart.close(Shoppingcart.java:109)
at Testlayer.Shoppingcart.close(Shoppingcart.java:109)
at Testlayer.Shoppingcart.close(Shoppingcart.java:109)
at Testlayer.Shoppingcart.close(Shoppingcart.java:109)
at Testlayer.Shoppingcart.close(Shoppingcart.java:109)
at Testlayer.Shoppingcart.close(Shoppingcart.java:109)
at Testlayer.Shoppingcart.close(Shoppingcart.java:109)
at Testlayer.Shoppingcart.close(Shoppingcart.java:109)
at Testlayer.Shoppingcart.close(Shoppingcart.java:109)
at Testlayer.Shoppingcart.close(Shoppingcart.java:109)
at Testlayer.Shoppingcart.close(Shoppingcart.java:109)
at Testlayer.Shoppingcart.close(Shoppingcart.java:109)
at Testlayer.Shoppingcart.close(Shoppingcart.java:109)
at Testlayer.Shoppingcart.close(Shoppingcart.java:109)
at Testlayer.Shoppingcart.close(Shoppingcart.java:109)
at Testlayer.Shoppingcart.close(Shoppingcart.java:109)
at Testlayer.Shoppingcart.close(Shoppingcart.java:109)
at Testlayer.Shoppingcart.close(Shoppingcart.java:109)
at Testlayer.Shoppingcart.close(Shoppingcart.java:109)
at Testlayer.Shoppingcart.close(Shoppingcart.java:109)
at Testlayer.Shoppingcart.close(Shoppingcart.java:109)
at Testlayer.Shoppingcart.close(Shoppingcart.java:109)
at Testlayer.Shoppingcart.close(Shoppingcart.java:109)
at Testlayer.Shoppingcart.close(Shoppingcart.java:109)
at Testlayer.Shoppingcart.close(Shoppingcart.java:109)
at Testlayer.Shoppingcart.close(Shoppingcart.java:109)
at Testlayer.Shoppingcart.close(Shoppingcart.java:109)
at Testlayer.Shoppingcart.close(Shoppingcart.java:109)
at Testlayer.Shoppingcart.close(Shoppingcart.java:109)
at Testlayer.Shoppingcart.close(Shoppingcart.java:109)
at Testlayer.Shoppingcart.close(Shoppingcart.java:109)
at Testlayer.Shoppingcart.close(Shoppingcart.java:109)
at Testlayer.Shoppingcart.close(Shoppingcart.java:109)
at Testlayer.Shoppingcart.close(Shoppingcart.java:109)
at Testlayer.Shoppingcart.close(Shoppingcart.java:109)
at Testlayer.Shoppingcart.close(Shoppingcart.java:109)
at Testlayer.Shoppingcart.close(Shoppingcart.java:109)
at Testlayer.Shoppingcart.close(Shoppingcart.java:109)
at Testlayer.Shoppingcart.close(Shoppingcart.java:109)
at Testlayer.Shoppingcart.close(Shoppingcart.java:109)
at Testlayer.Shoppingcart.close(Shoppingcart.java:109)
at Testlayer.Shoppingcart.close(Shoppingcart.java:109)
at Testlayer.Shoppingcart.close(Shoppingcart.java:109)
at Testlayer.Shoppingcart.close(Shoppingcart.java:109)
at Testlayer.Shoppingcart.close(Shoppingcart.java:109)
at Testlayer.Shoppingcart.close(Shoppingcart.java:109)
at Testlayer.Shoppingcart.close(Shoppingcart.java:109)
at Testlayer.Shoppingcart.close(Shoppingcart.java:109)
at Testlayer.Shoppingcart.close(Shoppingcart.java:109)
at Testlayer.Shoppingcart.close(Shoppingcart.java:109)
at Testlayer.Shoppingcart.close(Shoppingcart.java:109)
at Testlayer.Shoppingcart.close(Shoppingcart.java:109)
at Testlayer.Shoppingcart.close(Shoppingcart.java:109)
at Testlayer.Shoppingcart.close(Shoppingcart.java:109)
at Testlayer.Shoppingcart.close(Shoppingcart.java:109)
at Testlayer.Shoppingcart.close(Shoppingcart.java:109)
at Testlayer.Shoppingcart.close(Shoppingcart.java:109)
at Testlayer.Shoppingcart.close(Shoppingcart.java:109)
at Testlayer.Shoppingcart.close(Shoppingcart.java:109)
at Testlayer.Shoppingcart.close(Shoppingcart.java:109)
at Testlayer.Shoppingcart.close(Shoppingcart.java:109)
at Testlayer.Shoppingcart.close(Shoppingcart.java:109)
at Testlayer.Shoppingcart.close(Shoppingcart.java:109)
at Testlayer.Shoppingcart.close(Shoppingcart.java:109)
at Testlayer.Shoppingcart.close(Shoppingcart.java:109)
at Testlayer.Shoppingcart.close(Shoppingcart.java:109)
at Testlayer.Shoppingcart.close(Shoppingcart.java:109)
at Testlayer.Shoppingcart.close(Shoppingcart.java:109)
at Testlayer.Shoppingcart.close(Shoppingcart.java:109)
at Testlayer.Shoppingcart.close(Shoppingcart.java:109)
at Testlayer.Shoppingcart.close(Shoppingcart.java:109)
at Testlayer.Shoppingcart.close(Shoppingcart.java:109)
at Testlayer.Shoppingcart.close(Shoppingcart.java:109)
at Testlayer.Shoppingcart.close(Shoppingcart.java:109)
at Testlayer.Shoppingcart.close(Shoppingcart.java:109)
at Testlayer.Shoppingcart.close(Shoppingcart.java:109)
at Testlayer.Shoppingcart.close(Shoppingcart.java:109)
at Testlayer.Shoppingcart.close(Shoppingcart.java:109)
at Testlayer.Shoppingcart.close(Shoppingcart.java:109)
at Testlayer.Shoppingcart.close(Shoppingcart.java:109)
at Testlayer.Shoppingcart.close(Shoppingcart.java:109)
at Testlayer.Shoppingcart.close(Shoppingcart.java:109)
at Testlayer.Shoppingcart.close(Shoppingcart.java:109)
at Testlayer.Shoppingcart.close(Shoppingcart.java:109)
at Testlayer.Shoppingcart.close(Shoppingcart.java:109)
at Testlayer.Shoppingcart.close(Shoppingcart.java:109)
at Testlayer.Shoppingcart.close(Shoppingcart.java:109)
at Testlayer.Shoppingcart.close(Shoppingcart.java:109)
at Testlayer.Shoppingcart.close(Shoppingcart.java:109)
at Testlayer.Shoppingcart.close(Shoppingcart.java:109)
at Testlayer.Shoppingcart.close(Shoppingcart.java:109)
at Testlayer.Shoppingcart.close(Shoppingcart.java:109)
at Testlayer.Shoppingcart.close(Shoppingcart.java:109)
at Testlayer.Shoppingcart.close(Shoppingcart.java:109)
at Testlayer.Shoppingcart.close(Shoppingcart.java:109)
at Testlayer.Shoppingcart.close(Shoppingcart.java:109)
at Testlayer.Shoppingcart.close(Shoppingcart.java:109)
at Testlayer.Shoppingcart.close(Shoppingcart.java:109)
at Testlayer.Shoppingcart.close(Shoppingcart.java:109)
at Testlayer.Shoppingcart.close(Shoppingcart.java:109)
at Testlayer.Shoppingcart.close(Shoppingcart.java:109)
at Testlayer.Shoppingcart.close(Shoppingcart.java:109)
at Testlayer.Shoppingcart.close(Shoppingcart.java:109)
at Testlayer.Shoppingcart.close(Shoppingcart.java:109)
at Testlayer.Shoppingcart.close(Shoppingcart.java:109)
at Testlayer.Shoppingcart.close(Shoppingcart.java:109)
at Testlayer.Shoppingcart.close(Shoppingcart.java:109)
at Testlayer.Shoppingcart.close(Shoppingcart.java:109)
at Testlayer.Shoppingcart.close(Shoppingcart.java:109)
at Testlayer.Shoppingcart.close(Shoppingcart.java:109)
at Testlayer.Shoppingcart.close(Shoppingcart.java:109)
at Testlayer.Shoppingcart.close(Shoppingcart.java:109)
at Testlayer.Shoppingcart.close(Shoppingcart.java:109)
at Testlayer.Shoppingcart.close(Shoppingcart.java:109)
at Testlayer.Shoppingcart.close(Shoppingcart.java:109)
at Testlayer.Shoppingcart.close(Shoppingcart.java:109)
at Testlayer.Shoppingcart.close(Shoppingcart.java:109)
at Testlayer.Shoppingcart.close(Shoppingcart.java:109)
at Testlayer.Shoppingcart.close(Shoppingcart.java:109)
at Testlayer.Shoppingcart.close(Shoppingcart.java:109)
at Testlayer.Shoppingcart.close(Shoppingcart.java:109)
at Testlayer.Shoppingcart.close(Shoppingcart.java:109)
at Testlayer.Shoppingcart.close(Shoppingcart.java:109)
at Testlayer.Shoppingcart.close(Shoppingcart.java:109)
at Testlayer.Shoppingcart.close(Shoppingcart.java:109)
at Testlayer.Shoppingcart.close(Shoppingcart.java:109)
at Testlayer.Shoppingcart.close(Shoppingcart.java:109)
at Testlayer.Shoppingcart.close(Shoppingcart.java:109)
at Testlayer.Shoppingcart.close(Shoppingcart.java:109)
at Testlayer.Shoppingcart.close(Shoppingcart.java:109)
at Testlayer.Shoppingcart.close(Shoppingcart.java:109)
at Testlayer.Shoppingcart.close(Shoppingcart.java:109)
at Testlayer.Shoppingcart.close(Shoppingcart.java:109)
at Testlayer.Shoppingcart.close(Shoppingcart.java:109)
at Testlayer.Shoppingcart.close(Shoppingcart.java:109)
at Testlayer.Shoppingcart.close(Shoppingcart.java:109)
at Testlayer.Shoppingcart.close(Shoppingcart.java:109)
at Testlayer.Shoppingcart.close(Shoppingcart.java:109)
at Testlayer.Shoppingcart.close(Shoppingcart.java:109)
at Testlayer.Shoppingcart.close(Shoppingcart.java:109)
at Testlayer.Shoppingcart.close(Shoppingcart.java:109)
at Testlayer.Shoppingcart.close(Shoppingcart.java:109)
at Testlayer.Shoppingcart.close(Shoppingcart.java:109)
at Testlayer.Shoppingcart.close(Shoppingcart.java:109)
at Testlayer.Shoppingcart.close(Shoppingcart.java:109)
at Testlayer.Shoppingcart.close(Shoppingcart.java:109)
at Testlayer.Shoppingcart.close(Shoppingcart.java:109)
at Testlayer.Shoppingcart.close(Shoppingcart.java:109)
at Testlayer.Shoppingcart.close(Shoppingcart.java:109)
at Testlayer.Shoppingcart.close(Shoppingcart.java:109)
at Testlayer.Shoppingcart.close(Shoppingcart.java:109)
at Testlayer.Shoppingcart.close(Shoppingcart.java:109)
at Testlayer.Shoppingcart.close(Shoppingcart.java:109)
at Testlayer.Shoppingcart.close(Shoppingcart.java:109)
at Testlayer.Shoppingcart.close(Shoppingcart.java:109)
at Testlayer.Shoppingcart.close(Shoppingcart.java:109)
at Testlayer.Shoppingcart.close(Shoppingcart.java:109)
at Testlayer.Shoppingcart.close(Shoppingcart.java:109)
at Testlayer.Shoppingcart.close(Shoppingcart.java:109)
at Testlayer.Shoppingcart.close(Shoppingcart.java:109)
at Testlayer.Shoppingcart.close(Shoppingcart.java:109)
at Testlayer.Shoppingcart.close(Shoppingcart.java:109)
at Testlayer.Shoppingcart.close(Shoppingcart.java:109)
at Testlayer.Shoppingcart.close(Shoppingcart.java:109)
at Testlayer.Shoppingcart.close(Shoppingcart.java:109)
at Testlayer.Shoppingcart.close(Shoppingcart.java:109)
at Testlayer.Shoppingcart.close(Shoppingcart.java:109)
at Testlayer.Shoppingcart.close(Shoppingcart.java:109)
at Testlayer.Shoppingcart.close(Shoppingcart.java:109)
at Testlayer.Shoppingcart.close(Shoppingcart.java:109)
at Testlayer.Shoppingcart.close(Shoppingcart.java:109)
at Testlayer.Shoppingcart.close(Shoppingcart.java:109)
at Testlayer.Shoppingcart.close(Shoppingcart.java:109)
at Testlayer.Shoppingcart.close(Shoppingcart.java:109)
at Testlayer.Shoppingcart.close(Shoppingcart.java:109)
at Testlayer.Shoppingcart.close(Shoppingcart.java:109)
at Testlayer.Shoppingcart.close(Shoppingcart.java:109)
at Testlayer.Shoppingcart.close(Shoppingcart.java:109)
at Testlayer.Shoppingcart.close(Shoppingcart.java:109)
at Testlayer.Shoppingcart.close(Shoppingcart.java:109)
at Testlayer.Shoppingcart.close(Shoppingcart.java:109)
at Testlayer.Shoppingcart.close(Shoppingcart.java:109)
at Testlayer.Shoppingcart.close(Shoppingcart.java:109)
at Testlayer.Shoppingcart.close(Shoppingcart.java:109)
at Testlayer.Shoppingcart.close(Shoppingcart.java:109)
at Testlayer.Shoppingcart.close(Shoppingcart.java:109)
at Testlayer.Shoppingcart.close(Shoppingcart.java:109)
at Testlayer.Shoppingcart.close(Shoppingcart.java:109)
at Testlayer.Shoppingcart.close(Shoppingcart.java:109)
at Testlayer.Shoppingcart.close(Shoppingcart.java:109)
at Testlayer.Shoppingcart.close(Shoppingcart.java:109)
at Testlayer.Shoppingcart.close(Shoppingcart.java:109)
at Testlayer.Shoppingcart.close(Shoppingcart.java:109)
at Testlayer.Shoppingcart.close(Shoppingcart.java:109)
at Testlayer.Shoppingcart.close(Shoppingcart.java:109)
at Testlayer.Shoppingcart.close(Shoppingcart.java:109)
at Testlayer.Shoppingcart.close(Shoppingcart.java:109)
at Testlayer.Shoppingcart.close(Shoppingcart.java:109)
at Testlayer.Shoppingcart.close(Shoppingcart.java:109)
at Testlayer.Shoppingcart.close(Shoppingcart.java:109)
at Testlayer.Shoppingcart.close(Shoppingcart.java:109)
at Testlayer.Shoppingcart.close(Shoppingcart.java:109)
at Testlayer.Shoppingcart.close(Shoppingcart.java:109)
at Testlayer.Shoppingcart.close(Shoppingcart.java:109)
at Testlayer.Shoppingcart.close(Shoppingcart.java:109)
at Testlayer.Shoppingcart.close(Shoppingcart.java:109)
at Testlayer.Shoppingcart.close(Shoppingcart.java:109)
at Testlayer.Shoppingcart.close(Shoppingcart.java:109)
at Testlayer.Shoppingcart.close(Shoppingcart.java:109)
at Testlayer.Shoppingcart.close(Shoppingcart.java:109)
at Testlayer.Shoppingcart.close(Shoppingcart.java:109)
at Testlayer.Shoppingcart.close(Shoppingcart.java:109)
at Testlayer.Shoppingcart.close(Shoppingcart.java:109)
at Testlayer.Shoppingcart.close(Shoppingcart.java:109)
at Testlayer.Shoppingcart.close(Shoppingcart.java:109)
at Testlayer.Shoppingcart.close(Shoppingcart.java:109)
at Testlayer.Shoppingcart.close(Shoppingcart.java:109)
at Testlayer.Shoppingcart.close(Shoppingcart.java:109)
at Testlayer.Shoppingcart.close(Shoppingcart.java:109)
at Testlayer.Shoppingcart.close(Shoppingcart.java:109)
at Testlayer.Shoppingcart.close(Shoppingcart.java:109)
at Testlayer.Shoppingcart.close(Shoppingcart.java:109)
at Testlayer.Shoppingcart.close(Shoppingcart.java:109)
at Testlayer.Shoppingcart.close(Shoppingcart.java:109)
at Testlayer.Shoppingcart.close(Shoppingcart.java:109)
at Testlayer.Shoppingcart.close(Shoppingcart.java:109)
at Testlayer.Shoppingcart.close(Shoppingcart.java:109)
at Testlayer.Shoppingcart.close(Shoppingcart.java:109)
at Testlayer.Shoppingcart.close(Shoppingcart.java:109)
at Testlayer.Shoppingcart.close(Shoppingcart.java:109)
at Testlayer.Shoppingcart.close(Shoppingcart.java:109)
at Testlayer.Shoppingcart.close(Shoppingcart.java:109)
at Testlayer.Shoppingcart.close(Shoppingcart.java:109)
at Testlayer.Shoppingcart.close(Shoppingcart.java:109)
at Testlayer.Shoppingcart.close(Shoppingcart.java:109)
at Testlayer.Shoppingcart.close(Shoppingcart.java:109)
at Testlayer.Shoppingcart.close(Shoppingcart.java:109)
at Testlayer.Shoppingcart.close(Shoppingcart.java:109)
at Testlayer.Shoppingcart.close(Shoppingcart.java:109)
at Testlayer.Shoppingcart.close(Shoppingcart.java:109)
at Testlayer.Shoppingcart.close(Shoppingcart.java:109)
at Testlayer.Shoppingcart.close(Shoppingcart.java:109)
at Testlayer.Shoppingcart.close(Shoppingcart.java:109)
at Testlayer.Shoppingcart.close(Shoppingcart.java:109)
at Testlayer.Shoppingcart.close(Shoppingcart.java:109)
at Testlayer.Shoppingcart.close(Shoppingcart.java:109)
at Testlayer.Shoppingcart.close(Shoppingcart.java:109)
at Testlayer.Shoppingcart.close(Shoppingcart.java:109)
at Testlayer.Shoppingcart.close(Shoppingcart.java:109)
at Testlayer.Shoppingcart.close(Shoppingcart.java:109)
at Testlayer.Shoppingcart.close(Shoppingcart.java:109)
at Testlayer.Shoppingcart.close(Shoppingcart.java:109)
at Testlayer.Shoppingcart.close(Shoppingcart.java:109)
at Testlayer.Shoppingcart.close(Shoppingcart.java:109)
at Testlayer.Shoppingcart.close(Shoppingcart.java:109)
at Testlayer.Shoppingcart.close(Shoppingcart.java:109)
at Testlayer.Shoppingcart.close(Shoppingcart.java:109)
at Testlayer.Shoppingcart.close(Shoppingcart.java:109)
at Testlayer.Shoppingcart.close(Shoppingcart.java:109)
at Testlayer.Shoppingcart.close(Shoppingcart.java:109)
at Testlayer.Shoppingcart.close(Shoppingcart.java:109)
at Testlayer.Shoppingcart.close(Shoppingcart.java:109)
at Testlayer.Shoppingcart.close(Shoppingcart.java:109)
at Testlayer.Shoppingcart.close(Shoppingcart.java:109)
at Testlayer.Shoppingcart.close(Shoppingcart.java:109)
at Testlayer.Shoppingcart.close(Shoppingcart.java:109)
at Testlayer.Shoppingcart.close(Shoppingcart.java:109)
at Testlayer.Shoppingcart.close(Shoppingcart.java:109)
at Testlayer.Shoppingcart.close(Shoppingcart.java:109)
at Testlayer.Shoppingcart.close(Shoppingcart.java:109)
at Testlayer.Shoppingcart.close(Shoppingcart.java:109)
at Testlayer.Shoppingcart.close(Shoppingcart.java:109)
at Testlayer.Shoppingcart.close(Shoppingcart.java:109)
at Testlayer.Shoppingcart.close(Shoppingcart.java:109)
at Testlayer.Shoppingcart.close(Shoppingcart.java:109)
at Testlayer.Shoppingcart.close(Shoppingcart.java:109)
at Testlayer.Shoppingcart.close(Shoppingcart.java:109)
at Testlayer.Shoppingcart.close(Shoppingcart.java:109)
at Testlayer.Shoppingcart.close(Shoppingcart.java:109)
at Testlayer.Shoppingcart.close(Shoppingcart.java:109)
at Testlayer.Shoppingcart.close(Shoppingcart.java:109)
at Testlayer.Shoppingcart.close(Shoppingcart.java:109)
at Testlayer.Shoppingcart.close(Shoppingcart.java:109)
at Testlayer.Shoppingcart.close(Shoppingcart.java:109)
at Testlayer.Shoppingcart.close(Shoppingcart.java:109)
at Testlayer.Shoppingcart.close(Shoppingcart.java:109)
at Testlayer.Shoppingcart.close(Shoppingcart.java:109)
at Testlayer.Shoppingcart.close(Shoppingcart.java:109)
at Testlayer.Shoppingcart.close(Shoppingcart.java:109)
at Testlayer.Shoppingcart.close(Shoppingcart.java:109)
at Testlayer.Shoppingcart.close(Shoppingcart.java:109)
at Testlayer.Shoppingcart.close(Shoppingcart.java:109)
at Testlayer.Shoppingcart.close(Shoppingcart.java:109)
at Testlayer.Shoppingcart.close(Shoppingcart.java:109)
at Testlayer.Shoppingcart.close(Shoppingcart.java:109)
at Testlayer.Shoppingcart.close(Shoppingcart.java:109)
at Testlayer.Shoppingcart.close(Shoppingcart.java:109)
at Testlayer.Shoppingcart.close(Shoppingcart.java:109)
at Testlayer.Shoppingcart.close(Shoppingcart.java:109)
at Testlayer.Shoppingcart.close(Shoppingcart.java:109)
at Testlayer.Shoppingcart.close(Shoppingcart.java:109)
at Testlayer.Shoppingcart.close(Shoppingcart.java:109)
at Testlayer.Shoppingcart.close(Shoppingcart.java:109)
at Testlayer.Shoppingcart.close(Shoppingcart.java:109)
at Testlayer.Shoppingcart.close(Shoppingcart.java:109)
at Testlayer.Shoppingcart.close(Shoppingcart.java:109)
at Testlayer.Shoppingcart.close(Shoppingcart.java:109)
at Testlayer.Shoppingcart.close(Shoppingcart.java:109)
at Testlayer.Shoppingcart.close(Shoppingcart.java:109)
at Testlayer.Shoppingcart.close(Shoppingcart.java:109)
at Testlayer.Shoppingcart.close(Shoppingcart.java:109)
at Testlayer.Shoppingcart.close(Shoppingcart.java:109)
at Testlayer.Shoppingcart.close(Shoppingcart.java:109)
at Testlayer.Shoppingcart.close(Shoppingcart.java:109)
at Testlayer.Shoppingcart.close(Shoppingcart.java:109)
at Testlayer.Shoppingcart.close(Shoppingcart.java:109)
at Testlayer.Shoppingcart.close(Shoppingcart.java:109)
at Testlayer.Shoppingcart.close(Shoppingcart.java:109)
at Testlayer.Shoppingcart.close(Shoppingcart.java:109)
at Testlayer.Shoppingcart.close(Shoppingcart.java:109)
at Testlayer.Shoppingcart.close(Shoppingcart.java:109)
at Testlayer.Shoppingcart.close(Shoppingcart.java:109)
at Testlayer.Shoppingcart.close(Shoppingcart.java:109)
at Testlayer.Shoppingcart.close(Shoppingcart.java:109)
at Testlayer.Shoppingcart.close(Shoppingcart.java:109)
at Testlayer.Shoppingcart.close(Shoppingcart.java:109)
at Testlayer.Shoppingcart.close(Shoppingcart.java:109)
at Testlayer.Shoppingcart.close(Shoppingcart.java:109)
at Testlayer.Shoppingcart.close(Shoppingcart.java:109)
at Testlayer.Shoppingcart.close(Shoppingcart.java:109)
at Testlayer.Shoppingcart.close(Shoppingcart.java:109)
at Testlayer.Shoppingcart.close(Shoppingcart.java:109)
at Testlayer.Shoppingcart.close(Shoppingcart.java:109)
at Testlayer.Shoppingcart.close(Shoppingcart.java:109)
at Testlayer.Shoppingcart.close(Shoppingcart.java:109)
at Testlayer.Shoppingcart.close(Shoppingcart.java:109)
at Testlayer.Shoppingcart.close(Shoppingcart.java:109)
at Testlayer.Shoppingcart.close(Shoppingcart.java:109)
at Testlayer.Shoppingcart.close(Shoppingcart.java:109)
at Testlayer.Shoppingcart.close(Shoppingcart.java:109)
at Testlayer.Shoppingcart.close(Shoppingcart.java:109)
at Testlayer.Shoppingcart.close(Shoppingcart.java:109)
at Testlayer.Shoppingcart.close(Shoppingcart.java:109)
at Testlayer.Shoppingcart.close(Shoppingcart.java:109)
]]>
    </failure>
  </testcase> <!-- @AfterMethod close -->
  <testcase classname="Testlayer.Shoppingcart" name="@AfterClass complete" time="-1.647833075553E9">
    <skipped/>
  </testcase> <!-- @AfterClass complete -->
  <testcase classname="Testlayer.Shoppingcart" name="TC115additemtocart" time="15.715">
    <failure type="org.openqa.selenium.WebDriverException" message="chrome not reachable
  (Session info: chrome=99.0.4844.74)
Build info: version: &amp;apos;4.1.1&amp;apos;, revision: &amp;apos;e8fcc2cecf&amp;apos;
System info: host: &amp;apos;LAPTOP-D3DT1504&amp;apos;, ip: &amp;apos;192.168.239.1&amp;apos;, os.name: &amp;apos;Windows 10&amp;apos;, os.arch: &amp;apos;amd64&amp;apos;, os.version: &amp;apos;10.0&amp;apos;, java.version: &amp;apos;17.0.1&amp;apos;
Driver info: org.openqa.selenium.chrome.ChromeDriver
Command: [5990bde918b2632ab4839dfeead47b96, executeScript {script=window.scrollTO(0, document.body.scrollHeight), args=[]}]
Capabilities {acceptInsecureCerts: false, browserName: chrome, browserVersion: 99.0.4844.74, chrome: {chromedriverVersion: 98.0.4758.80 (7f0488e8ba0d8..., userDataDir: C:\Users\vikram\AppData\Loc...}, goog:chromeOptions: {debuggerAddress: localhost:55732}, javascriptEnabled: true, networkConnectionEnabled: false, pageLoadStrategy: normal, platform: WINDOWS, platformName: WINDOWS, proxy: Proxy(), se:cdp: ws://localhost:55732/devtoo..., se:cdpVersion: 99.0.4844.74, setWindowRect: true, strictFileInteractability: false, timeouts: {implicit: 0, pageLoad: 300000, script: 30000}, unhandledPromptBehavior: dismiss and notify, webauthn:extension:credBlob: true, webauthn:extension:largeBlob: true, webauthn:virtualAuthenticators: true}
Session ID: 5990bde918b2632ab4839dfeead47b96">
      <![CDATA[org.openqa.selenium.WebDriverException: chrome not reachable
  (Session info: chrome=99.0.4844.74)
Build info: version: '4.1.1', revision: 'e8fcc2cecf'
System info: host: 'LAPTOP-D3DT1504', ip: '192.168.239.1', os.name: 'Windows 10', os.arch: 'amd64', os.version: '10.0', java.version: '17.0.1'
Driver info: org.openqa.selenium.chrome.ChromeDriver
Command: [5990bde918b2632ab4839dfeead47b96, executeScript {script=window.scrollTO(0, document.body.scrollHeight), args=[]}]
Capabilities {acceptInsecureCerts: false, browserName: chrome, browserVersion: 99.0.4844.74, chrome: {chromedriverVersion: 98.0.4758.80 (7f0488e8ba0d8..., userDataDir: C:\Users\vikram\AppData\Loc...}, goog:chromeOptions: {debuggerAddress: localhost:55732}, javascriptEnabled: true, networkConnectionEnabled: false, pageLoadStrategy: normal, platform: WINDOWS, platformName: WINDOWS, proxy: Proxy(), se:cdp: ws://localhost:55732/devtoo..., se:cdpVersion: 99.0.4844.74, setWindowRect: true, strictFileInteractability: false, timeouts: {implicit: 0, pageLoad: 300000, script: 30000}, unhandledPromptBehavior: dismiss and notify, webauthn:extension:credBlob: true, webauthn:extension:largeBlob: true, webauthn:virtualAuthenticators: true}
Session ID: 5990bde918b2632ab4839dfeead47b96
at java.base/jdk.internal.reflect.NativeConstructorAccessorImpl.newInstance0(Native Method)
at java.base/jdk.internal.reflect.NativeConstructorAccessorImpl.newInstance(NativeConstructorAccessorImpl.java:77)
at java.base/jdk.internal.reflect.DelegatingConstructorAccessorImpl.newInstance(DelegatingConstructorAccessorImpl.java:45)
at java.base/java.lang.reflect.Constructor.newInstanceWithCaller(Constructor.java:499)
at java.base/java.lang.reflect.Constructor.newInstance(Constructor.java:480)
at org.openqa.selenium.remote.codec.w3c.W3CHttpResponseCodec.createException(W3CHttpResponseCodec.java:200)
at org.openqa.selenium.remote.codec.w3c.W3CHttpResponseCodec.decode(W3CHttpResponseCodec.java:133)
at org.openqa.selenium.remote.codec.w3c.W3CHttpResponseCodec.decode(W3CHttpResponseCodec.java:53)
at org.openqa.selenium.remote.HttpCommandExecutor.execute(HttpCommandExecutor.java:184)
at org.openqa.selenium.remote.service.DriverCommandExecutor.invokeExecute(DriverCommandExecutor.java:167)
at org.openqa.selenium.remote.service.DriverCommandExecutor.execute(DriverCommandExecutor.java:142)
at org.openqa.selenium.remote.RemoteWebDriver.execute(RemoteWebDriver.java:543)
at org.openqa.selenium.remote.RemoteWebDriver.executeScript(RemoteWebDriver.java:477)
at Base.BaseW.scrolldown(BaseW.java:66)
at Testlayer.Shoppingcart.TC115additemtocart(Shoppingcart.java:39)
at java.base/jdk.internal.reflect.NativeMethodAccessorImpl.invoke0(Native Method)
at java.base/jdk.internal.reflect.NativeMethodAccessorImpl.invoke(NativeMethodAccessorImpl.java:77)
at java.base/jdk.internal.reflect.DelegatingMethodAccessorImpl.invoke(DelegatingMethodAccessorImpl.java:43)
at java.base/java.lang.reflect.Method.invoke(Method.java:568)
at org.testng.internal.MethodInvocationHelper.invokeMethod(MethodInvocationHelper.java:133)
at org.testng.internal.TestInvoker.invokeMethod(TestInvoker.java:598)
at org.testng.internal.TestInvoker.invokeTestMethod(TestInvoker.java:173)
at org.testng.internal.MethodRunner.runInSequence(MethodRunner.java:46)
at org.testng.internal.TestInvoker$MethodInvocationAgent.invoke(TestInvoker.java:824)
at org.testng.internal.TestInvoker.invokeTestMethods(TestInvoker.java:146)
at org.testng.internal.TestMethodWorker.invokeTestMethods(TestMethodWorker.java:146)
at org.testng.internal.TestMethodWorker.run(TestMethodWorker.java:128)
at java.base/java.util.ArrayList.forEach(ArrayList.java:1511)
at org.testng.TestRunner.privateRun(TestRunner.java:794)
at org.testng.TestRunner.run(TestRunner.java:596)
at org.testng.SuiteRunner.runTest(SuiteRunner.java:377)
at org.testng.SuiteRunner.runSequentially(SuiteRunner.java:371)
at org.testng.SuiteRunner.privateRun(SuiteRunner.java:332)
at org.testng.SuiteRunner.run(SuiteRunner.java:276)
at org.testng.SuiteRunnerWorker.runSuite(SuiteRunnerWorker.java:53)
at org.testng.SuiteRunnerWorker.run(SuiteRunnerWorker.java:96)
at org.testng.TestNG.runSuitesSequentially(TestNG.java:1212)
at org.testng.TestNG.runSuitesLocally(TestNG.java:1134)
at org.testng.TestNG.runSuites(TestNG.java:1063)
at org.testng.TestNG.run(TestNG.java:1031)
at org.testng.remote.AbstractRemoteTestNG.run(AbstractRemoteTestNG.java:115)
at org.testng.remote.RemoteTestNG.initAndRun(RemoteTestNG.java:251)
at org.testng.remote.RemoteTestNG.main(RemoteTestNG.java:77)
]]>
    </failure>
  </testcase> <!-- TC115additemtocart -->
  <testcase classname="Testlayer.Shoppingcart" name="TC119Addmultipleitem" time="0.0">
    <ignored/>
  </testcase> <!-- TC119Addmultipleitem -->
  <testcase classname="Testlayer.Shoppingcart" name="TC118decreasequantitiy" time="0.0">
    <ignored/>
  </testcase> <!-- TC118decreasequantitiy -->
  <testcase classname="Testlayer.Shoppingcart" name="TC120Removeoneitem" time="0.0">
    <ignored/>
  </testcase> <!-- TC120Removeoneitem -->
  <testcase classname="Testlayer.Shoppingcart" name="TC117increasequantity" time="0.0">
    <ignored/>
  </testcase> <!-- TC117increasequantity -->
  <testcase classname="Testlayer.Shoppingcart" name="TC116Shoppingcart" time="0.0">
    <ignored/>
  </testcase> <!-- TC116Shoppingcart -->
  <testcase classname="Testlayer.Shoppingcart" name="TC121closebrowser" time="0.0">
    <ignored/>
  </testcase> <!-- TC121closebrowser -->
</testsuite> <!-- Default test -->
