<?xml version="1.0" encoding="UTF-8"?>
<testng-results ignored="6" total="7" passed="0" failed="1" skipped="0">
  <reporter-output>
  </reporter-output>
  <suite started-at="2022-03-20T23:24:13 EDT" name="Default suite" finished-at="2022-03-20T23:24:35 EDT" duration-ms="21763">
    <groups>
    </groups>
    <test started-at="2022-03-20T23:24:13 EDT" name="Default test" finished-at="2022-03-20T23:24:35 EDT" duration-ms="21763">
      <class name="Testlayer.Shoppingcart">
        <test-method is-config="true" signature="initsetup()[pri:0, instance:Testlayer.Shoppingcart@441772e]" started-at="2022-03-20T23:24:13 EDT" name="initsetup" finished-at="2022-03-20T23:24:19 EDT" duration-ms="5983" status="PASS">
          <reporter-output>
          </reporter-output>
        </test-method> <!-- initsetup -->
        <test-method signature="TC115additemtocart()[pri:1, instance:Testlayer.Shoppingcart@441772e]" started-at="2022-03-20T23:24:19 EDT" name="TC115additemtocart" finished-at="2022-03-20T23:24:35 EDT" duration-ms="15715" status="FAIL">
          <exception class="org.openqa.selenium.WebDriverException">
            <message>
              <![CDATA[chrome not reachable
  (Session info: chrome=99.0.4844.74)
Build info: version: '4.1.1', revision: 'e8fcc2cecf'
System info: host: 'LAPTOP-D3DT1504', ip: '192.168.239.1', os.name: 'Windows 10', os.arch: 'amd64', os.version: '10.0', java.version: '17.0.1'
Driver info: org.openqa.selenium.chrome.ChromeDriver
Command: [5990bde918b2632ab4839dfeead47b96, executeScript {script=window.scrollTO(0, document.body.scrollHeight), args=[]}]
Capabilities {acceptInsecureCerts: false, browserName: chrome, browserVersion: 99.0.4844.74, chrome: {chromedriverVersion: 98.0.4758.80 (7f0488e8ba0d8..., userDataDir: C:\Users\vikram\AppData\Loc...}, goog:chromeOptions: {debuggerAddress: localhost:55732}, javascriptEnabled: true, networkConnectionEnabled: false, pageLoadStrategy: normal, platform: WINDOWS, platformName: WINDOWS, proxy: Proxy(), se:cdp: ws://localhost:55732/devtoo..., se:cdpVersion: 99.0.4844.74, setWindowRect: true, strictFileInteractability: false, timeouts: {implicit: 0, pageLoad: 300000, script: 30000}, unhandledPromptBehavior: dismiss and notify, webauthn:extension:credBlob: true, webauthn:extension:largeBlob: true, webauthn:virtualAuthenticators: true}
Session ID: 5990bde918b2632ab4839dfeead47b96]]>
            </message>
            <full-stacktrace>
              <![CDATA[org.openqa.selenium.WebDriverException: chrome not reachable
  (Session info: chrome=99.0.4844.74)
Build info: version: '4.1.1', revision: 'e8fcc2cecf'
System info: host: 'LAPTOP-D3DT1504', ip: '192.168.239.1', os.name: 'Windows 10', os.arch: 'amd64', os.version: '10.0', java.version: '17.0.1'
Driver info: org.openqa.selenium.chrome.ChromeDriver
Command: [5990bde918b2632ab4839dfeead47b96, executeScript {script=window.scrollTO(0, document.body.scrollHeight), args=[]}]
Capabilities {acceptInsecureCerts: false, browserName: chrome, browserVersion: 99.0.4844.74, chrome: {chromedriverVersion: 98.0.4758.80 (7f0488e8ba0d8..., userDataDir: C:\Users\vikram\AppData\Loc...}, goog:chromeOptions: {debuggerAddress: localhost:55732}, javascriptEnabled: true, networkConnectionEnabled: false, pageLoadStrategy: normal, platform: WINDOWS, platformName: WINDOWS, proxy: Proxy(), se:cdp: ws://localhost:55732/devtoo..., se:cdpVersion: 99.0.4844.74, setWindowRect: true, strictFileInteractability: false, timeouts: {implicit: 0, pageLoad: 300000, script: 30000}, unhandledPromptBehavior: dismiss and notify, webauthn:extension:credBlob: true, webauthn:extension:largeBlob: true, webauthn:virtualAuthenticators: true}
Session ID: 5990bde918b2632ab4839dfeead47b96
at java.base/jdk.internal.reflect.NativeConstructorAccessorImpl.newInstance0(Native Method)
at java.base/jdk.internal.reflect.NativeConstructorAccessorImpl.newInstance(NativeConstructorAccessorImpl.java:77)
at java.base/jdk.internal.reflect.DelegatingConstructorAccessorImpl.newInstance(DelegatingConstructorAccessorImpl.java:45)
at java.base/java.lang.reflect.Constructor.newInstanceWithCaller(Constructor.java:499)
at java.base/java.lang.reflect.Constructor.newInstance(Constructor.java:480)
at org.openqa.selenium.remote.codec.w3c.W3CHttpResponseCodec.createException(W3CHttpResponseCodec.java:200)
at org.openqa.selenium.remote.codec.w3c.W3CHttpResponseCodec.decode(W3CHttpResponseCodec.java:133)
at org.openqa.selenium.remote.codec.w3c.W3CHttpResponseCodec.decode(W3CHttpResponseCodec.java:53)
at org.openqa.selenium.remote.HttpCommandExecutor.execute(HttpCommandExecutor.java:184)
at org.openqa.selenium.remote.service.DriverCommandExecutor.invokeExecute(DriverCommandExecutor.java:167)
at org.openqa.selenium.remote.service.DriverCommandExecutor.execute(DriverCommandExecutor.java:142)
at org.openqa.selenium.remote.RemoteWebDriver.execute(RemoteWebDriver.java:543)
at org.openqa.selenium.remote.RemoteWebDriver.executeScript(RemoteWebDriver.java:477)
at Base.BaseW.scrolldown(BaseW.java:66)
at Testlayer.Shoppingcart.TC115additemtocart(Shoppingcart.java:39)
at java.base/jdk.internal.reflect.NativeMethodAccessorImpl.invoke0(Native Method)
at java.base/jdk.internal.reflect.NativeMethodAccessorImpl.invoke(NativeMethodAccessorImpl.java:77)
at java.base/jdk.internal.reflect.DelegatingMethodAccessorImpl.invoke(DelegatingMethodAccessorImpl.java:43)
at java.base/java.lang.reflect.Method.invoke(Method.java:568)
at org.testng.internal.MethodInvocationHelper.invokeMethod(MethodInvocationHelper.java:133)
at org.testng.internal.TestInvoker.invokeMethod(TestInvoker.java:598)
at org.testng.internal.TestInvoker.invokeTestMethod(TestInvoker.java:173)
at org.testng.internal.MethodRunner.runInSequence(MethodRunner.java:46)
at org.testng.internal.TestInvoker$MethodInvocationAgent.invoke(TestInvoker.java:824)
at org.testng.internal.TestInvoker.invokeTestMethods(TestInvoker.java:146)
at org.testng.internal.TestMethodWorker.invokeTestMethods(TestMethodWorker.java:146)
at org.testng.internal.TestMethodWorker.run(TestMethodWorker.java:128)
at java.base/java.util.ArrayList.forEach(ArrayList.java:1511)
at org.testng.TestRunner.privateRun(TestRunner.java:794)
at org.testng.TestRunner.run(TestRunner.java:596)
at org.testng.SuiteRunner.runTest(SuiteRunner.java:377)
at org.testng.SuiteRunner.runSequentially(SuiteRunner.java:371)
at org.testng.SuiteRunner.privateRun(SuiteRunner.java:332)
at org.testng.SuiteRunner.run(SuiteRunner.java:276)
at org.testng.SuiteRunnerWorker.runSuite(SuiteRunnerWorker.java:53)
at org.testng.SuiteRunnerWorker.run(SuiteRunnerWorker.java:96)
at org.testng.TestNG.runSuitesSequentially(TestNG.java:1212)
at org.testng.TestNG.runSuitesLocally(TestNG.java:1134)
at org.testng.TestNG.runSuites(TestNG.java:1063)
at org.testng.TestNG.run(TestNG.java:1031)
at org.testng.remote.AbstractRemoteTestNG.run(AbstractRemoteTestNG.java:115)
at org.testng.remote.RemoteTestNG.initAndRun(RemoteTestNG.java:251)
at org.testng.remote.RemoteTestNG.main(RemoteTestNG.java:77)
]]>
            </full-stacktrace>
          </exception> <!-- org.openqa.selenium.WebDriverException -->
          <reporter-output>
          </reporter-output>
        </test-method> <!-- TC115additemtocart -->
        <test-method is-config="true" signature="close()[pri:0, instance:Testlayer.Shoppingcart@441772e]" started-at="2022-03-20T23:24:35 EDT" name="close" finished-at="2022-03-20T23:24:35 EDT" duration-ms="5" status="FAIL">
          <exception class="java.lang.StackOverflowError">
            <full-stacktrace>
              <![CDATA[java.lang.StackOverflowError
at Testlayer.Shoppingcart.close(Shoppingcart.java:109)
at Testlayer.Shoppingcart.close(Shoppingcart.java:109)
at Testlayer.Shoppingcart.close(Shoppingcart.java:109)
at Testlayer.Shoppingcart.close(Shoppingcart.java:109)
at Testlayer.Shoppingcart.close(Shoppingcart.java:109)
at Testlayer.Shoppingcart.close(Shoppingcart.java:109)
at Testlayer.Shoppingcart.close(Shoppingcart.java:109)
at Testlayer.Shoppingcart.close(Shoppingcart.java:109)
at Testlayer.Shoppingcart.close(Shoppingcart.java:109)
at Testlayer.Shoppingcart.close(Shoppingcart.java:109)
at Testlayer.Shoppingcart.close(Shoppingcart.java:109)
at Testlayer.Shoppingcart.close(Shoppingcart.java:109)
at Testlayer.Shoppingcart.close(Shoppingcart.java:109)
at Testlayer.Shoppingcart.close(Shoppingcart.java:109)
at Testlayer.Shoppingcart.close(Shoppingcart.java:109)
at Testlayer.Shoppingcart.close(Shoppingcart.java:109)
at Testlayer.Shoppingcart.close(Shoppingcart.java:109)
at Testlayer.Shoppingcart.close(Shoppingcart.java:109)
at Testlayer.Shoppingcart.close(Shoppingcart.java:109)
at Testlayer.Shoppingcart.close(Shoppingcart.java:109)
at Testlayer.Shoppingcart.close(Shoppingcart.java:109)
at Testlayer.Shoppingcart.close(Shoppingcart.java:109)
at Testlayer.Shoppingcart.close(Shoppingcart.java:109)
at Testlayer.Shoppingcart.close(Shoppingcart.java:109)
at Testlayer.Shoppingcart.close(Shoppingcart.java:109)
at Testlayer.Shoppingcart.close(Shoppingcart.java:109)
at Testlayer.Shoppingcart.close(Shoppingcart.java:109)
at Testlayer.Shoppingcart.close(Shoppingcart.java:109)
at Testlayer.Shoppingcart.close(Shoppingcart.java:109)
at Testlayer.Shoppingcart.close(Shoppingcart.java:109)
at Testlayer.Shoppingcart.close(Shoppingcart.java:109)
at Testlayer.Shoppingcart.close(Shoppingcart.java:109)
at Testlayer.Shoppingcart.close(Shoppingcart.java:109)
at Testlayer.Shoppingcart.close(Shoppingcart.java:109)
at Testlayer.Shoppingcart.close(Shoppingcart.java:109)
at Testlayer.Shoppingcart.close(Shoppingcart.java:109)
at Testlayer.Shoppingcart.close(Shoppingcart.java:109)
at Testlayer.Shoppingcart.close(Shoppingcart.java:109)
at Testlayer.Shoppingcart.close(Shoppingcart.java:109)
at Testlayer.Shoppingcart.close(Shoppingcart.java:109)
at Testlayer.Shoppingcart.close(Shoppingcart.java:109)
at Testlayer.Shoppingcart.close(Shoppingcart.java:109)
at Testlayer.Shoppingcart.close(Shoppingcart.java:109)
at Testlayer.Shoppingcart.close(Shoppingcart.java:109)
at Testlayer.Shoppingcart.close(Shoppingcart.java:109)
at Testlayer.Shoppingcart.close(Shoppingcart.java:109)
at Testlayer.Shoppingcart.close(Shoppingcart.java:109)
at Testlayer.Shoppingcart.close(Shoppingcart.java:109)
at Testlayer.Shoppingcart.close(Shoppingcart.java:109)
at Testlayer.Shoppingcart.close(Shoppingcart.java:109)
at Testlayer.Shoppingcart.close(Shoppingcart.java:109)
at Testlayer.Shoppingcart.close(Shoppingcart.java:109)
at Testlayer.Shoppingcart.close(Shoppingcart.java:109)
at Testlayer.Shoppingcart.close(Shoppingcart.java:109)
at Testlayer.Shoppingcart.close(Shoppingcart.java:109)
at Testlayer.Shoppingcart.close(Shoppingcart.java:109)
at Testlayer.Shoppingcart.close(Shoppingcart.java:109)
at Testlayer.Shoppingcart.close(Shoppingcart.java:109)
at Testlayer.Shoppingcart.close(Shoppingcart.java:109)
at Testlayer.Shoppingcart.close(Shoppingcart.java:109)
at Testlayer.Shoppingcart.close(Shoppingcart.java:109)
at Testlayer.Shoppingcart.close(Shoppingcart.java:109)
at Testlayer.Shoppingcart.close(Shoppingcart.java:109)
at Testlayer.Shoppingcart.close(Shoppingcart.java:109)
at Testlayer.Shoppingcart.close(Shoppingcart.java:109)
at Testlayer.Shoppingcart.close(Shoppingcart.java:109)
at Testlayer.Shoppingcart.close(Shoppingcart.java:109)
at Testlayer.Shoppingcart.close(Shoppingcart.java:109)
at Testlayer.Shoppingcart.close(Shoppingcart.java:109)
at Testlayer.Shoppingcart.close(Shoppingcart.java:109)
at Testlayer.Shoppingcart.close(Shoppingcart.java:109)
at Testlayer.Shoppingcart.close(Shoppingcart.java:109)
at Testlayer.Shoppingcart.close(Shoppingcart.java:109)
at Testlayer.Shoppingcart.close(Shoppingcart.java:109)
at Testlayer.Shoppingcart.close(Shoppingcart.java:109)
at Testlayer.Shoppingcart.close(Shoppingcart.java:109)
at Testlayer.Shoppingcart.close(Shoppingcart.java:109)
at Testlayer.Shoppingcart.close(Shoppingcart.java:109)
at Testlayer.Shoppingcart.close(Shoppingcart.java:109)
at Testlayer.Shoppingcart.close(Shoppingcart.java:109)
at Testlayer.Shoppingcart.close(Shoppingcart.java:109)
at Testlayer.Shoppingcart.close(Shoppingcart.java:109)
at Testlayer.Shoppingcart.close(Shoppingcart.java:109)
at Testlayer.Shoppingcart.close(Shoppingcart.java:109)
at Testlayer.Shoppingcart.close(Shoppingcart.java:109)
at Testlayer.Shoppingcart.close(Shoppingcart.java:109)
at Testlayer.Shoppingcart.close(Shoppingcart.java:109)
at Testlayer.Shoppingcart.close(Shoppingcart.java:109)
at Testlayer.Shoppingcart.close(Shoppingcart.java:109)
at Testlayer.Shoppingcart.close(Shoppingcart.java:109)
at Testlayer.Shoppingcart.close(Shoppingcart.java:109)
at Testlayer.Shoppingcart.close(Shoppingcart.java:109)
at Testlayer.Shoppingcart.close(Shoppingcart.java:109)
at Testlayer.Shoppingcart.close(Shoppingcart.java:109)
at Testlayer.Shoppingcart.close(Shoppingcart.java:109)
at Testlayer.Shoppingcart.close(Shoppingcart.java:109)
at Testlayer.Shoppingcart.close(Shoppingcart.java:109)
at Testlayer.Shoppingcart.close(Shoppingcart.java:109)
at Testlayer.Shoppingcart.close(Shoppingcart.java:109)
at Testlayer.Shoppingcart.close(Shoppingcart.java:109)
at Testlayer.Shoppingcart.close(Shoppingcart.java:109)
at Testlayer.Shoppingcart.close(Shoppingcart.java:109)
at Testlayer.Shoppingcart.close(Shoppingcart.java:109)
at Testlayer.Shoppingcart.close(Shoppingcart.java:109)
at Testlayer.Shoppingcart.close(Shoppingcart.java:109)
at Testlayer.Shoppingcart.close(Shoppingcart.java:109)
at Testlayer.Shoppingcart.close(Shoppingcart.java:109)
at Testlayer.Shoppingcart.close(Shoppingcart.java:109)
at Testlayer.Shoppingcart.close(Shoppingcart.java:109)
at Testlayer.Shoppingcart.close(Shoppingcart.java:109)
at Testlayer.Shoppingcart.close(Shoppingcart.java:109)
at Testlayer.Shoppingcart.close(Shoppingcart.java:109)
at Testlayer.Shoppingcart.close(Shoppingcart.java:109)
at Testlayer.Shoppingcart.close(Shoppingcart.java:109)
at Testlayer.Shoppingcart.close(Shoppingcart.java:109)
at Testlayer.Shoppingcart.close(Shoppingcart.java:109)
at Testlayer.Shoppingcart.close(Shoppingcart.java:109)
at Testlayer.Shoppingcart.close(Shoppingcart.java:109)
at Testlayer.Shoppingcart.close(Shoppingcart.java:109)
at Testlayer.Shoppingcart.close(Shoppingcart.java:109)
at Testlayer.Shoppingcart.close(Shoppingcart.java:109)
at Testlayer.Shoppingcart.close(Shoppingcart.java:109)
at Testlayer.Shoppingcart.close(Shoppingcart.java:109)
at Testlayer.Shoppingcart.close(Shoppingcart.java:109)
at Testlayer.Shoppingcart.close(Shoppingcart.java:109)
at Testlayer.Shoppingcart.close(Shoppingcart.java:109)
at Testlayer.Shoppingcart.close(Shoppingcart.java:109)
at Testlayer.Shoppingcart.close(Shoppingcart.java:109)
at Testlayer.Shoppingcart.close(Shoppingcart.java:109)
at Testlayer.Shoppingcart.close(Shoppingcart.java:109)
at Testlayer.Shoppingcart.close(Shoppingcart.java:109)
at Testlayer.Shoppingcart.close(Shoppingcart.java:109)
at Testlayer.Shoppingcart.close(Shoppingcart.java:109)
at Testlayer.Shoppingcart.close(Shoppingcart.java:109)
at Testlayer.Shoppingcart.close(Shoppingcart.java:109)
at Testlayer.Shoppingcart.close(Shoppingcart.java:109)
at Testlayer.Shoppingcart.close(Shoppingcart.java:109)
at Testlayer.Shoppingcart.close(Shoppingcart.java:109)
at Testlayer.Shoppingcart.close(Shoppingcart.java:109)
at Testlayer.Shoppingcart.close(Shoppingcart.java:109)
at Testlayer.Shoppingcart.close(Shoppingcart.java:109)
at Testlayer.Shoppingcart.close(Shoppingcart.java:109)
at Testlayer.Shoppingcart.close(Shoppingcart.java:109)
at Testlayer.Shoppingcart.close(Shoppingcart.java:109)
at Testlayer.Shoppingcart.close(Shoppingcart.java:109)
at Testlayer.Shoppingcart.close(Shoppingcart.java:109)
at Testlayer.Shoppingcart.close(Shoppingcart.java:109)
at Testlayer.Shoppingcart.close(Shoppingcart.java:109)
at Testlayer.Shoppingcart.close(Shoppingcart.java:109)
at Testlayer.Shoppingcart.close(Shoppingcart.java:109)
at Testlayer.Shoppingcart.close(Shoppingcart.java:109)
at Testlayer.Shoppingcart.close(Shoppingcart.java:109)
at Testlayer.Shoppingcart.close(Shoppingcart.java:109)
at Testlayer.Shoppingcart.close(Shoppingcart.java:109)
at Testlayer.Shoppingcart.close(Shoppingcart.java:109)
at Testlayer.Shoppingcart.close(Shoppingcart.java:109)
at Testlayer.Shoppingcart.close(Shoppingcart.java:109)
at Testlayer.Shoppingcart.close(Shoppingcart.java:109)
at Testlayer.Shoppingcart.close(Shoppingcart.java:109)
at Testlayer.Shoppingcart.close(Shoppingcart.java:109)
at Testlayer.Shoppingcart.close(Shoppingcart.java:109)
at Testlayer.Shoppingcart.close(Shoppingcart.java:109)
at Testlayer.Shoppingcart.close(Shoppingcart.java:109)
at Testlayer.Shoppingcart.close(Shoppingcart.java:109)
at Testlayer.Shoppingcart.close(Shoppingcart.java:109)
at Testlayer.Shoppingcart.close(Shoppingcart.java:109)
at Testlayer.Shoppingcart.close(Shoppingcart.java:109)
at Testlayer.Shoppingcart.close(Shoppingcart.java:109)
at Testlayer.Shoppingcart.close(Shoppingcart.java:109)
at Testlayer.Shoppingcart.close(Shoppingcart.java:109)
at Testlayer.Shoppingcart.close(Shoppingcart.java:109)
at Testlayer.Shoppingcart.close(Shoppingcart.java:109)
at Testlayer.Shoppingcart.close(Shoppingcart.java:109)
at Testlayer.Shoppingcart.close(Shoppingcart.java:109)
at Testlayer.Shoppingcart.close(Shoppingcart.java:109)
at Testlayer.Shoppingcart.close(Shoppingcart.java:109)
at Testlayer.Shoppingcart.close(Shoppingcart.java:109)
at Testlayer.Shoppingcart.close(Shoppingcart.java:109)
at Testlayer.Shoppingcart.close(Shoppingcart.java:109)
at Testlayer.Shoppingcart.close(Shoppingcart.java:109)
at Testlayer.Shoppingcart.close(Shoppingcart.java:109)
at Testlayer.Shoppingcart.close(Shoppingcart.java:109)
at Testlayer.Shoppingcart.close(Shoppingcart.java:109)
at Testlayer.Shoppingcart.close(Shoppingcart.java:109)
at Testlayer.Shoppingcart.close(Shoppingcart.java:109)
at Testlayer.Shoppingcart.close(Shoppingcart.java:109)
at Testlayer.Shoppingcart.close(Shoppingcart.java:109)
at Testlayer.Shoppingcart.close(Shoppingcart.java:109)
at Testlayer.Shoppingcart.close(Shoppingcart.java:109)
at Testlayer.Shoppingcart.close(Shoppingcart.java:109)
at Testlayer.Shoppingcart.close(Shoppingcart.java:109)
at Testlayer.Shoppingcart.close(Shoppingcart.java:109)
at Testlayer.Shoppingcart.close(Shoppingcart.java:109)
at Testlayer.Shoppingcart.close(Shoppingcart.java:109)
at Testlayer.Shoppingcart.close(Shoppingcart.java:109)
at Testlayer.Shoppingcart.close(Shoppingcart.java:109)
at Testlayer.Shoppingcart.close(Shoppingcart.java:109)
at Testlayer.Shoppingcart.close(Shoppingcart.java:109)
at Testlayer.Shoppingcart.close(Shoppingcart.java:109)
at Testlayer.Shoppingcart.close(Shoppingcart.java:109)
at Testlayer.Shoppingcart.close(Shoppingcart.java:109)
at Testlayer.Shoppingcart.close(Shoppingcart.java:109)
at Testlayer.Shoppingcart.close(Shoppingcart.java:109)
at Testlayer.Shoppingcart.close(Shoppingcart.java:109)
at Testlayer.Shoppingcart.close(Shoppingcart.java:109)
at Testlayer.Shoppingcart.close(Shoppingcart.java:109)
at Testlayer.Shoppingcart.close(Shoppingcart.java:109)
at Testlayer.Shoppingcart.close(Shoppingcart.java:109)
at Testlayer.Shoppingcart.close(Shoppingcart.java:109)
at Testlayer.Shoppingcart.close(Shoppingcart.java:109)
at Testlayer.Shoppingcart.close(Shoppingcart.java:109)
at Testlayer.Shoppingcart.close(Shoppingcart.java:109)
at Testlayer.Shoppingcart.close(Shoppingcart.java:109)
at Testlayer.Shoppingcart.close(Shoppingcart.java:109)
at Testlayer.Shoppingcart.close(Shoppingcart.java:109)
at Testlayer.Shoppingcart.close(Shoppingcart.java:109)
at Testlayer.Shoppingcart.close(Shoppingcart.java:109)
at Testlayer.Shoppingcart.close(Shoppingcart.java:109)
at Testlayer.Shoppingcart.close(Shoppingcart.java:109)
at Testlayer.Shoppingcart.close(Shoppingcart.java:109)
at Testlayer.Shoppingcart.close(Shoppingcart.java:109)
at Testlayer.Shoppingcart.close(Shoppingcart.java:109)
at Testlayer.Shoppingcart.close(Shoppingcart.java:109)
at Testlayer.Shoppingcart.close(Shoppingcart.java:109)
at Testlayer.Shoppingcart.close(Shoppingcart.java:109)
at Testlayer.Shoppingcart.close(Shoppingcart.java:109)
at Testlayer.Shoppingcart.close(Shoppingcart.java:109)
at Testlayer.Shoppingcart.close(Shoppingcart.java:109)
at Testlayer.Shoppingcart.close(Shoppingcart.java:109)
at Testlayer.Shoppingcart.close(Shoppingcart.java:109)
at Testlayer.Shoppingcart.close(Shoppingcart.java:109)
at Testlayer.Shoppingcart.close(Shoppingcart.java:109)
at Testlayer.Shoppingcart.close(Shoppingcart.java:109)
at Testlayer.Shoppingcart.close(Shoppingcart.java:109)
at Testlayer.Shoppingcart.close(Shoppingcart.java:109)
at Testlayer.Shoppingcart.close(Shoppingcart.java:109)
at Testlayer.Shoppingcart.close(Shoppingcart.java:109)
at Testlayer.Shoppingcart.close(Shoppingcart.java:109)
at Testlayer.Shoppingcart.close(Shoppingcart.java:109)
at Testlayer.Shoppingcart.close(Shoppingcart.java:109)
at Testlayer.Shoppingcart.close(Shoppingcart.java:109)
at Testlayer.Shoppingcart.close(Shoppingcart.java:109)
at Testlayer.Shoppingcart.close(Shoppingcart.java:109)
at Testlayer.Shoppingcart.close(Shoppingcart.java:109)
at Testlayer.Shoppingcart.close(Shoppingcart.java:109)
at Testlayer.Shoppingcart.close(Shoppingcart.java:109)
at Testlayer.Shoppingcart.close(Shoppingcart.java:109)
at Testlayer.Shoppingcart.close(Shoppingcart.java:109)
at Testlayer.Shoppingcart.close(Shoppingcart.java:109)
at Testlayer.Shoppingcart.close(Shoppingcart.java:109)
at Testlayer.Shoppingcart.close(Shoppingcart.java:109)
at Testlayer.Shoppingcart.close(Shoppingcart.java:109)
at Testlayer.Shoppingcart.close(Shoppingcart.java:109)
at Testlayer.Shoppingcart.close(Shoppingcart.java:109)
at Testlayer.Shoppingcart.close(Shoppingcart.java:109)
at Testlayer.Shoppingcart.close(Shoppingcart.java:109)
at Testlayer.Shoppingcart.close(Shoppingcart.java:109)
at Testlayer.Shoppingcart.close(Shoppingcart.java:109)
at Testlayer.Shoppingcart.close(Shoppingcart.java:109)
at Testlayer.Shoppingcart.close(Shoppingcart.java:109)
at Testlayer.Shoppingcart.close(Shoppingcart.java:109)
at Testlayer.Shoppingcart.close(Shoppingcart.java:109)
at Testlayer.Shoppingcart.close(Shoppingcart.java:109)
at Testlayer.Shoppingcart.close(Shoppingcart.java:109)
at Testlayer.Shoppingcart.close(Shoppingcart.java:109)
at Testlayer.Shoppingcart.close(Shoppingcart.java:109)
at Testlayer.Shoppingcart.close(Shoppingcart.java:109)
at Testlayer.Shoppingcart.close(Shoppingcart.java:109)
at Testlayer.Shoppingcart.close(Shoppingcart.java:109)
at Testlayer.Shoppingcart.close(Shoppingcart.java:109)
at Testlayer.Shoppingcart.close(Shoppingcart.java:109)
at Testlayer.Shoppingcart.close(Shoppingcart.java:109)
at Testlayer.Shoppingcart.close(Shoppingcart.java:109)
at Testlayer.Shoppingcart.close(Shoppingcart.java:109)
at Testlayer.Shoppingcart.close(Shoppingcart.java:109)
at Testlayer.Shoppingcart.close(Shoppingcart.java:109)
at Testlayer.Shoppingcart.close(Shoppingcart.java:109)
at Testlayer.Shoppingcart.close(Shoppingcart.java:109)
at Testlayer.Shoppingcart.close(Shoppingcart.java:109)
at Testlayer.Shoppingcart.close(Shoppingcart.java:109)
at Testlayer.Shoppingcart.close(Shoppingcart.java:109)
at Testlayer.Shoppingcart.close(Shoppingcart.java:109)
at Testlayer.Shoppingcart.close(Shoppingcart.java:109)
at Testlayer.Shoppingcart.close(Shoppingcart.java:109)
at Testlayer.Shoppingcart.close(Shoppingcart.java:109)
at Testlayer.Shoppingcart.close(Shoppingcart.java:109)
at Testlayer.Shoppingcart.close(Shoppingcart.java:109)
at Testlayer.Shoppingcart.close(Shoppingcart.java:109)
at Testlayer.Shoppingcart.close(Shoppingcart.java:109)
at Testlayer.Shoppingcart.close(Shoppingcart.java:109)
at Testlayer.Shoppingcart.close(Shoppingcart.java:109)
at Testlayer.Shoppingcart.close(Shoppingcart.java:109)
at Testlayer.Shoppingcart.close(Shoppingcart.java:109)
at Testlayer.Shoppingcart.close(Shoppingcart.java:109)
at Testlayer.Shoppingcart.close(Shoppingcart.java:109)
at Testlayer.Shoppingcart.close(Shoppingcart.java:109)
at Testlayer.Shoppingcart.close(Shoppingcart.java:109)
at Testlayer.Shoppingcart.close(Shoppingcart.java:109)
at Testlayer.Shoppingcart.close(Shoppingcart.java:109)
at Testlayer.Shoppingcart.close(Shoppingcart.java:109)
at Testlayer.Shoppingcart.close(Shoppingcart.java:109)
at Testlayer.Shoppingcart.close(Shoppingcart.java:109)
at Testlayer.Shoppingcart.close(Shoppingcart.java:109)
at Testlayer.Shoppingcart.close(Shoppingcart.java:109)
at Testlayer.Shoppingcart.close(Shoppingcart.java:109)
at Testlayer.Shoppingcart.close(Shoppingcart.java:109)
at Testlayer.Shoppingcart.close(Shoppingcart.java:109)
at Testlayer.Shoppingcart.close(Shoppingcart.java:109)
at Testlayer.Shoppingcart.close(Shoppingcart.java:109)
at Testlayer.Shoppingcart.close(Shoppingcart.java:109)
at Testlayer.Shoppingcart.close(Shoppingcart.java:109)
at Testlayer.Shoppingcart.close(Shoppingcart.java:109)
at Testlayer.Shoppingcart.close(Shoppingcart.java:109)
at Testlayer.Shoppingcart.close(Shoppingcart.java:109)
at Testlayer.Shoppingcart.close(Shoppingcart.java:109)
at Testlayer.Shoppingcart.close(Shoppingcart.java:109)
at Testlayer.Shoppingcart.close(Shoppingcart.java:109)
at Testlayer.Shoppingcart.close(Shoppingcart.java:109)
at Testlayer.Shoppingcart.close(Shoppingcart.java:109)
at Testlayer.Shoppingcart.close(Shoppingcart.java:109)
at Testlayer.Shoppingcart.close(Shoppingcart.java:109)
at Testlayer.Shoppingcart.close(Shoppingcart.java:109)
at Testlayer.Shoppingcart.close(Shoppingcart.java:109)
at Testlayer.Shoppingcart.close(Shoppingcart.java:109)
at Testlayer.Shoppingcart.close(Shoppingcart.java:109)
at Testlayer.Shoppingcart.close(Shoppingcart.java:109)
at Testlayer.Shoppingcart.close(Shoppingcart.java:109)
at Testlayer.Shoppingcart.close(Shoppingcart.java:109)
at Testlayer.Shoppingcart.close(Shoppingcart.java:109)
at Testlayer.Shoppingcart.close(Shoppingcart.java:109)
at Testlayer.Shoppingcart.close(Shoppingcart.java:109)
at Testlayer.Shoppingcart.close(Shoppingcart.java:109)
at Testlayer.Shoppingcart.close(Shoppingcart.java:109)
at Testlayer.Shoppingcart.close(Shoppingcart.java:109)
at Testlayer.Shoppingcart.close(Shoppingcart.java:109)
at Testlayer.Shoppingcart.close(Shoppingcart.java:109)
at Testlayer.Shoppingcart.close(Shoppingcart.java:109)
at Testlayer.Shoppingcart.close(Shoppingcart.java:109)
at Testlayer.Shoppingcart.close(Shoppingcart.java:109)
at Testlayer.Shoppingcart.close(Shoppingcart.java:109)
at Testlayer.Shoppingcart.close(Shoppingcart.java:109)
at Testlayer.Shoppingcart.close(Shoppingcart.java:109)
at Testlayer.Shoppingcart.close(Shoppingcart.java:109)
at Testlayer.Shoppingcart.close(Shoppingcart.java:109)
at Testlayer.Shoppingcart.close(Shoppingcart.java:109)
at Testlayer.Shoppingcart.close(Shoppingcart.java:109)
at Testlayer.Shoppingcart.close(Shoppingcart.java:109)
at Testlayer.Shoppingcart.close(Shoppingcart.java:109)
at Testlayer.Shoppingcart.close(Shoppingcart.java:109)
at Testlayer.Shoppingcart.close(Shoppingcart.java:109)
at Testlayer.Shoppingcart.close(Shoppingcart.java:109)
at Testlayer.Shoppingcart.close(Shoppingcart.java:109)
at Testlayer.Shoppingcart.close(Shoppingcart.java:109)
at Testlayer.Shoppingcart.close(Shoppingcart.java:109)
at Testlayer.Shoppingcart.close(Shoppingcart.java:109)
at Testlayer.Shoppingcart.close(Shoppingcart.java:109)
at Testlayer.Shoppingcart.close(Shoppingcart.java:109)
at Testlayer.Shoppingcart.close(Shoppingcart.java:109)
at Testlayer.Shoppingcart.close(Shoppingcart.java:109)
at Testlayer.Shoppingcart.close(Shoppingcart.java:109)
at Testlayer.Shoppingcart.close(Shoppingcart.java:109)
at Testlayer.Shoppingcart.close(Shoppingcart.java:109)
at Testlayer.Shoppingcart.close(Shoppingcart.java:109)
at Testlayer.Shoppingcart.close(Shoppingcart.java:109)
at Testlayer.Shoppingcart.close(Shoppingcart.java:109)
at Testlayer.Shoppingcart.close(Shoppingcart.java:109)
at Testlayer.Shoppingcart.close(Shoppingcart.java:109)
at Testlayer.Shoppingcart.close(Shoppingcart.java:109)
at Testlayer.Shoppingcart.close(Shoppingcart.java:109)
at Testlayer.Shoppingcart.close(Shoppingcart.java:109)
at Testlayer.Shoppingcart.close(Shoppingcart.java:109)
at Testlayer.Shoppingcart.close(Shoppingcart.java:109)
at Testlayer.Shoppingcart.close(Shoppingcart.java:109)
at Testlayer.Shoppingcart.close(Shoppingcart.java:109)
at Testlayer.Shoppingcart.close(Shoppingcart.java:109)
at Testlayer.Shoppingcart.close(Shoppingcart.java:109)
at Testlayer.Shoppingcart.close(Shoppingcart.java:109)
at Testlayer.Shoppingcart.close(Shoppingcart.java:109)
at Testlayer.Shoppingcart.close(Shoppingcart.java:109)
at Testlayer.Shoppingcart.close(Shoppingcart.java:109)
at Testlayer.Shoppingcart.close(Shoppingcart.java:109)
at Testlayer.Shoppingcart.close(Shoppingcart.java:109)
at Testlayer.Shoppingcart.close(Shoppingcart.java:109)
at Testlayer.Shoppingcart.close(Shoppingcart.java:109)
at Testlayer.Shoppingcart.close(Shoppingcart.java:109)
at Testlayer.Shoppingcart.close(Shoppingcart.java:109)
at Testlayer.Shoppingcart.close(Shoppingcart.java:109)
at Testlayer.Shoppingcart.close(Shoppingcart.java:109)
at Testlayer.Shoppingcart.close(Shoppingcart.java:109)
at Testlayer.Shoppingcart.close(Shoppingcart.java:109)
at Testlayer.Shoppingcart.close(Shoppingcart.java:109)
at Testlayer.Shoppingcart.close(Shoppingcart.java:109)
at Testlayer.Shoppingcart.close(Shoppingcart.java:109)
at Testlayer.Shoppingcart.close(Shoppingcart.java:109)
at Testlayer.Shoppingcart.close(Shoppingcart.java:109)
at Testlayer.Shoppingcart.close(Shoppingcart.java:109)
at Testlayer.Shoppingcart.close(Shoppingcart.java:109)
at Testlayer.Shoppingcart.close(Shoppingcart.java:109)
at Testlayer.Shoppingcart.close(Shoppingcart.java:109)
at Testlayer.Shoppingcart.close(Shoppingcart.java:109)
at Testlayer.Shoppingcart.close(Shoppingcart.java:109)
at Testlayer.Shoppingcart.close(Shoppingcart.java:109)
at Testlayer.Shoppingcart.close(Shoppingcart.java:109)
at Testlayer.Shoppingcart.close(Shoppingcart.java:109)
at Testlayer.Shoppingcart.close(Shoppingcart.java:109)
at Testlayer.Shoppingcart.close(Shoppingcart.java:109)
at Testlayer.Shoppingcart.close(Shoppingcart.java:109)
at Testlayer.Shoppingcart.close(Shoppingcart.java:109)
at Testlayer.Shoppingcart.close(Shoppingcart.java:109)
at Testlayer.Shoppingcart.close(Shoppingcart.java:109)
at Testlayer.Shoppingcart.close(Shoppingcart.java:109)
at Testlayer.Shoppingcart.close(Shoppingcart.java:109)
at Testlayer.Shoppingcart.close(Shoppingcart.java:109)
at Testlayer.Shoppingcart.close(Shoppingcart.java:109)
at Testlayer.Shoppingcart.close(Shoppingcart.java:109)
at Testlayer.Shoppingcart.close(Shoppingcart.java:109)
at Testlayer.Shoppingcart.close(Shoppingcart.java:109)
at Testlayer.Shoppingcart.close(Shoppingcart.java:109)
at Testlayer.Shoppingcart.close(Shoppingcart.java:109)
at Testlayer.Shoppingcart.close(Shoppingcart.java:109)
at Testlayer.Shoppingcart.close(Shoppingcart.java:109)
at Testlayer.Shoppingcart.close(Shoppingcart.java:109)
at Testlayer.Shoppingcart.close(Shoppingcart.java:109)
at Testlayer.Shoppingcart.close(Shoppingcart.java:109)
at Testlayer.Shoppingcart.close(Shoppingcart.java:109)
at Testlayer.Shoppingcart.close(Shoppingcart.java:109)
at Testlayer.Shoppingcart.close(Shoppingcart.java:109)
at Testlayer.Shoppingcart.close(Shoppingcart.java:109)
at Testlayer.Shoppingcart.close(Shoppingcart.java:109)
at Testlayer.Shoppingcart.close(Shoppingcart.java:109)
at Testlayer.Shoppingcart.close(Shoppingcart.java:109)
at Testlayer.Shoppingcart.close(Shoppingcart.java:109)
at Testlayer.Shoppingcart.close(Shoppingcart.java:109)
at Testlayer.Shoppingcart.close(Shoppingcart.java:109)
at Testlayer.Shoppingcart.close(Shoppingcart.java:109)
at Testlayer.Shoppingcart.close(Shoppingcart.java:109)
at Testlayer.Shoppingcart.close(Shoppingcart.java:109)
at Testlayer.Shoppingcart.close(Shoppingcart.java:109)
at Testlayer.Shoppingcart.close(Shoppingcart.java:109)
at Testlayer.Shoppingcart.close(Shoppingcart.java:109)
at Testlayer.Shoppingcart.close(Shoppingcart.java:109)
at Testlayer.Shoppingcart.close(Shoppingcart.java:109)
at Testlayer.Shoppingcart.close(Shoppingcart.java:109)
at Testlayer.Shoppingcart.close(Shoppingcart.java:109)
at Testlayer.Shoppingcart.close(Shoppingcart.java:109)
at Testlayer.Shoppingcart.close(Shoppingcart.java:109)
at Testlayer.Shoppingcart.close(Shoppingcart.java:109)
at Testlayer.Shoppingcart.close(Shoppingcart.java:109)
at Testlayer.Shoppingcart.close(Shoppingcart.java:109)
at Testlayer.Shoppingcart.close(Shoppingcart.java:109)
at Testlayer.Shoppingcart.close(Shoppingcart.java:109)
at Testlayer.Shoppingcart.close(Shoppingcart.java:109)
at Testlayer.Shoppingcart.close(Shoppingcart.java:109)
at Testlayer.Shoppingcart.close(Shoppingcart.java:109)
at Testlayer.Shoppingcart.close(Shoppingcart.java:109)
at Testlayer.Shoppingcart.close(Shoppingcart.java:109)
at Testlayer.Shoppingcart.close(Shoppingcart.java:109)
at Testlayer.Shoppingcart.close(Shoppingcart.java:109)
at Testlayer.Shoppingcart.close(Shoppingcart.java:109)
at Testlayer.Shoppingcart.close(Shoppingcart.java:109)
at Testlayer.Shoppingcart.close(Shoppingcart.java:109)
at Testlayer.Shoppingcart.close(Shoppingcart.java:109)
at Testlayer.Shoppingcart.close(Shoppingcart.java:109)
at Testlayer.Shoppingcart.close(Shoppingcart.java:109)
at Testlayer.Shoppingcart.close(Shoppingcart.java:109)
at Testlayer.Shoppingcart.close(Shoppingcart.java:109)
at Testlayer.Shoppingcart.close(Shoppingcart.java:109)
at Testlayer.Shoppingcart.close(Shoppingcart.java:109)
at Testlayer.Shoppingcart.close(Shoppingcart.java:109)
at Testlayer.Shoppingcart.close(Shoppingcart.java:109)
at Testlayer.Shoppingcart.close(Shoppingcart.java:109)
at Testlayer.Shoppingcart.close(Shoppingcart.java:109)
at Testlayer.Shoppingcart.close(Shoppingcart.java:109)
at Testlayer.Shoppingcart.close(Shoppingcart.java:109)
at Testlayer.Shoppingcart.close(Shoppingcart.java:109)
at Testlayer.Shoppingcart.close(Shoppingcart.java:109)
at Testlayer.Shoppingcart.close(Shoppingcart.java:109)
at Testlayer.Shoppingcart.close(Shoppingcart.java:109)
at Testlayer.Shoppingcart.close(Shoppingcart.java:109)
at Testlayer.Shoppingcart.close(Shoppingcart.java:109)
at Testlayer.Shoppingcart.close(Shoppingcart.java:109)
at Testlayer.Shoppingcart.close(Shoppingcart.java:109)
at Testlayer.Shoppingcart.close(Shoppingcart.java:109)
at Testlayer.Shoppingcart.close(Shoppingcart.java:109)
at Testlayer.Shoppingcart.close(Shoppingcart.java:109)
at Testlayer.Shoppingcart.close(Shoppingcart.java:109)
at Testlayer.Shoppingcart.close(Shoppingcart.java:109)
at Testlayer.Shoppingcart.close(Shoppingcart.java:109)
at Testlayer.Shoppingcart.close(Shoppingcart.java:109)
at Testlayer.Shoppingcart.close(Shoppingcart.java:109)
at Testlayer.Shoppingcart.close(Shoppingcart.java:109)
at Testlayer.Shoppingcart.close(Shoppingcart.java:109)
at Testlayer.Shoppingcart.close(Shoppingcart.java:109)
at Testlayer.Shoppingcart.close(Shoppingcart.java:109)
at Testlayer.Shoppingcart.close(Shoppingcart.java:109)
at Testlayer.Shoppingcart.close(Shoppingcart.java:109)
at Testlayer.Shoppingcart.close(Shoppingcart.java:109)
at Testlayer.Shoppingcart.close(Shoppingcart.java:109)
at Testlayer.Shoppingcart.close(Shoppingcart.java:109)
at Testlayer.Shoppingcart.close(Shoppingcart.java:109)
at Testlayer.Shoppingcart.close(Shoppingcart.java:109)
at Testlayer.Shoppingcart.close(Shoppingcart.java:109)
at Testlayer.Shoppingcart.close(Shoppingcart.java:109)
at Testlayer.Shoppingcart.close(Shoppingcart.java:109)
at Testlayer.Shoppingcart.close(Shoppingcart.java:109)
at Testlayer.Shoppingcart.close(Shoppingcart.java:109)
at Testlayer.Shoppingcart.close(Shoppingcart.java:109)
at Testlayer.Shoppingcart.close(Shoppingcart.java:109)
at Testlayer.Shoppingcart.close(Shoppingcart.java:109)
at Testlayer.Shoppingcart.close(Shoppingcart.java:109)
at Testlayer.Shoppingcart.close(Shoppingcart.java:109)
at Testlayer.Shoppingcart.close(Shoppingcart.java:109)
at Testlayer.Shoppingcart.close(Shoppingcart.java:109)
at Testlayer.Shoppingcart.close(Shoppingcart.java:109)
at Testlayer.Shoppingcart.close(Shoppingcart.java:109)
at Testlayer.Shoppingcart.close(Shoppingcart.java:109)
at Testlayer.Shoppingcart.close(Shoppingcart.java:109)
at Testlayer.Shoppingcart.close(Shoppingcart.java:109)
at Testlayer.Shoppingcart.close(Shoppingcart.java:109)
at Testlayer.Shoppingcart.close(Shoppingcart.java:109)
at Testlayer.Shoppingcart.close(Shoppingcart.java:109)
at Testlayer.Shoppingcart.close(Shoppingcart.java:109)
at Testlayer.Shoppingcart.close(Shoppingcart.java:109)
at Testlayer.Shoppingcart.close(Shoppingcart.java:109)
at Testlayer.Shoppingcart.close(Shoppingcart.java:109)
at Testlayer.Shoppingcart.close(Shoppingcart.java:109)
at Testlayer.Shoppingcart.close(Shoppingcart.java:109)
at Testlayer.Shoppingcart.close(Shoppingcart.java:109)
at Testlayer.Shoppingcart.close(Shoppingcart.java:109)
at Testlayer.Shoppingcart.close(Shoppingcart.java:109)
at Testlayer.Shoppingcart.close(Shoppingcart.java:109)
at Testlayer.Shoppingcart.close(Shoppingcart.java:109)
at Testlayer.Shoppingcart.close(Shoppingcart.java:109)
at Testlayer.Shoppingcart.close(Shoppingcart.java:109)
at Testlayer.Shoppingcart.close(Shoppingcart.java:109)
at Testlayer.Shoppingcart.close(Shoppingcart.java:109)
at Testlayer.Shoppingcart.close(Shoppingcart.java:109)
at Testlayer.Shoppingcart.close(Shoppingcart.java:109)
at Testlayer.Shoppingcart.close(Shoppingcart.java:109)
at Testlayer.Shoppingcart.close(Shoppingcart.java:109)
at Testlayer.Shoppingcart.close(Shoppingcart.java:109)
at Testlayer.Shoppingcart.close(Shoppingcart.java:109)
at Testlayer.Shoppingcart.close(Shoppingcart.java:109)
at Testlayer.Shoppingcart.close(Shoppingcart.java:109)
at Testlayer.Shoppingcart.close(Shoppingcart.java:109)
at Testlayer.Shoppingcart.close(Shoppingcart.java:109)
at Testlayer.Shoppingcart.close(Shoppingcart.java:109)
at Testlayer.Shoppingcart.close(Shoppingcart.java:109)
at Testlayer.Shoppingcart.close(Shoppingcart.java:109)
at Testlayer.Shoppingcart.close(Shoppingcart.java:109)
at Testlayer.Shoppingcart.close(Shoppingcart.java:109)
at Testlayer.Shoppingcart.close(Shoppingcart.java:109)
at Testlayer.Shoppingcart.close(Shoppingcart.java:109)
at Testlayer.Shoppingcart.close(Shoppingcart.java:109)
at Testlayer.Shoppingcart.close(Shoppingcart.java:109)
at Testlayer.Shoppingcart.close(Shoppingcart.java:109)
at Testlayer.Shoppingcart.close(Shoppingcart.java:109)
at Testlayer.Shoppingcart.close(Shoppingcart.java:109)
at Testlayer.Shoppingcart.close(Shoppingcart.java:109)
at Testlayer.Shoppingcart.close(Shoppingcart.java:109)
at Testlayer.Shoppingcart.close(Shoppingcart.java:109)
at Testlayer.Shoppingcart.close(Shoppingcart.java:109)
at Testlayer.Shoppingcart.close(Shoppingcart.java:109)
at Testlayer.Shoppingcart.close(Shoppingcart.java:109)
at Testlayer.Shoppingcart.close(Shoppingcart.java:109)
at Testlayer.Shoppingcart.close(Shoppingcart.java:109)
at Testlayer.Shoppingcart.close(Shoppingcart.java:109)
at Testlayer.Shoppingcart.close(Shoppingcart.java:109)
at Testlayer.Shoppingcart.close(Shoppingcart.java:109)
at Testlayer.Shoppingcart.close(Shoppingcart.java:109)
at Testlayer.Shoppingcart.close(Shoppingcart.java:109)
at Testlayer.Shoppingcart.close(Shoppingcart.java:109)
at Testlayer.Shoppingcart.close(Shoppingcart.java:109)
at Testlayer.Shoppingcart.close(Shoppingcart.java:109)
at Testlayer.Shoppingcart.close(Shoppingcart.java:109)
at Testlayer.Shoppingcart.close(Shoppingcart.java:109)
at Testlayer.Shoppingcart.close(Shoppingcart.java:109)
at Testlayer.Shoppingcart.close(Shoppingcart.java:109)
at Testlayer.Shoppingcart.close(Shoppingcart.java:109)
at Testlayer.Shoppingcart.close(Shoppingcart.java:109)
at Testlayer.Shoppingcart.close(Shoppingcart.java:109)
at Testlayer.Shoppingcart.close(Shoppingcart.java:109)
at Testlayer.Shoppingcart.close(Shoppingcart.java:109)
at Testlayer.Shoppingcart.close(Shoppingcart.java:109)
at Testlayer.Shoppingcart.close(Shoppingcart.java:109)
at Testlayer.Shoppingcart.close(Shoppingcart.java:109)
at Testlayer.Shoppingcart.close(Shoppingcart.java:109)
at Testlayer.Shoppingcart.close(Shoppingcart.java:109)
at Testlayer.Shoppingcart.close(Shoppingcart.java:109)
at Testlayer.Shoppingcart.close(Shoppingcart.java:109)
at Testlayer.Shoppingcart.close(Shoppingcart.java:109)
at Testlayer.Shoppingcart.close(Shoppingcart.java:109)
at Testlayer.Shoppingcart.close(Shoppingcart.java:109)
at Testlayer.Shoppingcart.close(Shoppingcart.java:109)
at Testlayer.Shoppingcart.close(Shoppingcart.java:109)
at Testlayer.Shoppingcart.close(Shoppingcart.java:109)
at Testlayer.Shoppingcart.close(Shoppingcart.java:109)
at Testlayer.Shoppingcart.close(Shoppingcart.java:109)
at Testlayer.Shoppingcart.close(Shoppingcart.java:109)
at Testlayer.Shoppingcart.close(Shoppingcart.java:109)
at Testlayer.Shoppingcart.close(Shoppingcart.java:109)
at Testlayer.Shoppingcart.close(Shoppingcart.java:109)
at Testlayer.Shoppingcart.close(Shoppingcart.java:109)
at Testlayer.Shoppingcart.close(Shoppingcart.java:109)
at Testlayer.Shoppingcart.close(Shoppingcart.java:109)
at Testlayer.Shoppingcart.close(Shoppingcart.java:109)
at Testlayer.Shoppingcart.close(Shoppingcart.java:109)
at Testlayer.Shoppingcart.close(Shoppingcart.java:109)
at Testlayer.Shoppingcart.close(Shoppingcart.java:109)
at Testlayer.Shoppingcart.close(Shoppingcart.java:109)
at Testlayer.Shoppingcart.close(Shoppingcart.java:109)
at Testlayer.Shoppingcart.close(Shoppingcart.java:109)
at Testlayer.Shoppingcart.close(Shoppingcart.java:109)
at Testlayer.Shoppingcart.close(Shoppingcart.java:109)
at Testlayer.Shoppingcart.close(Shoppingcart.java:109)
at Testlayer.Shoppingcart.close(Shoppingcart.java:109)
at Testlayer.Shoppingcart.close(Shoppingcart.java:109)
at Testlayer.Shoppingcart.close(Shoppingcart.java:109)
at Testlayer.Shoppingcart.close(Shoppingcart.java:109)
at Testlayer.Shoppingcart.close(Shoppingcart.java:109)
at Testlayer.Shoppingcart.close(Shoppingcart.java:109)
at Testlayer.Shoppingcart.close(Shoppingcart.java:109)
at Testlayer.Shoppingcart.close(Shoppingcart.java:109)
at Testlayer.Shoppingcart.close(Shoppingcart.java:109)
at Testlayer.Shoppingcart.close(Shoppingcart.java:109)
at Testlayer.Shoppingcart.close(Shoppingcart.java:109)
at Testlayer.Shoppingcart.close(Shoppingcart.java:109)
at Testlayer.Shoppingcart.close(Shoppingcart.java:109)
at Testlayer.Shoppingcart.close(Shoppingcart.java:109)
at Testlayer.Shoppingcart.close(Shoppingcart.java:109)
at Testlayer.Shoppingcart.close(Shoppingcart.java:109)
at Testlayer.Shoppingcart.close(Shoppingcart.java:109)
at Testlayer.Shoppingcart.close(Shoppingcart.java:109)
at Testlayer.Shoppingcart.close(Shoppingcart.java:109)
at Testlayer.Shoppingcart.close(Shoppingcart.java:109)
at Testlayer.Shoppingcart.close(Shoppingcart.java:109)
at Testlayer.Shoppingcart.close(Shoppingcart.java:109)
at Testlayer.Shoppingcart.close(Shoppingcart.java:109)
at Testlayer.Shoppingcart.close(Shoppingcart.java:109)
at Testlayer.Shoppingcart.close(Shoppingcart.java:109)
at Testlayer.Shoppingcart.close(Shoppingcart.java:109)
at Testlayer.Shoppingcart.close(Shoppingcart.java:109)
at Testlayer.Shoppingcart.close(Shoppingcart.java:109)
at Testlayer.Shoppingcart.close(Shoppingcart.java:109)
at Testlayer.Shoppingcart.close(Shoppingcart.java:109)
at Testlayer.Shoppingcart.close(Shoppingcart.java:109)
at Testlayer.Shoppingcart.close(Shoppingcart.java:109)
at Testlayer.Shoppingcart.close(Shoppingcart.java:109)
at Testlayer.Shoppingcart.close(Shoppingcart.java:109)
at Testlayer.Shoppingcart.close(Shoppingcart.java:109)
at Testlayer.Shoppingcart.close(Shoppingcart.java:109)
at Testlayer.Shoppingcart.close(Shoppingcart.java:109)
at Testlayer.Shoppingcart.close(Shoppingcart.java:109)
at Testlayer.Shoppingcart.close(Shoppingcart.java:109)
at Testlayer.Shoppingcart.close(Shoppingcart.java:109)
at Testlayer.Shoppingcart.close(Shoppingcart.java:109)
at Testlayer.Shoppingcart.close(Shoppingcart.java:109)
at Testlayer.Shoppingcart.close(Shoppingcart.java:109)
at Testlayer.Shoppingcart.close(Shoppingcart.java:109)
at Testlayer.Shoppingcart.close(Shoppingcart.java:109)
at Testlayer.Shoppingcart.close(Shoppingcart.java:109)
at Testlayer.Shoppingcart.close(Shoppingcart.java:109)
at Testlayer.Shoppingcart.close(Shoppingcart.java:109)
at Testlayer.Shoppingcart.close(Shoppingcart.java:109)
at Testlayer.Shoppingcart.close(Shoppingcart.java:109)
at Testlayer.Shoppingcart.close(Shoppingcart.java:109)
at Testlayer.Shoppingcart.close(Shoppingcart.java:109)
at Testlayer.Shoppingcart.close(Shoppingcart.java:109)
at Testlayer.Shoppingcart.close(Shoppingcart.java:109)
at Testlayer.Shoppingcart.close(Shoppingcart.java:109)
at Testlayer.Shoppingcart.close(Shoppingcart.java:109)
at Testlayer.Shoppingcart.close(Shoppingcart.java:109)
at Testlayer.Shoppingcart.close(Shoppingcart.java:109)
at Testlayer.Shoppingcart.close(Shoppingcart.java:109)
at Testlayer.Shoppingcart.close(Shoppingcart.java:109)
at Testlayer.Shoppingcart.close(Shoppingcart.java:109)
at Testlayer.Shoppingcart.close(Shoppingcart.java:109)
at Testlayer.Shoppingcart.close(Shoppingcart.java:109)
at Testlayer.Shoppingcart.close(Shoppingcart.java:109)
at Testlayer.Shoppingcart.close(Shoppingcart.java:109)
at Testlayer.Shoppingcart.close(Shoppingcart.java:109)
at Testlayer.Shoppingcart.close(Shoppingcart.java:109)
at Testlayer.Shoppingcart.close(Shoppingcart.java:109)
at Testlayer.Shoppingcart.close(Shoppingcart.java:109)
at Testlayer.Shoppingcart.close(Shoppingcart.java:109)
at Testlayer.Shoppingcart.close(Shoppingcart.java:109)
at Testlayer.Shoppingcart.close(Shoppingcart.java:109)
at Testlayer.Shoppingcart.close(Shoppingcart.java:109)
at Testlayer.Shoppingcart.close(Shoppingcart.java:109)
at Testlayer.Shoppingcart.close(Shoppingcart.java:109)
at Testlayer.Shoppingcart.close(Shoppingcart.java:109)
at Testlayer.Shoppingcart.close(Shoppingcart.java:109)
at Testlayer.Shoppingcart.close(Shoppingcart.java:109)
at Testlayer.Shoppingcart.close(Shoppingcart.java:109)
at Testlayer.Shoppingcart.close(Shoppingcart.java:109)
at Testlayer.Shoppingcart.close(Shoppingcart.java:109)
at Testlayer.Shoppingcart.close(Shoppingcart.java:109)
at Testlayer.Shoppingcart.close(Shoppingcart.java:109)
at Testlayer.Shoppingcart.close(Shoppingcart.java:109)
at Testlayer.Shoppingcart.close(Shoppingcart.java:109)
at Testlayer.Shoppingcart.close(Shoppingcart.java:109)
at Testlayer.Shoppingcart.close(Shoppingcart.java:109)
at Testlayer.Shoppingcart.close(Shoppingcart.java:109)
at Testlayer.Shoppingcart.close(Shoppingcart.java:109)
at Testlayer.Shoppingcart.close(Shoppingcart.java:109)
at Testlayer.Shoppingcart.close(Shoppingcart.java:109)
at Testlayer.Shoppingcart.close(Shoppingcart.java:109)
at Testlayer.Shoppingcart.close(Shoppingcart.java:109)
at Testlayer.Shoppingcart.close(Shoppingcart.java:109)
at Testlayer.Shoppingcart.close(Shoppingcart.java:109)
at Testlayer.Shoppingcart.close(Shoppingcart.java:109)
at Testlayer.Shoppingcart.close(Shoppingcart.java:109)
at Testlayer.Shoppingcart.close(Shoppingcart.java:109)
at Testlayer.Shoppingcart.close(Shoppingcart.java:109)
at Testlayer.Shoppingcart.close(Shoppingcart.java:109)
at Testlayer.Shoppingcart.close(Shoppingcart.java:109)
at Testlayer.Shoppingcart.close(Shoppingcart.java:109)
at Testlayer.Shoppingcart.close(Shoppingcart.java:109)
at Testlayer.Shoppingcart.close(Shoppingcart.java:109)
at Testlayer.Shoppingcart.close(Shoppingcart.java:109)
at Testlayer.Shoppingcart.close(Shoppingcart.java:109)
at Testlayer.Shoppingcart.close(Shoppingcart.java:109)
at Testlayer.Shoppingcart.close(Shoppingcart.java:109)
at Testlayer.Shoppingcart.close(Shoppingcart.java:109)
at Testlayer.Shoppingcart.close(Shoppingcart.java:109)
at Testlayer.Shoppingcart.close(Shoppingcart.java:109)
at Testlayer.Shoppingcart.close(Shoppingcart.java:109)
at Testlayer.Shoppingcart.close(Shoppingcart.java:109)
at Testlayer.Shoppingcart.close(Shoppingcart.java:109)
at Testlayer.Shoppingcart.close(Shoppingcart.java:109)
at Testlayer.Shoppingcart.close(Shoppingcart.java:109)
at Testlayer.Shoppingcart.close(Shoppingcart.java:109)
at Testlayer.Shoppingcart.close(Shoppingcart.java:109)
at Testlayer.Shoppingcart.close(Shoppingcart.java:109)
at Testlayer.Shoppingcart.close(Shoppingcart.java:109)
at Testlayer.Shoppingcart.close(Shoppingcart.java:109)
at Testlayer.Shoppingcart.close(Shoppingcart.java:109)
at Testlayer.Shoppingcart.close(Shoppingcart.java:109)
at Testlayer.Shoppingcart.close(Shoppingcart.java:109)
at Testlayer.Shoppingcart.close(Shoppingcart.java:109)
at Testlayer.Shoppingcart.close(Shoppingcart.java:109)
at Testlayer.Shoppingcart.close(Shoppingcart.java:109)
at Testlayer.Shoppingcart.close(Shoppingcart.java:109)
at Testlayer.Shoppingcart.close(Shoppingcart.java:109)
at Testlayer.Shoppingcart.close(Shoppingcart.java:109)
at Testlayer.Shoppingcart.close(Shoppingcart.java:109)
at Testlayer.Shoppingcart.close(Shoppingcart.java:109)
at Testlayer.Shoppingcart.close(Shoppingcart.java:109)
at Testlayer.Shoppingcart.close(Shoppingcart.java:109)
at Testlayer.Shoppingcart.close(Shoppingcart.java:109)
at Testlayer.Shoppingcart.close(Shoppingcart.java:109)
at Testlayer.Shoppingcart.close(Shoppingcart.java:109)
at Testlayer.Shoppingcart.close(Shoppingcart.java:109)
at Testlayer.Shoppingcart.close(Shoppingcart.java:109)
at Testlayer.Shoppingcart.close(Shoppingcart.java:109)
at Testlayer.Shoppingcart.close(Shoppingcart.java:109)
at Testlayer.Shoppingcart.close(Shoppingcart.java:109)
at Testlayer.Shoppingcart.close(Shoppingcart.java:109)
at Testlayer.Shoppingcart.close(Shoppingcart.java:109)
at Testlayer.Shoppingcart.close(Shoppingcart.java:109)
at Testlayer.Shoppingcart.close(Shoppingcart.java:109)
at Testlayer.Shoppingcart.close(Shoppingcart.java:109)
at Testlayer.Shoppingcart.close(Shoppingcart.java:109)
at Testlayer.Shoppingcart.close(Shoppingcart.java:109)
at Testlayer.Shoppingcart.close(Shoppingcart.java:109)
at Testlayer.Shoppingcart.close(Shoppingcart.java:109)
at Testlayer.Shoppingcart.close(Shoppingcart.java:109)
at Testlayer.Shoppingcart.close(Shoppingcart.java:109)
at Testlayer.Shoppingcart.close(Shoppingcart.java:109)
at Testlayer.Shoppingcart.close(Shoppingcart.java:109)
at Testlayer.Shoppingcart.close(Shoppingcart.java:109)
at Testlayer.Shoppingcart.close(Shoppingcart.java:109)
at Testlayer.Shoppingcart.close(Shoppingcart.java:109)
at Testlayer.Shoppingcart.close(Shoppingcart.java:109)
at Testlayer.Shoppingcart.close(Shoppingcart.java:109)
at Testlayer.Shoppingcart.close(Shoppingcart.java:109)
at Testlayer.Shoppingcart.close(Shoppingcart.java:109)
at Testlayer.Shoppingcart.close(Shoppingcart.java:109)
at Testlayer.Shoppingcart.close(Shoppingcart.java:109)
at Testlayer.Shoppingcart.close(Shoppingcart.java:109)
at Testlayer.Shoppingcart.close(Shoppingcart.java:109)
at Testlayer.Shoppingcart.close(Shoppingcart.java:109)
at Testlayer.Shoppingcart.close(Shoppingcart.java:109)
at Testlayer.Shoppingcart.close(Shoppingcart.java:109)
at Testlayer.Shoppingcart.close(Shoppingcart.java:109)
at Testlayer.Shoppingcart.close(Shoppingcart.java:109)
at Testlayer.Shoppingcart.close(Shoppingcart.java:109)
at Testlayer.Shoppingcart.close(Shoppingcart.java:109)
at Testlayer.Shoppingcart.close(Shoppingcart.java:109)
at Testlayer.Shoppingcart.close(Shoppingcart.java:109)
at Testlayer.Shoppingcart.close(Shoppingcart.java:109)
at Testlayer.Shoppingcart.close(Shoppingcart.java:109)
at Testlayer.Shoppingcart.close(Shoppingcart.java:109)
at Testlayer.Shoppingcart.close(Shoppingcart.java:109)
at Testlayer.Shoppingcart.close(Shoppingcart.java:109)
at Testlayer.Shoppingcart.close(Shoppingcart.java:109)
at Testlayer.Shoppingcart.close(Shoppingcart.java:109)
at Testlayer.Shoppingcart.close(Shoppingcart.java:109)
at Testlayer.Shoppingcart.close(Shoppingcart.java:109)
at Testlayer.Shoppingcart.close(Shoppingcart.java:109)
at Testlayer.Shoppingcart.close(Shoppingcart.java:109)
at Testlayer.Shoppingcart.close(Shoppingcart.java:109)
at Testlayer.Shoppingcart.close(Shoppingcart.java:109)
at Testlayer.Shoppingcart.close(Shoppingcart.java:109)
at Testlayer.Shoppingcart.close(Shoppingcart.java:109)
at Testlayer.Shoppingcart.close(Shoppingcart.java:109)
at Testlayer.Shoppingcart.close(Shoppingcart.java:109)
at Testlayer.Shoppingcart.close(Shoppingcart.java:109)
at Testlayer.Shoppingcart.close(Shoppingcart.java:109)
at Testlayer.Shoppingcart.close(Shoppingcart.java:109)
at Testlayer.Shoppingcart.close(Shoppingcart.java:109)
at Testlayer.Shoppingcart.close(Shoppingcart.java:109)
at Testlayer.Shoppingcart.close(Shoppingcart.java:109)
at Testlayer.Shoppingcart.close(Shoppingcart.java:109)
at Testlayer.Shoppingcart.close(Shoppingcart.java:109)
at Testlayer.Shoppingcart.close(Shoppingcart.java:109)
at Testlayer.Shoppingcart.close(Shoppingcart.java:109)
at Testlayer.Shoppingcart.close(Shoppingcart.java:109)
at Testlayer.Shoppingcart.close(Shoppingcart.java:109)
at Testlayer.Shoppingcart.close(Shoppingcart.java:109)
at Testlayer.Shoppingcart.close(Shoppingcart.java:109)
at Testlayer.Shoppingcart.close(Shoppingcart.java:109)
at Testlayer.Shoppingcart.close(Shoppingcart.java:109)
at Testlayer.Shoppingcart.close(Shoppingcart.java:109)
at Testlayer.Shoppingcart.close(Shoppingcart.java:109)
at Testlayer.Shoppingcart.close(Shoppingcart.java:109)
at Testlayer.Shoppingcart.close(Shoppingcart.java:109)
at Testlayer.Shoppingcart.close(Shoppingcart.java:109)
at Testlayer.Shoppingcart.close(Shoppingcart.java:109)
at Testlayer.Shoppingcart.close(Shoppingcart.java:109)
at Testlayer.Shoppingcart.close(Shoppingcart.java:109)
at Testlayer.Shoppingcart.close(Shoppingcart.java:109)
at Testlayer.Shoppingcart.close(Shoppingcart.java:109)
at Testlayer.Shoppingcart.close(Shoppingcart.java:109)
at Testlayer.Shoppingcart.close(Shoppingcart.java:109)
at Testlayer.Shoppingcart.close(Shoppingcart.java:109)
at Testlayer.Shoppingcart.close(Shoppingcart.java:109)
at Testlayer.Shoppingcart.close(Shoppingcart.java:109)
at Testlayer.Shoppingcart.close(Shoppingcart.java:109)
at Testlayer.Shoppingcart.close(Shoppingcart.java:109)
at Testlayer.Shoppingcart.close(Shoppingcart.java:109)
at Testlayer.Shoppingcart.close(Shoppingcart.java:109)
at Testlayer.Shoppingcart.close(Shoppingcart.java:109)
at Testlayer.Shoppingcart.close(Shoppingcart.java:109)
at Testlayer.Shoppingcart.close(Shoppingcart.java:109)
at Testlayer.Shoppingcart.close(Shoppingcart.java:109)
at Testlayer.Shoppingcart.close(Shoppingcart.java:109)
at Testlayer.Shoppingcart.close(Shoppingcart.java:109)
at Testlayer.Shoppingcart.close(Shoppingcart.java:109)
at Testlayer.Shoppingcart.close(Shoppingcart.java:109)
at Testlayer.Shoppingcart.close(Shoppingcart.java:109)
at Testlayer.Shoppingcart.close(Shoppingcart.java:109)
at Testlayer.Shoppingcart.close(Shoppingcart.java:109)
at Testlayer.Shoppingcart.close(Shoppingcart.java:109)
at Testlayer.Shoppingcart.close(Shoppingcart.java:109)
at Testlayer.Shoppingcart.close(Shoppingcart.java:109)
at Testlayer.Shoppingcart.close(Shoppingcart.java:109)
at Testlayer.Shoppingcart.close(Shoppingcart.java:109)
at Testlayer.Shoppingcart.close(Shoppingcart.java:109)
at Testlayer.Shoppingcart.close(Shoppingcart.java:109)
at Testlayer.Shoppingcart.close(Shoppingcart.java:109)
at Testlayer.Shoppingcart.close(Shoppingcart.java:109)
at Testlayer.Shoppingcart.close(Shoppingcart.java:109)
at Testlayer.Shoppingcart.close(Shoppingcart.java:109)
at Testlayer.Shoppingcart.close(Shoppingcart.java:109)
at Testlayer.Shoppingcart.close(Shoppingcart.java:109)
at Testlayer.Shoppingcart.close(Shoppingcart.java:109)
at Testlayer.Shoppingcart.close(Shoppingcart.java:109)
at Testlayer.Shoppingcart.close(Shoppingcart.java:109)
at Testlayer.Shoppingcart.close(Shoppingcart.java:109)
at Testlayer.Shoppingcart.close(Shoppingcart.java:109)
at Testlayer.Shoppingcart.close(Shoppingcart.java:109)
at Testlayer.Shoppingcart.close(Shoppingcart.java:109)
at Testlayer.Shoppingcart.close(Shoppingcart.java:109)
at Testlayer.Shoppingcart.close(Shoppingcart.java:109)
at Testlayer.Shoppingcart.close(Shoppingcart.java:109)
at Testlayer.Shoppingcart.close(Shoppingcart.java:109)
at Testlayer.Shoppingcart.close(Shoppingcart.java:109)
at Testlayer.Shoppingcart.close(Shoppingcart.java:109)
at Testlayer.Shoppingcart.close(Shoppingcart.java:109)
at Testlayer.Shoppingcart.close(Shoppingcart.java:109)
at Testlayer.Shoppingcart.close(Shoppingcart.java:109)
at Testlayer.Shoppingcart.close(Shoppingcart.java:109)
at Testlayer.Shoppingcart.close(Shoppingcart.java:109)
at Testlayer.Shoppingcart.close(Shoppingcart.java:109)
at Testlayer.Shoppingcart.close(Shoppingcart.java:109)
at Testlayer.Shoppingcart.close(Shoppingcart.java:109)
at Testlayer.Shoppingcart.close(Shoppingcart.java:109)
at Testlayer.Shoppingcart.close(Shoppingcart.java:109)
at Testlayer.Shoppingcart.close(Shoppingcart.java:109)
at Testlayer.Shoppingcart.close(Shoppingcart.java:109)
at Testlayer.Shoppingcart.close(Shoppingcart.java:109)
at Testlayer.Shoppingcart.close(Shoppingcart.java:109)
at Testlayer.Shoppingcart.close(Shoppingcart.java:109)
at Testlayer.Shoppingcart.close(Shoppingcart.java:109)
at Testlayer.Shoppingcart.close(Shoppingcart.java:109)
at Testlayer.Shoppingcart.close(Shoppingcart.java:109)
at Testlayer.Shoppingcart.close(Shoppingcart.java:109)
at Testlayer.Shoppingcart.close(Shoppingcart.java:109)
at Testlayer.Shoppingcart.close(Shoppingcart.java:109)
at Testlayer.Shoppingcart.close(Shoppingcart.java:109)
at Testlayer.Shoppingcart.close(Shoppingcart.java:109)
at Testlayer.Shoppingcart.close(Shoppingcart.java:109)
at Testlayer.Shoppingcart.close(Shoppingcart.java:109)
at Testlayer.Shoppingcart.close(Shoppingcart.java:109)
at Testlayer.Shoppingcart.close(Shoppingcart.java:109)
at Testlayer.Shoppingcart.close(Shoppingcart.java:109)
at Testlayer.Shoppingcart.close(Shoppingcart.java:109)
at Testlayer.Shoppingcart.close(Shoppingcart.java:109)
at Testlayer.Shoppingcart.close(Shoppingcart.java:109)
at Testlayer.Shoppingcart.close(Shoppingcart.java:109)
at Testlayer.Shoppingcart.close(Shoppingcart.java:109)
at Testlayer.Shoppingcart.close(Shoppingcart.java:109)
at Testlayer.Shoppingcart.close(Shoppingcart.java:109)
at Testlayer.Shoppingcart.close(Shoppingcart.java:109)
at Testlayer.Shoppingcart.close(Shoppingcart.java:109)
at Testlayer.Shoppingcart.close(Shoppingcart.java:109)
at Testlayer.Shoppingcart.close(Shoppingcart.java:109)
at Testlayer.Shoppingcart.close(Shoppingcart.java:109)
at Testlayer.Shoppingcart.close(Shoppingcart.java:109)
at Testlayer.Shoppingcart.close(Shoppingcart.java:109)
at Testlayer.Shoppingcart.close(Shoppingcart.java:109)
at Testlayer.Shoppingcart.close(Shoppingcart.java:109)
at Testlayer.Shoppingcart.close(Shoppingcart.java:109)
at Testlayer.Shoppingcart.close(Shoppingcart.java:109)
at Testlayer.Shoppingcart.close(Shoppingcart.java:109)
at Testlayer.Shoppingcart.close(Shoppingcart.java:109)
at Testlayer.Shoppingcart.close(Shoppingcart.java:109)
at Testlayer.Shoppingcart.close(Shoppingcart.java:109)
at Testlayer.Shoppingcart.close(Shoppingcart.java:109)
at Testlayer.Shoppingcart.close(Shoppingcart.java:109)
at Testlayer.Shoppingcart.close(Shoppingcart.java:109)
at Testlayer.Shoppingcart.close(Shoppingcart.java:109)
at Testlayer.Shoppingcart.close(Shoppingcart.java:109)
at Testlayer.Shoppingcart.close(Shoppingcart.java:109)
at Testlayer.Shoppingcart.close(Shoppingcart.java:109)
at Testlayer.Shoppingcart.close(Shoppingcart.java:109)
at Testlayer.Shoppingcart.close(Shoppingcart.java:109)
at Testlayer.Shoppingcart.close(Shoppingcart.java:109)
at Testlayer.Shoppingcart.close(Shoppingcart.java:109)
at Testlayer.Shoppingcart.close(Shoppingcart.java:109)
at Testlayer.Shoppingcart.close(Shoppingcart.java:109)
at Testlayer.Shoppingcart.close(Shoppingcart.java:109)
at Testlayer.Shoppingcart.close(Shoppingcart.java:109)
at Testlayer.Shoppingcart.close(Shoppingcart.java:109)
at Testlayer.Shoppingcart.close(Shoppingcart.java:109)
at Testlayer.Shoppingcart.close(Shoppingcart.java:109)
at Testlayer.Shoppingcart.close(Shoppingcart.java:109)
at Testlayer.Shoppingcart.close(Shoppingcart.java:109)
at Testlayer.Shoppingcart.close(Shoppingcart.java:109)
at Testlayer.Shoppingcart.close(Shoppingcart.java:109)
at Testlayer.Shoppingcart.close(Shoppingcart.java:109)
at Testlayer.Shoppingcart.close(Shoppingcart.java:109)
at Testlayer.Shoppingcart.close(Shoppingcart.java:109)
at Testlayer.Shoppingcart.close(Shoppingcart.java:109)
at Testlayer.Shoppingcart.close(Shoppingcart.java:109)
at Testlayer.Shoppingcart.close(Shoppingcart.java:109)
at Testlayer.Shoppingcart.close(Shoppingcart.java:109)
at Testlayer.Shoppingcart.close(Shoppingcart.java:109)
at Testlayer.Shoppingcart.close(Shoppingcart.java:109)
at Testlayer.Shoppingcart.close(Shoppingcart.java:109)
at Testlayer.Shoppingcart.close(Shoppingcart.java:109)
at Testlayer.Shoppingcart.close(Shoppingcart.java:109)
at Testlayer.Shoppingcart.close(Shoppingcart.java:109)
at Testlayer.Shoppingcart.close(Shoppingcart.java:109)
at Testlayer.Shoppingcart.close(Shoppingcart.java:109)
at Testlayer.Shoppingcart.close(Shoppingcart.java:109)
at Testlayer.Shoppingcart.close(Shoppingcart.java:109)
at Testlayer.Shoppingcart.close(Shoppingcart.java:109)
at Testlayer.Shoppingcart.close(Shoppingcart.java:109)
at Testlayer.Shoppingcart.close(Shoppingcart.java:109)
at Testlayer.Shoppingcart.close(Shoppingcart.java:109)
at Testlayer.Shoppingcart.close(Shoppingcart.java:109)
at Testlayer.Shoppingcart.close(Shoppingcart.java:109)
at Testlayer.Shoppingcart.close(Shoppingcart.java:109)
at Testlayer.Shoppingcart.close(Shoppingcart.java:109)
at Testlayer.Shoppingcart.close(Shoppingcart.java:109)
at Testlayer.Shoppingcart.close(Shoppingcart.java:109)
at Testlayer.Shoppingcart.close(Shoppingcart.java:109)
at Testlayer.Shoppingcart.close(Shoppingcart.java:109)
at Testlayer.Shoppingcart.close(Shoppingcart.java:109)
at Testlayer.Shoppingcart.close(Shoppingcart.java:109)
at Testlayer.Shoppingcart.close(Shoppingcart.java:109)
at Testlayer.Shoppingcart.close(Shoppingcart.java:109)
at Testlayer.Shoppingcart.close(Shoppingcart.java:109)
at Testlayer.Shoppingcart.close(Shoppingcart.java:109)
at Testlayer.Shoppingcart.close(Shoppingcart.java:109)
at Testlayer.Shoppingcart.close(Shoppingcart.java:109)
at Testlayer.Shoppingcart.close(Shoppingcart.java:109)
at Testlayer.Shoppingcart.close(Shoppingcart.java:109)
at Testlayer.Shoppingcart.close(Shoppingcart.java:109)
at Testlayer.Shoppingcart.close(Shoppingcart.java:109)
at Testlayer.Shoppingcart.close(Shoppingcart.java:109)
at Testlayer.Shoppingcart.close(Shoppingcart.java:109)
at Testlayer.Shoppingcart.close(Shoppingcart.java:109)
at Testlayer.Shoppingcart.close(Shoppingcart.java:109)
at Testlayer.Shoppingcart.close(Shoppingcart.java:109)
at Testlayer.Shoppingcart.close(Shoppingcart.java:109)
at Testlayer.Shoppingcart.close(Shoppingcart.java:109)
at Testlayer.Shoppingcart.close(Shoppingcart.java:109)
at Testlayer.Shoppingcart.close(Shoppingcart.java:109)
at Testlayer.Shoppingcart.close(Shoppingcart.java:109)
at Testlayer.Shoppingcart.close(Shoppingcart.java:109)
at Testlayer.Shoppingcart.close(Shoppingcart.java:109)
at Testlayer.Shoppingcart.close(Shoppingcart.java:109)
at Testlayer.Shoppingcart.close(Shoppingcart.java:109)
at Testlayer.Shoppingcart.close(Shoppingcart.java:109)
at Testlayer.Shoppingcart.close(Shoppingcart.java:109)
at Testlayer.Shoppingcart.close(Shoppingcart.java:109)
at Testlayer.Shoppingcart.close(Shoppingcart.java:109)
at Testlayer.Shoppingcart.close(Shoppingcart.java:109)
at Testlayer.Shoppingcart.close(Shoppingcart.java:109)
at Testlayer.Shoppingcart.close(Shoppingcart.java:109)
at Testlayer.Shoppingcart.close(Shoppingcart.java:109)
at Testlayer.Shoppingcart.close(Shoppingcart.java:109)
at Testlayer.Shoppingcart.close(Shoppingcart.java:109)
at Testlayer.Shoppingcart.close(Shoppingcart.java:109)
at Testlayer.Shoppingcart.close(Shoppingcart.java:109)
at Testlayer.Shoppingcart.close(Shoppingcart.java:109)
at Testlayer.Shoppingcart.close(Shoppingcart.java:109)
at Testlayer.Shoppingcart.close(Shoppingcart.java:109)
at Testlayer.Shoppingcart.close(Shoppingcart.java:109)
at Testlayer.Shoppingcart.close(Shoppingcart.java:109)
at Testlayer.Shoppingcart.close(Shoppingcart.java:109)
]]>
            </full-stacktrace>
          </exception> <!-- java.lang.StackOverflowError -->
          <reporter-output>
          </reporter-output>
        </test-method> <!-- close -->
        <test-method is-config="true" signature="complete()[pri:0, instance:Testlayer.Shoppingcart@441772e]" started-at="2022-03-20T23:24:35 EDT" name="complete" finished-at="1969-12-31T19:00:00 EST" duration-ms="-1647833075553" status="SKIP">
          <reporter-output>
          </reporter-output>
        </test-method> <!-- complete -->
      </class> <!-- Testlayer.Shoppingcart -->
    </test> <!-- Default test -->
  </suite> <!-- Default suite -->
</testng-results>
