<?xml version="1.0" encoding="UTF-8"?>
<!-- Generated by org.testng.reporters.JUnitXMLReporter -->
<testsuite ignored="0" hostname="LAPTOP-D3DT1504" failures="2" tests="14" name="online shopping canada Automation" time="22.099" errors="0" timestamp="2022-03-20T23:16:37 EDT">
  <testcase classname="Testlayer.Shoppingcart" name="@AfterMethod close" time="0.006">
    <failure type="java.lang.StackOverflowError">
      <![CDATA[java.lang.StackOverflowError
at Testlayer.Shoppingcart.close(Shoppingcart.java:109)
at Testlayer.Shoppingcart.close(Shoppingcart.java:109)
at Testlayer.Shoppingcart.close(Shoppingcart.java:109)
at Testlayer.Shoppingcart.close(Shoppingcart.java:109)
at Testlayer.Shoppingcart.close(Shoppingcart.java:109)
at Testlayer.Shoppingcart.close(Shoppingcart.java:109)
at Testlayer.Shoppingcart.close(Shoppingcart.java:109)
at Testlayer.Shoppingcart.close(Shoppingcart.java:109)
at Testlayer.Shoppingcart.close(Shoppingcart.java:109)
at Testlayer.Shoppingcart.close(Shoppingcart.java:109)
at Testlayer.Shoppingcart.close(Shoppingcart.java:109)
at Testlayer.Shoppingcart.close(Shoppingcart.java:109)
at Testlayer.Shoppingcart.close(Shoppingcart.java:109)
at Testlayer.Shoppingcart.close(Shoppingcart.java:109)
at Testlayer.Shoppingcart.close(Shoppingcart.java:109)
at Testlayer.Shoppingcart.close(Shoppingcart.java:109)
at Testlayer.Shoppingcart.close(Shoppingcart.java:109)
at Testlayer.Shoppingcart.close(Shoppingcart.java:109)
at Testlayer.Shoppingcart.close(Shoppingcart.java:109)
at Testlayer.Shoppingcart.close(Shoppingcart.java:109)
at Testlayer.Shoppingcart.close(Shoppingcart.java:109)
at Testlayer.Shoppingcart.close(Shoppingcart.java:109)
at Testlayer.Shoppingcart.close(Shoppingcart.java:109)
at Testlayer.Shoppingcart.close(Shoppingcart.java:109)
at Testlayer.Shoppingcart.close(Shoppingcart.java:109)
at Testlayer.Shoppingcart.close(Shoppingcart.java:109)
at Testlayer.Shoppingcart.close(Shoppingcart.java:109)
at Testlayer.Shoppingcart.close(Shoppingcart.java:109)
at Testlayer.Shoppingcart.close(Shoppingcart.java:109)
at Testlayer.Shoppingcart.close(Shoppingcart.java:109)
at Testlayer.Shoppingcart.close(Shoppingcart.java:109)
at Testlayer.Shoppingcart.close(Shoppingcart.java:109)
at Testlayer.Shoppingcart.close(Shoppingcart.java:109)
at Testlayer.Shoppingcart.close(Shoppingcart.java:109)
at Testlayer.Shoppingcart.close(Shoppingcart.java:109)
at Testlayer.Shoppingcart.close(Shoppingcart.java:109)
at Testlayer.Shoppingcart.close(Shoppingcart.java:109)
at Testlayer.Shoppingcart.close(Shoppingcart.java:109)
at Testlayer.Shoppingcart.close(Shoppingcart.java:109)
at Testlayer.Shoppingcart.close(Shoppingcart.java:109)
at Testlayer.Shoppingcart.close(Shoppingcart.java:109)
at Testlayer.Shoppingcart.close(Shoppingcart.java:109)
at Testlayer.Shoppingcart.close(Shoppingcart.java:109)
at Testlayer.Shoppingcart.close(Shoppingcart.java:109)
at Testlayer.Shoppingcart.close(Shoppingcart.java:109)
at Testlayer.Shoppingcart.close(Shoppingcart.java:109)
at Testlayer.Shoppingcart.close(Shoppingcart.java:109)
at Testlayer.Shoppingcart.close(Shoppingcart.java:109)
at Testlayer.Shoppingcart.close(Shoppingcart.java:109)
at Testlayer.Shoppingcart.close(Shoppingcart.java:109)
at Testlayer.Shoppingcart.close(Shoppingcart.java:109)
at Testlayer.Shoppingcart.close(Shoppingcart.java:109)
at Testlayer.Shoppingcart.close(Shoppingcart.java:109)
at Testlayer.Shoppingcart.close(Shoppingcart.java:109)
at Testlayer.Shoppingcart.close(Shoppingcart.java:109)
at Testlayer.Shoppingcart.close(Shoppingcart.java:109)
at Testlayer.Shoppingcart.close(Shoppingcart.java:109)
at Testlayer.Shoppingcart.close(Shoppingcart.java:109)
at Testlayer.Shoppingcart.close(Shoppingcart.java:109)
at Testlayer.Shoppingcart.close(Shoppingcart.java:109)
at Testlayer.Shoppingcart.close(Shoppingcart.java:109)
at Testlayer.Shoppingcart.close(Shoppingcart.java:109)
at Testlayer.Shoppingcart.close(Shoppingcart.java:109)
at Testlayer.Shoppingcart.close(Shoppingcart.java:109)
at Testlayer.Shoppingcart.close(Shoppingcart.java:109)
at Testlayer.Shoppingcart.close(Shoppingcart.java:109)
at Testlayer.Shoppingcart.close(Shoppingcart.java:109)
at Testlayer.Shoppingcart.close(Shoppingcart.java:109)
at Testlayer.Shoppingcart.close(Shoppingcart.java:109)
at Testlayer.Shoppingcart.close(Shoppingcart.java:109)
at Testlayer.Shoppingcart.close(Shoppingcart.java:109)
at Testlayer.Shoppingcart.close(Shoppingcart.java:109)
at Testlayer.Shoppingcart.close(Shoppingcart.java:109)
at Testlayer.Shoppingcart.close(Shoppingcart.java:109)
at Testlayer.Shoppingcart.close(Shoppingcart.java:109)
at Testlayer.Shoppingcart.close(Shoppingcart.java:109)
at Testlayer.Shoppingcart.close(Shoppingcart.java:109)
at Testlayer.Shoppingcart.close(Shoppingcart.java:109)
at Testlayer.Shoppingcart.close(Shoppingcart.java:109)
at Testlayer.Shoppingcart.close(Shoppingcart.java:109)
at Testlayer.Shoppingcart.close(Shoppingcart.java:109)
at Testlayer.Shoppingcart.close(Shoppingcart.java:109)
at Testlayer.Shoppingcart.close(Shoppingcart.java:109)
at Testlayer.Shoppingcart.close(Shoppingcart.java:109)
at Testlayer.Shoppingcart.close(Shoppingcart.java:109)
at Testlayer.Shoppingcart.close(Shoppingcart.java:109)
at Testlayer.Shoppingcart.close(Shoppingcart.java:109)
at Testlayer.Shoppingcart.close(Shoppingcart.java:109)
at Testlayer.Shoppingcart.close(Shoppingcart.java:109)
at Testlayer.Shoppingcart.close(Shoppingcart.java:109)
at Testlayer.Shoppingcart.close(Shoppingcart.java:109)
at Testlayer.Shoppingcart.close(Shoppingcart.java:109)
at Testlayer.Shoppingcart.close(Shoppingcart.java:109)
at Testlayer.Shoppingcart.close(Shoppingcart.java:109)
at Testlayer.Shoppingcart.close(Shoppingcart.java:109)
at Testlayer.Shoppingcart.close(Shoppingcart.java:109)
at Testlayer.Shoppingcart.close(Shoppingcart.java:109)
at Testlayer.Shoppingcart.close(Shoppingcart.java:109)
at Testlayer.Shoppingcart.close(Shoppingcart.java:109)
at Testlayer.Shoppingcart.close(Shoppingcart.java:109)
at Testlayer.Shoppingcart.close(Shoppingcart.java:109)
at Testlayer.Shoppingcart.close(Shoppingcart.java:109)
at Testlayer.Shoppingcart.close(Shoppingcart.java:109)
at Testlayer.Shoppingcart.close(Shoppingcart.java:109)
at Testlayer.Shoppingcart.close(Shoppingcart.java:109)
at Testlayer.Shoppingcart.close(Shoppingcart.java:109)
at Testlayer.Shoppingcart.close(Shoppingcart.java:109)
at Testlayer.Shoppingcart.close(Shoppingcart.java:109)
at Testlayer.Shoppingcart.close(Shoppingcart.java:109)
at Testlayer.Shoppingcart.close(Shoppingcart.java:109)
at Testlayer.Shoppingcart.close(Shoppingcart.java:109)
at Testlayer.Shoppingcart.close(Shoppingcart.java:109)
at Testlayer.Shoppingcart.close(Shoppingcart.java:109)
at Testlayer.Shoppingcart.close(Shoppingcart.java:109)
at Testlayer.Shoppingcart.close(Shoppingcart.java:109)
at Testlayer.Shoppingcart.close(Shoppingcart.java:109)
at Testlayer.Shoppingcart.close(Shoppingcart.java:109)
at Testlayer.Shoppingcart.close(Shoppingcart.java:109)
at Testlayer.Shoppingcart.close(Shoppingcart.java:109)
at Testlayer.Shoppingcart.close(Shoppingcart.java:109)
at Testlayer.Shoppingcart.close(Shoppingcart.java:109)
at Testlayer.Shoppingcart.close(Shoppingcart.java:109)
at Testlayer.Shoppingcart.close(Shoppingcart.java:109)
at Testlayer.Shoppingcart.close(Shoppingcart.java:109)
at Testlayer.Shoppingcart.close(Shoppingcart.java:109)
at Testlayer.Shoppingcart.close(Shoppingcart.java:109)
at Testlayer.Shoppingcart.close(Shoppingcart.java:109)
at Testlayer.Shoppingcart.close(Shoppingcart.java:109)
at Testlayer.Shoppingcart.close(Shoppingcart.java:109)
at Testlayer.Shoppingcart.close(Shoppingcart.java:109)
at Testlayer.Shoppingcart.close(Shoppingcart.java:109)
at Testlayer.Shoppingcart.close(Shoppingcart.java:109)
at Testlayer.Shoppingcart.close(Shoppingcart.java:109)
at Testlayer.Shoppingcart.close(Shoppingcart.java:109)
at Testlayer.Shoppingcart.close(Shoppingcart.java:109)
at Testlayer.Shoppingcart.close(Shoppingcart.java:109)
at Testlayer.Shoppingcart.close(Shoppingcart.java:109)
at Testlayer.Shoppingcart.close(Shoppingcart.java:109)
at Testlayer.Shoppingcart.close(Shoppingcart.java:109)
at Testlayer.Shoppingcart.close(Shoppingcart.java:109)
at Testlayer.Shoppingcart.close(Shoppingcart.java:109)
at Testlayer.Shoppingcart.close(Shoppingcart.java:109)
at Testlayer.Shoppingcart.close(Shoppingcart.java:109)
at Testlayer.Shoppingcart.close(Shoppingcart.java:109)
at Testlayer.Shoppingcart.close(Shoppingcart.java:109)
at Testlayer.Shoppingcart.close(Shoppingcart.java:109)
at Testlayer.Shoppingcart.close(Shoppingcart.java:109)
at Testlayer.Shoppingcart.close(Shoppingcart.java:109)
at Testlayer.Shoppingcart.close(Shoppingcart.java:109)
at Testlayer.Shoppingcart.close(Shoppingcart.java:109)
at Testlayer.Shoppingcart.close(Shoppingcart.java:109)
at Testlayer.Shoppingcart.close(Shoppingcart.java:109)
at Testlayer.Shoppingcart.close(Shoppingcart.java:109)
at Testlayer.Shoppingcart.close(Shoppingcart.java:109)
at Testlayer.Shoppingcart.close(Shoppingcart.java:109)
at Testlayer.Shoppingcart.close(Shoppingcart.java:109)
at Testlayer.Shoppingcart.close(Shoppingcart.java:109)
at Testlayer.Shoppingcart.close(Shoppingcart.java:109)
at Testlayer.Shoppingcart.close(Shoppingcart.java:109)
at Testlayer.Shoppingcart.close(Shoppingcart.java:109)
at Testlayer.Shoppingcart.close(Shoppingcart.java:109)
at Testlayer.Shoppingcart.close(Shoppingcart.java:109)
at Testlayer.Shoppingcart.close(Shoppingcart.java:109)
at Testlayer.Shoppingcart.close(Shoppingcart.java:109)
at Testlayer.Shoppingcart.close(Shoppingcart.java:109)
at Testlayer.Shoppingcart.close(Shoppingcart.java:109)
at Testlayer.Shoppingcart.close(Shoppingcart.java:109)
at Testlayer.Shoppingcart.close(Shoppingcart.java:109)
at Testlayer.Shoppingcart.close(Shoppingcart.java:109)
at Testlayer.Shoppingcart.close(Shoppingcart.java:109)
at Testlayer.Shoppingcart.close(Shoppingcart.java:109)
at Testlayer.Shoppingcart.close(Shoppingcart.java:109)
at Testlayer.Shoppingcart.close(Shoppingcart.java:109)
at Testlayer.Shoppingcart.close(Shoppingcart.java:109)
at Testlayer.Shoppingcart.close(Shoppingcart.java:109)
at Testlayer.Shoppingcart.close(Shoppingcart.java:109)
at Testlayer.Shoppingcart.close(Shoppingcart.java:109)
at Testlayer.Shoppingcart.close(Shoppingcart.java:109)
at Testlayer.Shoppingcart.close(Shoppingcart.java:109)
at Testlayer.Shoppingcart.close(Shoppingcart.java:109)
at Testlayer.Shoppingcart.close(Shoppingcart.java:109)
at Testlayer.Shoppingcart.close(Shoppingcart.java:109)
at Testlayer.Shoppingcart.close(Shoppingcart.java:109)
at Testlayer.Shoppingcart.close(Shoppingcart.java:109)
at Testlayer.Shoppingcart.close(Shoppingcart.java:109)
at Testlayer.Shoppingcart.close(Shoppingcart.java:109)
at Testlayer.Shoppingcart.close(Shoppingcart.java:109)
at Testlayer.Shoppingcart.close(Shoppingcart.java:109)
at Testlayer.Shoppingcart.close(Shoppingcart.java:109)
at Testlayer.Shoppingcart.close(Shoppingcart.java:109)
at Testlayer.Shoppingcart.close(Shoppingcart.java:109)
at Testlayer.Shoppingcart.close(Shoppingcart.java:109)
at Testlayer.Shoppingcart.close(Shoppingcart.java:109)
at Testlayer.Shoppingcart.close(Shoppingcart.java:109)
at Testlayer.Shoppingcart.close(Shoppingcart.java:109)
at Testlayer.Shoppingcart.close(Shoppingcart.java:109)
at Testlayer.Shoppingcart.close(Shoppingcart.java:109)
at Testlayer.Shoppingcart.close(Shoppingcart.java:109)
at Testlayer.Shoppingcart.close(Shoppingcart.java:109)
at Testlayer.Shoppingcart.close(Shoppingcart.java:109)
at Testlayer.Shoppingcart.close(Shoppingcart.java:109)
at Testlayer.Shoppingcart.close(Shoppingcart.java:109)
at Testlayer.Shoppingcart.close(Shoppingcart.java:109)
at Testlayer.Shoppingcart.close(Shoppingcart.java:109)
at Testlayer.Shoppingcart.close(Shoppingcart.java:109)
at Testlayer.Shoppingcart.close(Shoppingcart.java:109)
at Testlayer.Shoppingcart.close(Shoppingcart.java:109)
at Testlayer.Shoppingcart.close(Shoppingcart.java:109)
at Testlayer.Shoppingcart.close(Shoppingcart.java:109)
at Testlayer.Shoppingcart.close(Shoppingcart.java:109)
at Testlayer.Shoppingcart.close(Shoppingcart.java:109)
at Testlayer.Shoppingcart.close(Shoppingcart.java:109)
at Testlayer.Shoppingcart.close(Shoppingcart.java:109)
at Testlayer.Shoppingcart.close(Shoppingcart.java:109)
at Testlayer.Shoppingcart.close(Shoppingcart.java:109)
at Testlayer.Shoppingcart.close(Shoppingcart.java:109)
at Testlayer.Shoppingcart.close(Shoppingcart.java:109)
at Testlayer.Shoppingcart.close(Shoppingcart.java:109)
at Testlayer.Shoppingcart.close(Shoppingcart.java:109)
at Testlayer.Shoppingcart.close(Shoppingcart.java:109)
at Testlayer.Shoppingcart.close(Shoppingcart.java:109)
at Testlayer.Shoppingcart.close(Shoppingcart.java:109)
at Testlayer.Shoppingcart.close(Shoppingcart.java:109)
at Testlayer.Shoppingcart.close(Shoppingcart.java:109)
at Testlayer.Shoppingcart.close(Shoppingcart.java:109)
at Testlayer.Shoppingcart.close(Shoppingcart.java:109)
at Testlayer.Shoppingcart.close(Shoppingcart.java:109)
at Testlayer.Shoppingcart.close(Shoppingcart.java:109)
at Testlayer.Shoppingcart.close(Shoppingcart.java:109)
at Testlayer.Shoppingcart.close(Shoppingcart.java:109)
at Testlayer.Shoppingcart.close(Shoppingcart.java:109)
at Testlayer.Shoppingcart.close(Shoppingcart.java:109)
at Testlayer.Shoppingcart.close(Shoppingcart.java:109)
at Testlayer.Shoppingcart.close(Shoppingcart.java:109)
at Testlayer.Shoppingcart.close(Shoppingcart.java:109)
at Testlayer.Shoppingcart.close(Shoppingcart.java:109)
at Testlayer.Shoppingcart.close(Shoppingcart.java:109)
at Testlayer.Shoppingcart.close(Shoppingcart.java:109)
at Testlayer.Shoppingcart.close(Shoppingcart.java:109)
at Testlayer.Shoppingcart.close(Shoppingcart.java:109)
at Testlayer.Shoppingcart.close(Shoppingcart.java:109)
at Testlayer.Shoppingcart.close(Shoppingcart.java:109)
at Testlayer.Shoppingcart.close(Shoppingcart.java:109)
at Testlayer.Shoppingcart.close(Shoppingcart.java:109)
at Testlayer.Shoppingcart.close(Shoppingcart.java:109)
at Testlayer.Shoppingcart.close(Shoppingcart.java:109)
at Testlayer.Shoppingcart.close(Shoppingcart.java:109)
at Testlayer.Shoppingcart.close(Shoppingcart.java:109)
at Testlayer.Shoppingcart.close(Shoppingcart.java:109)
at Testlayer.Shoppingcart.close(Shoppingcart.java:109)
at Testlayer.Shoppingcart.close(Shoppingcart.java:109)
at Testlayer.Shoppingcart.close(Shoppingcart.java:109)
at Testlayer.Shoppingcart.close(Shoppingcart.java:109)
at Testlayer.Shoppingcart.close(Shoppingcart.java:109)
at Testlayer.Shoppingcart.close(Shoppingcart.java:109)
at Testlayer.Shoppingcart.close(Shoppingcart.java:109)
at Testlayer.Shoppingcart.close(Shoppingcart.java:109)
at Testlayer.Shoppingcart.close(Shoppingcart.java:109)
at Testlayer.Shoppingcart.close(Shoppingcart.java:109)
at Testlayer.Shoppingcart.close(Shoppingcart.java:109)
at Testlayer.Shoppingcart.close(Shoppingcart.java:109)
at Testlayer.Shoppingcart.close(Shoppingcart.java:109)
at Testlayer.Shoppingcart.close(Shoppingcart.java:109)
at Testlayer.Shoppingcart.close(Shoppingcart.java:109)
at Testlayer.Shoppingcart.close(Shoppingcart.java:109)
at Testlayer.Shoppingcart.close(Shoppingcart.java:109)
at Testlayer.Shoppingcart.close(Shoppingcart.java:109)
at Testlayer.Shoppingcart.close(Shoppingcart.java:109)
at Testlayer.Shoppingcart.close(Shoppingcart.java:109)
at Testlayer.Shoppingcart.close(Shoppingcart.java:109)
at Testlayer.Shoppingcart.close(Shoppingcart.java:109)
at Testlayer.Shoppingcart.close(Shoppingcart.java:109)
at Testlayer.Shoppingcart.close(Shoppingcart.java:109)
at Testlayer.Shoppingcart.close(Shoppingcart.java:109)
at Testlayer.Shoppingcart.close(Shoppingcart.java:109)
at Testlayer.Shoppingcart.close(Shoppingcart.java:109)
at Testlayer.Shoppingcart.close(Shoppingcart.java:109)
at Testlayer.Shoppingcart.close(Shoppingcart.java:109)
at Testlayer.Shoppingcart.close(Shoppingcart.java:109)
at Testlayer.Shoppingcart.close(Shoppingcart.java:109)
at Testlayer.Shoppingcart.close(Shoppingcart.java:109)
at Testlayer.Shoppingcart.close(Shoppingcart.java:109)
at Testlayer.Shoppingcart.close(Shoppingcart.java:109)
at Testlayer.Shoppingcart.close(Shoppingcart.java:109)
at Testlayer.Shoppingcart.close(Shoppingcart.java:109)
at Testlayer.Shoppingcart.close(Shoppingcart.java:109)
at Testlayer.Shoppingcart.close(Shoppingcart.java:109)
at Testlayer.Shoppingcart.close(Shoppingcart.java:109)
at Testlayer.Shoppingcart.close(Shoppingcart.java:109)
at Testlayer.Shoppingcart.close(Shoppingcart.java:109)
at Testlayer.Shoppingcart.close(Shoppingcart.java:109)
at Testlayer.Shoppingcart.close(Shoppingcart.java:109)
at Testlayer.Shoppingcart.close(Shoppingcart.java:109)
at Testlayer.Shoppingcart.close(Shoppingcart.java:109)
at Testlayer.Shoppingcart.close(Shoppingcart.java:109)
at Testlayer.Shoppingcart.close(Shoppingcart.java:109)
at Testlayer.Shoppingcart.close(Shoppingcart.java:109)
at Testlayer.Shoppingcart.close(Shoppingcart.java:109)
at Testlayer.Shoppingcart.close(Shoppingcart.java:109)
at Testlayer.Shoppingcart.close(Shoppingcart.java:109)
at Testlayer.Shoppingcart.close(Shoppingcart.java:109)
at Testlayer.Shoppingcart.close(Shoppingcart.java:109)
at Testlayer.Shoppingcart.close(Shoppingcart.java:109)
at Testlayer.Shoppingcart.close(Shoppingcart.java:109)
at Testlayer.Shoppingcart.close(Shoppingcart.java:109)
at Testlayer.Shoppingcart.close(Shoppingcart.java:109)
at Testlayer.Shoppingcart.close(Shoppingcart.java:109)
at Testlayer.Shoppingcart.close(Shoppingcart.java:109)
at Testlayer.Shoppingcart.close(Shoppingcart.java:109)
at Testlayer.Shoppingcart.close(Shoppingcart.java:109)
at Testlayer.Shoppingcart.close(Shoppingcart.java:109)
at Testlayer.Shoppingcart.close(Shoppingcart.java:109)
at Testlayer.Shoppingcart.close(Shoppingcart.java:109)
at Testlayer.Shoppingcart.close(Shoppingcart.java:109)
at Testlayer.Shoppingcart.close(Shoppingcart.java:109)
at Testlayer.Shoppingcart.close(Shoppingcart.java:109)
at Testlayer.Shoppingcart.close(Shoppingcart.java:109)
at Testlayer.Shoppingcart.close(Shoppingcart.java:109)
at Testlayer.Shoppingcart.close(Shoppingcart.java:109)
at Testlayer.Shoppingcart.close(Shoppingcart.java:109)
at Testlayer.Shoppingcart.close(Shoppingcart.java:109)
at Testlayer.Shoppingcart.close(Shoppingcart.java:109)
at Testlayer.Shoppingcart.close(Shoppingcart.java:109)
at Testlayer.Shoppingcart.close(Shoppingcart.java:109)
at Testlayer.Shoppingcart.close(Shoppingcart.java:109)
at Testlayer.Shoppingcart.close(Shoppingcart.java:109)
at Testlayer.Shoppingcart.close(Shoppingcart.java:109)
at Testlayer.Shoppingcart.close(Shoppingcart.java:109)
at Testlayer.Shoppingcart.close(Shoppingcart.java:109)
at Testlayer.Shoppingcart.close(Shoppingcart.java:109)
at Testlayer.Shoppingcart.close(Shoppingcart.java:109)
at Testlayer.Shoppingcart.close(Shoppingcart.java:109)
at Testlayer.Shoppingcart.close(Shoppingcart.java:109)
at Testlayer.Shoppingcart.close(Shoppingcart.java:109)
at Testlayer.Shoppingcart.close(Shoppingcart.java:109)
at Testlayer.Shoppingcart.close(Shoppingcart.java:109)
at Testlayer.Shoppingcart.close(Shoppingcart.java:109)
at Testlayer.Shoppingcart.close(Shoppingcart.java:109)
at Testlayer.Shoppingcart.close(Shoppingcart.java:109)
at Testlayer.Shoppingcart.close(Shoppingcart.java:109)
at Testlayer.Shoppingcart.close(Shoppingcart.java:109)
at Testlayer.Shoppingcart.close(Shoppingcart.java:109)
at Testlayer.Shoppingcart.close(Shoppingcart.java:109)
at Testlayer.Shoppingcart.close(Shoppingcart.java:109)
at Testlayer.Shoppingcart.close(Shoppingcart.java:109)
at Testlayer.Shoppingcart.close(Shoppingcart.java:109)
at Testlayer.Shoppingcart.close(Shoppingcart.java:109)
at Testlayer.Shoppingcart.close(Shoppingcart.java:109)
at Testlayer.Shoppingcart.close(Shoppingcart.java:109)
at Testlayer.Shoppingcart.close(Shoppingcart.java:109)
at Testlayer.Shoppingcart.close(Shoppingcart.java:109)
at Testlayer.Shoppingcart.close(Shoppingcart.java:109)
at Testlayer.Shoppingcart.close(Shoppingcart.java:109)
at Testlayer.Shoppingcart.close(Shoppingcart.java:109)
at Testlayer.Shoppingcart.close(Shoppingcart.java:109)
at Testlayer.Shoppingcart.close(Shoppingcart.java:109)
at Testlayer.Shoppingcart.close(Shoppingcart.java:109)
at Testlayer.Shoppingcart.close(Shoppingcart.java:109)
at Testlayer.Shoppingcart.close(Shoppingcart.java:109)
at Testlayer.Shoppingcart.close(Shoppingcart.java:109)
at Testlayer.Shoppingcart.close(Shoppingcart.java:109)
at Testlayer.Shoppingcart.close(Shoppingcart.java:109)
at Testlayer.Shoppingcart.close(Shoppingcart.java:109)
at Testlayer.Shoppingcart.close(Shoppingcart.java:109)
at Testlayer.Shoppingcart.close(Shoppingcart.java:109)
at Testlayer.Shoppingcart.close(Shoppingcart.java:109)
at Testlayer.Shoppingcart.close(Shoppingcart.java:109)
at Testlayer.Shoppingcart.close(Shoppingcart.java:109)
at Testlayer.Shoppingcart.close(Shoppingcart.java:109)
at Testlayer.Shoppingcart.close(Shoppingcart.java:109)
at Testlayer.Shoppingcart.close(Shoppingcart.java:109)
at Testlayer.Shoppingcart.close(Shoppingcart.java:109)
at Testlayer.Shoppingcart.close(Shoppingcart.java:109)
at Testlayer.Shoppingcart.close(Shoppingcart.java:109)
at Testlayer.Shoppingcart.close(Shoppingcart.java:109)
at Testlayer.Shoppingcart.close(Shoppingcart.java:109)
at Testlayer.Shoppingcart.close(Shoppingcart.java:109)
at Testlayer.Shoppingcart.close(Shoppingcart.java:109)
at Testlayer.Shoppingcart.close(Shoppingcart.java:109)
at Testlayer.Shoppingcart.close(Shoppingcart.java:109)
at Testlayer.Shoppingcart.close(Shoppingcart.java:109)
at Testlayer.Shoppingcart.close(Shoppingcart.java:109)
at Testlayer.Shoppingcart.close(Shoppingcart.java:109)
at Testlayer.Shoppingcart.close(Shoppingcart.java:109)
at Testlayer.Shoppingcart.close(Shoppingcart.java:109)
at Testlayer.Shoppingcart.close(Shoppingcart.java:109)
at Testlayer.Shoppingcart.close(Shoppingcart.java:109)
at Testlayer.Shoppingcart.close(Shoppingcart.java:109)
at Testlayer.Shoppingcart.close(Shoppingcart.java:109)
at Testlayer.Shoppingcart.close(Shoppingcart.java:109)
at Testlayer.Shoppingcart.close(Shoppingcart.java:109)
at Testlayer.Shoppingcart.close(Shoppingcart.java:109)
at Testlayer.Shoppingcart.close(Shoppingcart.java:109)
at Testlayer.Shoppingcart.close(Shoppingcart.java:109)
at Testlayer.Shoppingcart.close(Shoppingcart.java:109)
at Testlayer.Shoppingcart.close(Shoppingcart.java:109)
at Testlayer.Shoppingcart.close(Shoppingcart.java:109)
at Testlayer.Shoppingcart.close(Shoppingcart.java:109)
at Testlayer.Shoppingcart.close(Shoppingcart.java:109)
at Testlayer.Shoppingcart.close(Shoppingcart.java:109)
at Testlayer.Shoppingcart.close(Shoppingcart.java:109)
at Testlayer.Shoppingcart.close(Shoppingcart.java:109)
at Testlayer.Shoppingcart.close(Shoppingcart.java:109)
at Testlayer.Shoppingcart.close(Shoppingcart.java:109)
at Testlayer.Shoppingcart.close(Shoppingcart.java:109)
at Testlayer.Shoppingcart.close(Shoppingcart.java:109)
at Testlayer.Shoppingcart.close(Shoppingcart.java:109)
at Testlayer.Shoppingcart.close(Shoppingcart.java:109)
at Testlayer.Shoppingcart.close(Shoppingcart.java:109)
at Testlayer.Shoppingcart.close(Shoppingcart.java:109)
at Testlayer.Shoppingcart.close(Shoppingcart.java:109)
at Testlayer.Shoppingcart.close(Shoppingcart.java:109)
at Testlayer.Shoppingcart.close(Shoppingcart.java:109)
at Testlayer.Shoppingcart.close(Shoppingcart.java:109)
at Testlayer.Shoppingcart.close(Shoppingcart.java:109)
at Testlayer.Shoppingcart.close(Shoppingcart.java:109)
at Testlayer.Shoppingcart.close(Shoppingcart.java:109)
at Testlayer.Shoppingcart.close(Shoppingcart.java:109)
at Testlayer.Shoppingcart.close(Shoppingcart.java:109)
at Testlayer.Shoppingcart.close(Shoppingcart.java:109)
at Testlayer.Shoppingcart.close(Shoppingcart.java:109)
at Testlayer.Shoppingcart.close(Shoppingcart.java:109)
at Testlayer.Shoppingcart.close(Shoppingcart.java:109)
at Testlayer.Shoppingcart.close(Shoppingcart.java:109)
at Testlayer.Shoppingcart.close(Shoppingcart.java:109)
at Testlayer.Shoppingcart.close(Shoppingcart.java:109)
at Testlayer.Shoppingcart.close(Shoppingcart.java:109)
at Testlayer.Shoppingcart.close(Shoppingcart.java:109)
at Testlayer.Shoppingcart.close(Shoppingcart.java:109)
at Testlayer.Shoppingcart.close(Shoppingcart.java:109)
at Testlayer.Shoppingcart.close(Shoppingcart.java:109)
at Testlayer.Shoppingcart.close(Shoppingcart.java:109)
at Testlayer.Shoppingcart.close(Shoppingcart.java:109)
at Testlayer.Shoppingcart.close(Shoppingcart.java:109)
at Testlayer.Shoppingcart.close(Shoppingcart.java:109)
at Testlayer.Shoppingcart.close(Shoppingcart.java:109)
at Testlayer.Shoppingcart.close(Shoppingcart.java:109)
at Testlayer.Shoppingcart.close(Shoppingcart.java:109)
at Testlayer.Shoppingcart.close(Shoppingcart.java:109)
at Testlayer.Shoppingcart.close(Shoppingcart.java:109)
at Testlayer.Shoppingcart.close(Shoppingcart.java:109)
at Testlayer.Shoppingcart.close(Shoppingcart.java:109)
at Testlayer.Shoppingcart.close(Shoppingcart.java:109)
at Testlayer.Shoppingcart.close(Shoppingcart.java:109)
at Testlayer.Shoppingcart.close(Shoppingcart.java:109)
at Testlayer.Shoppingcart.close(Shoppingcart.java:109)
at Testlayer.Shoppingcart.close(Shoppingcart.java:109)
at Testlayer.Shoppingcart.close(Shoppingcart.java:109)
at Testlayer.Shoppingcart.close(Shoppingcart.java:109)
at Testlayer.Shoppingcart.close(Shoppingcart.java:109)
at Testlayer.Shoppingcart.close(Shoppingcart.java:109)
at Testlayer.Shoppingcart.close(Shoppingcart.java:109)
at Testlayer.Shoppingcart.close(Shoppingcart.java:109)
at Testlayer.Shoppingcart.close(Shoppingcart.java:109)
at Testlayer.Shoppingcart.close(Shoppingcart.java:109)
at Testlayer.Shoppingcart.close(Shoppingcart.java:109)
at Testlayer.Shoppingcart.close(Shoppingcart.java:109)
at Testlayer.Shoppingcart.close(Shoppingcart.java:109)
at Testlayer.Shoppingcart.close(Shoppingcart.java:109)
at Testlayer.Shoppingcart.close(Shoppingcart.java:109)
at Testlayer.Shoppingcart.close(Shoppingcart.java:109)
at Testlayer.Shoppingcart.close(Shoppingcart.java:109)
at Testlayer.Shoppingcart.close(Shoppingcart.java:109)
at Testlayer.Shoppingcart.close(Shoppingcart.java:109)
at Testlayer.Shoppingcart.close(Shoppingcart.java:109)
at Testlayer.Shoppingcart.close(Shoppingcart.java:109)
at Testlayer.Shoppingcart.close(Shoppingcart.java:109)
at Testlayer.Shoppingcart.close(Shoppingcart.java:109)
at Testlayer.Shoppingcart.close(Shoppingcart.java:109)
at Testlayer.Shoppingcart.close(Shoppingcart.java:109)
at Testlayer.Shoppingcart.close(Shoppingcart.java:109)
at Testlayer.Shoppingcart.close(Shoppingcart.java:109)
at Testlayer.Shoppingcart.close(Shoppingcart.java:109)
at Testlayer.Shoppingcart.close(Shoppingcart.java:109)
at Testlayer.Shoppingcart.close(Shoppingcart.java:109)
at Testlayer.Shoppingcart.close(Shoppingcart.java:109)
at Testlayer.Shoppingcart.close(Shoppingcart.java:109)
at Testlayer.Shoppingcart.close(Shoppingcart.java:109)
at Testlayer.Shoppingcart.close(Shoppingcart.java:109)
at Testlayer.Shoppingcart.close(Shoppingcart.java:109)
at Testlayer.Shoppingcart.close(Shoppingcart.java:109)
at Testlayer.Shoppingcart.close(Shoppingcart.java:109)
at Testlayer.Shoppingcart.close(Shoppingcart.java:109)
at Testlayer.Shoppingcart.close(Shoppingcart.java:109)
at Testlayer.Shoppingcart.close(Shoppingcart.java:109)
at Testlayer.Shoppingcart.close(Shoppingcart.java:109)
at Testlayer.Shoppingcart.close(Shoppingcart.java:109)
at Testlayer.Shoppingcart.close(Shoppingcart.java:109)
at Testlayer.Shoppingcart.close(Shoppingcart.java:109)
at Testlayer.Shoppingcart.close(Shoppingcart.java:109)
at Testlayer.Shoppingcart.close(Shoppingcart.java:109)
at Testlayer.Shoppingcart.close(Shoppingcart.java:109)
at Testlayer.Shoppingcart.close(Shoppingcart.java:109)
at Testlayer.Shoppingcart.close(Shoppingcart.java:109)
at Testlayer.Shoppingcart.close(Shoppingcart.java:109)
at Testlayer.Shoppingcart.close(Shoppingcart.java:109)
at Testlayer.Shoppingcart.close(Shoppingcart.java:109)
at Testlayer.Shoppingcart.close(Shoppingcart.java:109)
at Testlayer.Shoppingcart.close(Shoppingcart.java:109)
at Testlayer.Shoppingcart.close(Shoppingcart.java:109)
at Testlayer.Shoppingcart.close(Shoppingcart.java:109)
at Testlayer.Shoppingcart.close(Shoppingcart.java:109)
at Testlayer.Shoppingcart.close(Shoppingcart.java:109)
at Testlayer.Shoppingcart.close(Shoppingcart.java:109)
at Testlayer.Shoppingcart.close(Shoppingcart.java:109)
at Testlayer.Shoppingcart.close(Shoppingcart.java:109)
at Testlayer.Shoppingcart.close(Shoppingcart.java:109)
at Testlayer.Shoppingcart.close(Shoppingcart.java:109)
at Testlayer.Shoppingcart.close(Shoppingcart.java:109)
at Testlayer.Shoppingcart.close(Shoppingcart.java:109)
at Testlayer.Shoppingcart.close(Shoppingcart.java:109)
at Testlayer.Shoppingcart.close(Shoppingcart.java:109)
at Testlayer.Shoppingcart.close(Shoppingcart.java:109)
at Testlayer.Shoppingcart.close(Shoppingcart.java:109)
at Testlayer.Shoppingcart.close(Shoppingcart.java:109)
at Testlayer.Shoppingcart.close(Shoppingcart.java:109)
at Testlayer.Shoppingcart.close(Shoppingcart.java:109)
at Testlayer.Shoppingcart.close(Shoppingcart.java:109)
at Testlayer.Shoppingcart.close(Shoppingcart.java:109)
at Testlayer.Shoppingcart.close(Shoppingcart.java:109)
at Testlayer.Shoppingcart.close(Shoppingcart.java:109)
at Testlayer.Shoppingcart.close(Shoppingcart.java:109)
at Testlayer.Shoppingcart.close(Shoppingcart.java:109)
at Testlayer.Shoppingcart.close(Shoppingcart.java:109)
at Testlayer.Shoppingcart.close(Shoppingcart.java:109)
at Testlayer.Shoppingcart.close(Shoppingcart.java:109)
at Testlayer.Shoppingcart.close(Shoppingcart.java:109)
at Testlayer.Shoppingcart.close(Shoppingcart.java:109)
at Testlayer.Shoppingcart.close(Shoppingcart.java:109)
at Testlayer.Shoppingcart.close(Shoppingcart.java:109)
at Testlayer.Shoppingcart.close(Shoppingcart.java:109)
at Testlayer.Shoppingcart.close(Shoppingcart.java:109)
at Testlayer.Shoppingcart.close(Shoppingcart.java:109)
at Testlayer.Shoppingcart.close(Shoppingcart.java:109)
at Testlayer.Shoppingcart.close(Shoppingcart.java:109)
at Testlayer.Shoppingcart.close(Shoppingcart.java:109)
at Testlayer.Shoppingcart.close(Shoppingcart.java:109)
at Testlayer.Shoppingcart.close(Shoppingcart.java:109)
at Testlayer.Shoppingcart.close(Shoppingcart.java:109)
at Testlayer.Shoppingcart.close(Shoppingcart.java:109)
at Testlayer.Shoppingcart.close(Shoppingcart.java:109)
at Testlayer.Shoppingcart.close(Shoppingcart.java:109)
at Testlayer.Shoppingcart.close(Shoppingcart.java:109)
at Testlayer.Shoppingcart.close(Shoppingcart.java:109)
at Testlayer.Shoppingcart.close(Shoppingcart.java:109)
at Testlayer.Shoppingcart.close(Shoppingcart.java:109)
at Testlayer.Shoppingcart.close(Shoppingcart.java:109)
at Testlayer.Shoppingcart.close(Shoppingcart.java:109)
at Testlayer.Shoppingcart.close(Shoppingcart.java:109)
at Testlayer.Shoppingcart.close(Shoppingcart.java:109)
at Testlayer.Shoppingcart.close(Shoppingcart.java:109)
at Testlayer.Shoppingcart.close(Shoppingcart.java:109)
at Testlayer.Shoppingcart.close(Shoppingcart.java:109)
at Testlayer.Shoppingcart.close(Shoppingcart.java:109)
at Testlayer.Shoppingcart.close(Shoppingcart.java:109)
at Testlayer.Shoppingcart.close(Shoppingcart.java:109)
at Testlayer.Shoppingcart.close(Shoppingcart.java:109)
at Testlayer.Shoppingcart.close(Shoppingcart.java:109)
at Testlayer.Shoppingcart.close(Shoppingcart.java:109)
at Testlayer.Shoppingcart.close(Shoppingcart.java:109)
at Testlayer.Shoppingcart.close(Shoppingcart.java:109)
at Testlayer.Shoppingcart.close(Shoppingcart.java:109)
at Testlayer.Shoppingcart.close(Shoppingcart.java:109)
at Testlayer.Shoppingcart.close(Shoppingcart.java:109)
at Testlayer.Shoppingcart.close(Shoppingcart.java:109)
at Testlayer.Shoppingcart.close(Shoppingcart.java:109)
at Testlayer.Shoppingcart.close(Shoppingcart.java:109)
at Testlayer.Shoppingcart.close(Shoppingcart.java:109)
at Testlayer.Shoppingcart.close(Shoppingcart.java:109)
at Testlayer.Shoppingcart.close(Shoppingcart.java:109)
at Testlayer.Shoppingcart.close(Shoppingcart.java:109)
at Testlayer.Shoppingcart.close(Shoppingcart.java:109)
at Testlayer.Shoppingcart.close(Shoppingcart.java:109)
at Testlayer.Shoppingcart.close(Shoppingcart.java:109)
at Testlayer.Shoppingcart.close(Shoppingcart.java:109)
at Testlayer.Shoppingcart.close(Shoppingcart.java:109)
at Testlayer.Shoppingcart.close(Shoppingcart.java:109)
at Testlayer.Shoppingcart.close(Shoppingcart.java:109)
at Testlayer.Shoppingcart.close(Shoppingcart.java:109)
at Testlayer.Shoppingcart.close(Shoppingcart.java:109)
at Testlayer.Shoppingcart.close(Shoppingcart.java:109)
at Testlayer.Shoppingcart.close(Shoppingcart.java:109)
at Testlayer.Shoppingcart.close(Shoppingcart.java:109)
at Testlayer.Shoppingcart.close(Shoppingcart.java:109)
at Testlayer.Shoppingcart.close(Shoppingcart.java:109)
at Testlayer.Shoppingcart.close(Shoppingcart.java:109)
at Testlayer.Shoppingcart.close(Shoppingcart.java:109)
at Testlayer.Shoppingcart.close(Shoppingcart.java:109)
at Testlayer.Shoppingcart.close(Shoppingcart.java:109)
at Testlayer.Shoppingcart.close(Shoppingcart.java:109)
at Testlayer.Shoppingcart.close(Shoppingcart.java:109)
at Testlayer.Shoppingcart.close(Shoppingcart.java:109)
at Testlayer.Shoppingcart.close(Shoppingcart.java:109)
at Testlayer.Shoppingcart.close(Shoppingcart.java:109)
at Testlayer.Shoppingcart.close(Shoppingcart.java:109)
at Testlayer.Shoppingcart.close(Shoppingcart.java:109)
at Testlayer.Shoppingcart.close(Shoppingcart.java:109)
at Testlayer.Shoppingcart.close(Shoppingcart.java:109)
at Testlayer.Shoppingcart.close(Shoppingcart.java:109)
at Testlayer.Shoppingcart.close(Shoppingcart.java:109)
at Testlayer.Shoppingcart.close(Shoppingcart.java:109)
at Testlayer.Shoppingcart.close(Shoppingcart.java:109)
at Testlayer.Shoppingcart.close(Shoppingcart.java:109)
at Testlayer.Shoppingcart.close(Shoppingcart.java:109)
at Testlayer.Shoppingcart.close(Shoppingcart.java:109)
at Testlayer.Shoppingcart.close(Shoppingcart.java:109)
at Testlayer.Shoppingcart.close(Shoppingcart.java:109)
at Testlayer.Shoppingcart.close(Shoppingcart.java:109)
at Testlayer.Shoppingcart.close(Shoppingcart.java:109)
at Testlayer.Shoppingcart.close(Shoppingcart.java:109)
at Testlayer.Shoppingcart.close(Shoppingcart.java:109)
at Testlayer.Shoppingcart.close(Shoppingcart.java:109)
at Testlayer.Shoppingcart.close(Shoppingcart.java:109)
at Testlayer.Shoppingcart.close(Shoppingcart.java:109)
at Testlayer.Shoppingcart.close(Shoppingcart.java:109)
at Testlayer.Shoppingcart.close(Shoppingcart.java:109)
at Testlayer.Shoppingcart.close(Shoppingcart.java:109)
at Testlayer.Shoppingcart.close(Shoppingcart.java:109)
at Testlayer.Shoppingcart.close(Shoppingcart.java:109)
at Testlayer.Shoppingcart.close(Shoppingcart.java:109)
at Testlayer.Shoppingcart.close(Shoppingcart.java:109)
at Testlayer.Shoppingcart.close(Shoppingcart.java:109)
at Testlayer.Shoppingcart.close(Shoppingcart.java:109)
at Testlayer.Shoppingcart.close(Shoppingcart.java:109)
at Testlayer.Shoppingcart.close(Shoppingcart.java:109)
at Testlayer.Shoppingcart.close(Shoppingcart.java:109)
at Testlayer.Shoppingcart.close(Shoppingcart.java:109)
at Testlayer.Shoppingcart.close(Shoppingcart.java:109)
at Testlayer.Shoppingcart.close(Shoppingcart.java:109)
at Testlayer.Shoppingcart.close(Shoppingcart.java:109)
at Testlayer.Shoppingcart.close(Shoppingcart.java:109)
at Testlayer.Shoppingcart.close(Shoppingcart.java:109)
at Testlayer.Shoppingcart.close(Shoppingcart.java:109)
at Testlayer.Shoppingcart.close(Shoppingcart.java:109)
at Testlayer.Shoppingcart.close(Shoppingcart.java:109)
at Testlayer.Shoppingcart.close(Shoppingcart.java:109)
at Testlayer.Shoppingcart.close(Shoppingcart.java:109)
at Testlayer.Shoppingcart.close(Shoppingcart.java:109)
at Testlayer.Shoppingcart.close(Shoppingcart.java:109)
at Testlayer.Shoppingcart.close(Shoppingcart.java:109)
at Testlayer.Shoppingcart.close(Shoppingcart.java:109)
at Testlayer.Shoppingcart.close(Shoppingcart.java:109)
at Testlayer.Shoppingcart.close(Shoppingcart.java:109)
at Testlayer.Shoppingcart.close(Shoppingcart.java:109)
at Testlayer.Shoppingcart.close(Shoppingcart.java:109)
at Testlayer.Shoppingcart.close(Shoppingcart.java:109)
at Testlayer.Shoppingcart.close(Shoppingcart.java:109)
at Testlayer.Shoppingcart.close(Shoppingcart.java:109)
at Testlayer.Shoppingcart.close(Shoppingcart.java:109)
at Testlayer.Shoppingcart.close(Shoppingcart.java:109)
at Testlayer.Shoppingcart.close(Shoppingcart.java:109)
at Testlayer.Shoppingcart.close(Shoppingcart.java:109)
at Testlayer.Shoppingcart.close(Shoppingcart.java:109)
at Testlayer.Shoppingcart.close(Shoppingcart.java:109)
at Testlayer.Shoppingcart.close(Shoppingcart.java:109)
at Testlayer.Shoppingcart.close(Shoppingcart.java:109)
at Testlayer.Shoppingcart.close(Shoppingcart.java:109)
at Testlayer.Shoppingcart.close(Shoppingcart.java:109)
at Testlayer.Shoppingcart.close(Shoppingcart.java:109)
at Testlayer.Shoppingcart.close(Shoppingcart.java:109)
at Testlayer.Shoppingcart.close(Shoppingcart.java:109)
at Testlayer.Shoppingcart.close(Shoppingcart.java:109)
at Testlayer.Shoppingcart.close(Shoppingcart.java:109)
at Testlayer.Shoppingcart.close(Shoppingcart.java:109)
at Testlayer.Shoppingcart.close(Shoppingcart.java:109)
at Testlayer.Shoppingcart.close(Shoppingcart.java:109)
at Testlayer.Shoppingcart.close(Shoppingcart.java:109)
at Testlayer.Shoppingcart.close(Shoppingcart.java:109)
at Testlayer.Shoppingcart.close(Shoppingcart.java:109)
at Testlayer.Shoppingcart.close(Shoppingcart.java:109)
at Testlayer.Shoppingcart.close(Shoppingcart.java:109)
at Testlayer.Shoppingcart.close(Shoppingcart.java:109)
at Testlayer.Shoppingcart.close(Shoppingcart.java:109)
at Testlayer.Shoppingcart.close(Shoppingcart.java:109)
at Testlayer.Shoppingcart.close(Shoppingcart.java:109)
at Testlayer.Shoppingcart.close(Shoppingcart.java:109)
at Testlayer.Shoppingcart.close(Shoppingcart.java:109)
at Testlayer.Shoppingcart.close(Shoppingcart.java:109)
at Testlayer.Shoppingcart.close(Shoppingcart.java:109)
at Testlayer.Shoppingcart.close(Shoppingcart.java:109)
at Testlayer.Shoppingcart.close(Shoppingcart.java:109)
at Testlayer.Shoppingcart.close(Shoppingcart.java:109)
at Testlayer.Shoppingcart.close(Shoppingcart.java:109)
at Testlayer.Shoppingcart.close(Shoppingcart.java:109)
at Testlayer.Shoppingcart.close(Shoppingcart.java:109)
at Testlayer.Shoppingcart.close(Shoppingcart.java:109)
at Testlayer.Shoppingcart.close(Shoppingcart.java:109)
at Testlayer.Shoppingcart.close(Shoppingcart.java:109)
at Testlayer.Shoppingcart.close(Shoppingcart.java:109)
at Testlayer.Shoppingcart.close(Shoppingcart.java:109)
at Testlayer.Shoppingcart.close(Shoppingcart.java:109)
at Testlayer.Shoppingcart.close(Shoppingcart.java:109)
at Testlayer.Shoppingcart.close(Shoppingcart.java:109)
at Testlayer.Shoppingcart.close(Shoppingcart.java:109)
at Testlayer.Shoppingcart.close(Shoppingcart.java:109)
at Testlayer.Shoppingcart.close(Shoppingcart.java:109)
at Testlayer.Shoppingcart.close(Shoppingcart.java:109)
at Testlayer.Shoppingcart.close(Shoppingcart.java:109)
at Testlayer.Shoppingcart.close(Shoppingcart.java:109)
at Testlayer.Shoppingcart.close(Shoppingcart.java:109)
at Testlayer.Shoppingcart.close(Shoppingcart.java:109)
at Testlayer.Shoppingcart.close(Shoppingcart.java:109)
at Testlayer.Shoppingcart.close(Shoppingcart.java:109)
at Testlayer.Shoppingcart.close(Shoppingcart.java:109)
at Testlayer.Shoppingcart.close(Shoppingcart.java:109)
at Testlayer.Shoppingcart.close(Shoppingcart.java:109)
at Testlayer.Shoppingcart.close(Shoppingcart.java:109)
at Testlayer.Shoppingcart.close(Shoppingcart.java:109)
at Testlayer.Shoppingcart.close(Shoppingcart.java:109)
at Testlayer.Shoppingcart.close(Shoppingcart.java:109)
at Testlayer.Shoppingcart.close(Shoppingcart.java:109)
at Testlayer.Shoppingcart.close(Shoppingcart.java:109)
at Testlayer.Shoppingcart.close(Shoppingcart.java:109)
at Testlayer.Shoppingcart.close(Shoppingcart.java:109)
at Testlayer.Shoppingcart.close(Shoppingcart.java:109)
at Testlayer.Shoppingcart.close(Shoppingcart.java:109)
at Testlayer.Shoppingcart.close(Shoppingcart.java:109)
at Testlayer.Shoppingcart.close(Shoppingcart.java:109)
at Testlayer.Shoppingcart.close(Shoppingcart.java:109)
at Testlayer.Shoppingcart.close(Shoppingcart.java:109)
at Testlayer.Shoppingcart.close(Shoppingcart.java:109)
at Testlayer.Shoppingcart.close(Shoppingcart.java:109)
at Testlayer.Shoppingcart.close(Shoppingcart.java:109)
at Testlayer.Shoppingcart.close(Shoppingcart.java:109)
at Testlayer.Shoppingcart.close(Shoppingcart.java:109)
at Testlayer.Shoppingcart.close(Shoppingcart.java:109)
at Testlayer.Shoppingcart.close(Shoppingcart.java:109)
at Testlayer.Shoppingcart.close(Shoppingcart.java:109)
at Testlayer.Shoppingcart.close(Shoppingcart.java:109)
at Testlayer.Shoppingcart.close(Shoppingcart.java:109)
at Testlayer.Shoppingcart.close(Shoppingcart.java:109)
at Testlayer.Shoppingcart.close(Shoppingcart.java:109)
at Testlayer.Shoppingcart.close(Shoppingcart.java:109)
at Testlayer.Shoppingcart.close(Shoppingcart.java:109)
at Testlayer.Shoppingcart.close(Shoppingcart.java:109)
at Testlayer.Shoppingcart.close(Shoppingcart.java:109)
at Testlayer.Shoppingcart.close(Shoppingcart.java:109)
at Testlayer.Shoppingcart.close(Shoppingcart.java:109)
at Testlayer.Shoppingcart.close(Shoppingcart.java:109)
at Testlayer.Shoppingcart.close(Shoppingcart.java:109)
at Testlayer.Shoppingcart.close(Shoppingcart.java:109)
at Testlayer.Shoppingcart.close(Shoppingcart.java:109)
at Testlayer.Shoppingcart.close(Shoppingcart.java:109)
at Testlayer.Shoppingcart.close(Shoppingcart.java:109)
at Testlayer.Shoppingcart.close(Shoppingcart.java:109)
at Testlayer.Shoppingcart.close(Shoppingcart.java:109)
at Testlayer.Shoppingcart.close(Shoppingcart.java:109)
at Testlayer.Shoppingcart.close(Shoppingcart.java:109)
at Testlayer.Shoppingcart.close(Shoppingcart.java:109)
at Testlayer.Shoppingcart.close(Shoppingcart.java:109)
at Testlayer.Shoppingcart.close(Shoppingcart.java:109)
at Testlayer.Shoppingcart.close(Shoppingcart.java:109)
at Testlayer.Shoppingcart.close(Shoppingcart.java:109)
at Testlayer.Shoppingcart.close(Shoppingcart.java:109)
at Testlayer.Shoppingcart.close(Shoppingcart.java:109)
at Testlayer.Shoppingcart.close(Shoppingcart.java:109)
at Testlayer.Shoppingcart.close(Shoppingcart.java:109)
at Testlayer.Shoppingcart.close(Shoppingcart.java:109)
at Testlayer.Shoppingcart.close(Shoppingcart.java:109)
at Testlayer.Shoppingcart.close(Shoppingcart.java:109)
at Testlayer.Shoppingcart.close(Shoppingcart.java:109)
at Testlayer.Shoppingcart.close(Shoppingcart.java:109)
at Testlayer.Shoppingcart.close(Shoppingcart.java:109)
at Testlayer.Shoppingcart.close(Shoppingcart.java:109)
at Testlayer.Shoppingcart.close(Shoppingcart.java:109)
at Testlayer.Shoppingcart.close(Shoppingcart.java:109)
at Testlayer.Shoppingcart.close(Shoppingcart.java:109)
at Testlayer.Shoppingcart.close(Shoppingcart.java:109)
at Testlayer.Shoppingcart.close(Shoppingcart.java:109)
at Testlayer.Shoppingcart.close(Shoppingcart.java:109)
at Testlayer.Shoppingcart.close(Shoppingcart.java:109)
at Testlayer.Shoppingcart.close(Shoppingcart.java:109)
at Testlayer.Shoppingcart.close(Shoppingcart.java:109)
at Testlayer.Shoppingcart.close(Shoppingcart.java:109)
at Testlayer.Shoppingcart.close(Shoppingcart.java:109)
at Testlayer.Shoppingcart.close(Shoppingcart.java:109)
at Testlayer.Shoppingcart.close(Shoppingcart.java:109)
at Testlayer.Shoppingcart.close(Shoppingcart.java:109)
at Testlayer.Shoppingcart.close(Shoppingcart.java:109)
at Testlayer.Shoppingcart.close(Shoppingcart.java:109)
at Testlayer.Shoppingcart.close(Shoppingcart.java:109)
at Testlayer.Shoppingcart.close(Shoppingcart.java:109)
at Testlayer.Shoppingcart.close(Shoppingcart.java:109)
at Testlayer.Shoppingcart.close(Shoppingcart.java:109)
at Testlayer.Shoppingcart.close(Shoppingcart.java:109)
at Testlayer.Shoppingcart.close(Shoppingcart.java:109)
at Testlayer.Shoppingcart.close(Shoppingcart.java:109)
at Testlayer.Shoppingcart.close(Shoppingcart.java:109)
at Testlayer.Shoppingcart.close(Shoppingcart.java:109)
at Testlayer.Shoppingcart.close(Shoppingcart.java:109)
at Testlayer.Shoppingcart.close(Shoppingcart.java:109)
at Testlayer.Shoppingcart.close(Shoppingcart.java:109)
at Testlayer.Shoppingcart.close(Shoppingcart.java:109)
at Testlayer.Shoppingcart.close(Shoppingcart.java:109)
at Testlayer.Shoppingcart.close(Shoppingcart.java:109)
at Testlayer.Shoppingcart.close(Shoppingcart.java:109)
at Testlayer.Shoppingcart.close(Shoppingcart.java:109)
at Testlayer.Shoppingcart.close(Shoppingcart.java:109)
at Testlayer.Shoppingcart.close(Shoppingcart.java:109)
at Testlayer.Shoppingcart.close(Shoppingcart.java:109)
at Testlayer.Shoppingcart.close(Shoppingcart.java:109)
at Testlayer.Shoppingcart.close(Shoppingcart.java:109)
at Testlayer.Shoppingcart.close(Shoppingcart.java:109)
at Testlayer.Shoppingcart.close(Shoppingcart.java:109)
at Testlayer.Shoppingcart.close(Shoppingcart.java:109)
at Testlayer.Shoppingcart.close(Shoppingcart.java:109)
at Testlayer.Shoppingcart.close(Shoppingcart.java:109)
at Testlayer.Shoppingcart.close(Shoppingcart.java:109)
at Testlayer.Shoppingcart.close(Shoppingcart.java:109)
at Testlayer.Shoppingcart.close(Shoppingcart.java:109)
at Testlayer.Shoppingcart.close(Shoppingcart.java:109)
at Testlayer.Shoppingcart.close(Shoppingcart.java:109)
at Testlayer.Shoppingcart.close(Shoppingcart.java:109)
at Testlayer.Shoppingcart.close(Shoppingcart.java:109)
at Testlayer.Shoppingcart.close(Shoppingcart.java:109)
at Testlayer.Shoppingcart.close(Shoppingcart.java:109)
at Testlayer.Shoppingcart.close(Shoppingcart.java:109)
at Testlayer.Shoppingcart.close(Shoppingcart.java:109)
at Testlayer.Shoppingcart.close(Shoppingcart.java:109)
at Testlayer.Shoppingcart.close(Shoppingcart.java:109)
at Testlayer.Shoppingcart.close(Shoppingcart.java:109)
at Testlayer.Shoppingcart.close(Shoppingcart.java:109)
at Testlayer.Shoppingcart.close(Shoppingcart.java:109)
at Testlayer.Shoppingcart.close(Shoppingcart.java:109)
at Testlayer.Shoppingcart.close(Shoppingcart.java:109)
at Testlayer.Shoppingcart.close(Shoppingcart.java:109)
at Testlayer.Shoppingcart.close(Shoppingcart.java:109)
at Testlayer.Shoppingcart.close(Shoppingcart.java:109)
at Testlayer.Shoppingcart.close(Shoppingcart.java:109)
at Testlayer.Shoppingcart.close(Shoppingcart.java:109)
at Testlayer.Shoppingcart.close(Shoppingcart.java:109)
at Testlayer.Shoppingcart.close(Shoppingcart.java:109)
at Testlayer.Shoppingcart.close(Shoppingcart.java:109)
at Testlayer.Shoppingcart.close(Shoppingcart.java:109)
at Testlayer.Shoppingcart.close(Shoppingcart.java:109)
at Testlayer.Shoppingcart.close(Shoppingcart.java:109)
at Testlayer.Shoppingcart.close(Shoppingcart.java:109)
at Testlayer.Shoppingcart.close(Shoppingcart.java:109)
at Testlayer.Shoppingcart.close(Shoppingcart.java:109)
at Testlayer.Shoppingcart.close(Shoppingcart.java:109)
at Testlayer.Shoppingcart.close(Shoppingcart.java:109)
at Testlayer.Shoppingcart.close(Shoppingcart.java:109)
at Testlayer.Shoppingcart.close(Shoppingcart.java:109)
at Testlayer.Shoppingcart.close(Shoppingcart.java:109)
at Testlayer.Shoppingcart.close(Shoppingcart.java:109)
at Testlayer.Shoppingcart.close(Shoppingcart.java:109)
at Testlayer.Shoppingcart.close(Shoppingcart.java:109)
at Testlayer.Shoppingcart.close(Shoppingcart.java:109)
at Testlayer.Shoppingcart.close(Shoppingcart.java:109)
at Testlayer.Shoppingcart.close(Shoppingcart.java:109)
at Testlayer.Shoppingcart.close(Shoppingcart.java:109)
at Testlayer.Shoppingcart.close(Shoppingcart.java:109)
at Testlayer.Shoppingcart.close(Shoppingcart.java:109)
at Testlayer.Shoppingcart.close(Shoppingcart.java:109)
at Testlayer.Shoppingcart.close(Shoppingcart.java:109)
at Testlayer.Shoppingcart.close(Shoppingcart.java:109)
at Testlayer.Shoppingcart.close(Shoppingcart.java:109)
at Testlayer.Shoppingcart.close(Shoppingcart.java:109)
at Testlayer.Shoppingcart.close(Shoppingcart.java:109)
at Testlayer.Shoppingcart.close(Shoppingcart.java:109)
at Testlayer.Shoppingcart.close(Shoppingcart.java:109)
at Testlayer.Shoppingcart.close(Shoppingcart.java:109)
at Testlayer.Shoppingcart.close(Shoppingcart.java:109)
at Testlayer.Shoppingcart.close(Shoppingcart.java:109)
at Testlayer.Shoppingcart.close(Shoppingcart.java:109)
at Testlayer.Shoppingcart.close(Shoppingcart.java:109)
at Testlayer.Shoppingcart.close(Shoppingcart.java:109)
at Testlayer.Shoppingcart.close(Shoppingcart.java:109)
at Testlayer.Shoppingcart.close(Shoppingcart.java:109)
at Testlayer.Shoppingcart.close(Shoppingcart.java:109)
at Testlayer.Shoppingcart.close(Shoppingcart.java:109)
at Testlayer.Shoppingcart.close(Shoppingcart.java:109)
at Testlayer.Shoppingcart.close(Shoppingcart.java:109)
at Testlayer.Shoppingcart.close(Shoppingcart.java:109)
at Testlayer.Shoppingcart.close(Shoppingcart.java:109)
at Testlayer.Shoppingcart.close(Shoppingcart.java:109)
at Testlayer.Shoppingcart.close(Shoppingcart.java:109)
at Testlayer.Shoppingcart.close(Shoppingcart.java:109)
at Testlayer.Shoppingcart.close(Shoppingcart.java:109)
at Testlayer.Shoppingcart.close(Shoppingcart.java:109)
at Testlayer.Shoppingcart.close(Shoppingcart.java:109)
at Testlayer.Shoppingcart.close(Shoppingcart.java:109)
at Testlayer.Shoppingcart.close(Shoppingcart.java:109)
at Testlayer.Shoppingcart.close(Shoppingcart.java:109)
at Testlayer.Shoppingcart.close(Shoppingcart.java:109)
at Testlayer.Shoppingcart.close(Shoppingcart.java:109)
at Testlayer.Shoppingcart.close(Shoppingcart.java:109)
at Testlayer.Shoppingcart.close(Shoppingcart.java:109)
at Testlayer.Shoppingcart.close(Shoppingcart.java:109)
at Testlayer.Shoppingcart.close(Shoppingcart.java:109)
at Testlayer.Shoppingcart.close(Shoppingcart.java:109)
at Testlayer.Shoppingcart.close(Shoppingcart.java:109)
at Testlayer.Shoppingcart.close(Shoppingcart.java:109)
at Testlayer.Shoppingcart.close(Shoppingcart.java:109)
at Testlayer.Shoppingcart.close(Shoppingcart.java:109)
at Testlayer.Shoppingcart.close(Shoppingcart.java:109)
at Testlayer.Shoppingcart.close(Shoppingcart.java:109)
at Testlayer.Shoppingcart.close(Shoppingcart.java:109)
at Testlayer.Shoppingcart.close(Shoppingcart.java:109)
at Testlayer.Shoppingcart.close(Shoppingcart.java:109)
at Testlayer.Shoppingcart.close(Shoppingcart.java:109)
at Testlayer.Shoppingcart.close(Shoppingcart.java:109)
at Testlayer.Shoppingcart.close(Shoppingcart.java:109)
at Testlayer.Shoppingcart.close(Shoppingcart.java:109)
at Testlayer.Shoppingcart.close(Shoppingcart.java:109)
at Testlayer.Shoppingcart.close(Shoppingcart.java:109)
at Testlayer.Shoppingcart.close(Shoppingcart.java:109)
at Testlayer.Shoppingcart.close(Shoppingcart.java:109)
at Testlayer.Shoppingcart.close(Shoppingcart.java:109)
at Testlayer.Shoppingcart.close(Shoppingcart.java:109)
at Testlayer.Shoppingcart.close(Shoppingcart.java:109)
at Testlayer.Shoppingcart.close(Shoppingcart.java:109)
at Testlayer.Shoppingcart.close(Shoppingcart.java:109)
at Testlayer.Shoppingcart.close(Shoppingcart.java:109)
at Testlayer.Shoppingcart.close(Shoppingcart.java:109)
at Testlayer.Shoppingcart.close(Shoppingcart.java:109)
at Testlayer.Shoppingcart.close(Shoppingcart.java:109)
at Testlayer.Shoppingcart.close(Shoppingcart.java:109)
at Testlayer.Shoppingcart.close(Shoppingcart.java:109)
at Testlayer.Shoppingcart.close(Shoppingcart.java:109)
at Testlayer.Shoppingcart.close(Shoppingcart.java:109)
at Testlayer.Shoppingcart.close(Shoppingcart.java:109)
at Testlayer.Shoppingcart.close(Shoppingcart.java:109)
at Testlayer.Shoppingcart.close(Shoppingcart.java:109)
at Testlayer.Shoppingcart.close(Shoppingcart.java:109)
at Testlayer.Shoppingcart.close(Shoppingcart.java:109)
at Testlayer.Shoppingcart.close(Shoppingcart.java:109)
at Testlayer.Shoppingcart.close(Shoppingcart.java:109)
at Testlayer.Shoppingcart.close(Shoppingcart.java:109)
at Testlayer.Shoppingcart.close(Shoppingcart.java:109)
at Testlayer.Shoppingcart.close(Shoppingcart.java:109)
at Testlayer.Shoppingcart.close(Shoppingcart.java:109)
at Testlayer.Shoppingcart.close(Shoppingcart.java:109)
at Testlayer.Shoppingcart.close(Shoppingcart.java:109)
at Testlayer.Shoppingcart.close(Shoppingcart.java:109)
at Testlayer.Shoppingcart.close(Shoppingcart.java:109)
at Testlayer.Shoppingcart.close(Shoppingcart.java:109)
at Testlayer.Shoppingcart.close(Shoppingcart.java:109)
at Testlayer.Shoppingcart.close(Shoppingcart.java:109)
at Testlayer.Shoppingcart.close(Shoppingcart.java:109)
at Testlayer.Shoppingcart.close(Shoppingcart.java:109)
at Testlayer.Shoppingcart.close(Shoppingcart.java:109)
at Testlayer.Shoppingcart.close(Shoppingcart.java:109)
at Testlayer.Shoppingcart.close(Shoppingcart.java:109)
at Testlayer.Shoppingcart.close(Shoppingcart.java:109)
at Testlayer.Shoppingcart.close(Shoppingcart.java:109)
at Testlayer.Shoppingcart.close(Shoppingcart.java:109)
at Testlayer.Shoppingcart.close(Shoppingcart.java:109)
at Testlayer.Shoppingcart.close(Shoppingcart.java:109)
at Testlayer.Shoppingcart.close(Shoppingcart.java:109)
at Testlayer.Shoppingcart.close(Shoppingcart.java:109)
at Testlayer.Shoppingcart.close(Shoppingcart.java:109)
at Testlayer.Shoppingcart.close(Shoppingcart.java:109)
at Testlayer.Shoppingcart.close(Shoppingcart.java:109)
at Testlayer.Shoppingcart.close(Shoppingcart.java:109)
at Testlayer.Shoppingcart.close(Shoppingcart.java:109)
at Testlayer.Shoppingcart.close(Shoppingcart.java:109)
at Testlayer.Shoppingcart.close(Shoppingcart.java:109)
at Testlayer.Shoppingcart.close(Shoppingcart.java:109)
at Testlayer.Shoppingcart.close(Shoppingcart.java:109)
at Testlayer.Shoppingcart.close(Shoppingcart.java:109)
at Testlayer.Shoppingcart.close(Shoppingcart.java:109)
at Testlayer.Shoppingcart.close(Shoppingcart.java:109)
at Testlayer.Shoppingcart.close(Shoppingcart.java:109)
at Testlayer.Shoppingcart.close(Shoppingcart.java:109)
at Testlayer.Shoppingcart.close(Shoppingcart.java:109)
at Testlayer.Shoppingcart.close(Shoppingcart.java:109)
at Testlayer.Shoppingcart.close(Shoppingcart.java:109)
at Testlayer.Shoppingcart.close(Shoppingcart.java:109)
at Testlayer.Shoppingcart.close(Shoppingcart.java:109)
at Testlayer.Shoppingcart.close(Shoppingcart.java:109)
at Testlayer.Shoppingcart.close(Shoppingcart.java:109)
at Testlayer.Shoppingcart.close(Shoppingcart.java:109)
at Testlayer.Shoppingcart.close(Shoppingcart.java:109)
at Testlayer.Shoppingcart.close(Shoppingcart.java:109)
at Testlayer.Shoppingcart.close(Shoppingcart.java:109)
at Testlayer.Shoppingcart.close(Shoppingcart.java:109)
at Testlayer.Shoppingcart.close(Shoppingcart.java:109)
at Testlayer.Shoppingcart.close(Shoppingcart.java:109)
at Testlayer.Shoppingcart.close(Shoppingcart.java:109)
at Testlayer.Shoppingcart.close(Shoppingcart.java:109)
at Testlayer.Shoppingcart.close(Shoppingcart.java:109)
at Testlayer.Shoppingcart.close(Shoppingcart.java:109)
at Testlayer.Shoppingcart.close(Shoppingcart.java:109)
at Testlayer.Shoppingcart.close(Shoppingcart.java:109)
at Testlayer.Shoppingcart.close(Shoppingcart.java:109)
at Testlayer.Shoppingcart.close(Shoppingcart.java:109)
at Testlayer.Shoppingcart.close(Shoppingcart.java:109)
at Testlayer.Shoppingcart.close(Shoppingcart.java:109)
at Testlayer.Shoppingcart.close(Shoppingcart.java:109)
at Testlayer.Shoppingcart.close(Shoppingcart.java:109)
at Testlayer.Shoppingcart.close(Shoppingcart.java:109)
at Testlayer.Shoppingcart.close(Shoppingcart.java:109)
at Testlayer.Shoppingcart.close(Shoppingcart.java:109)
at Testlayer.Shoppingcart.close(Shoppingcart.java:109)
at Testlayer.Shoppingcart.close(Shoppingcart.java:109)
at Testlayer.Shoppingcart.close(Shoppingcart.java:109)
at Testlayer.Shoppingcart.close(Shoppingcart.java:109)
at Testlayer.Shoppingcart.close(Shoppingcart.java:109)
at Testlayer.Shoppingcart.close(Shoppingcart.java:109)
at Testlayer.Shoppingcart.close(Shoppingcart.java:109)
at Testlayer.Shoppingcart.close(Shoppingcart.java:109)
at Testlayer.Shoppingcart.close(Shoppingcart.java:109)
at Testlayer.Shoppingcart.close(Shoppingcart.java:109)
at Testlayer.Shoppingcart.close(Shoppingcart.java:109)
at Testlayer.Shoppingcart.close(Shoppingcart.java:109)
at Testlayer.Shoppingcart.close(Shoppingcart.java:109)
at Testlayer.Shoppingcart.close(Shoppingcart.java:109)
at Testlayer.Shoppingcart.close(Shoppingcart.java:109)
at Testlayer.Shoppingcart.close(Shoppingcart.java:109)
at Testlayer.Shoppingcart.close(Shoppingcart.java:109)
at Testlayer.Shoppingcart.close(Shoppingcart.java:109)
at Testlayer.Shoppingcart.close(Shoppingcart.java:109)
at Testlayer.Shoppingcart.close(Shoppingcart.java:109)
at Testlayer.Shoppingcart.close(Shoppingcart.java:109)
at Testlayer.Shoppingcart.close(Shoppingcart.java:109)
at Testlayer.Shoppingcart.close(Shoppingcart.java:109)
at Testlayer.Shoppingcart.close(Shoppingcart.java:109)
at Testlayer.Shoppingcart.close(Shoppingcart.java:109)
at Testlayer.Shoppingcart.close(Shoppingcart.java:109)
at Testlayer.Shoppingcart.close(Shoppingcart.java:109)
at Testlayer.Shoppingcart.close(Shoppingcart.java:109)
at Testlayer.Shoppingcart.close(Shoppingcart.java:109)
at Testlayer.Shoppingcart.close(Shoppingcart.java:109)
]]>
    </failure>
  </testcase> <!-- @AfterMethod close -->
  <testcase classname="Testlayer.Shoppingcart" name="@BeforeMethod initsetup" time="-1.647832584656E9">
    <skipped/>
  </testcase> <!-- @BeforeMethod initsetup -->
  <testcase classname="Testlayer.Shoppingcart" name="@AfterMethod close" time="-1.647832584671E9">
    <skipped/>
  </testcase> <!-- @AfterMethod close -->
  <testcase classname="Testlayer.Shoppingcart" name="@BeforeMethod initsetup" time="-1.647832584674E9">
    <skipped/>
  </testcase> <!-- @BeforeMethod initsetup -->
  <testcase classname="Testlayer.Shoppingcart" name="@AfterMethod close" time="-1.647832584689E9">
    <skipped/>
  </testcase> <!-- @AfterMethod close -->
  <testcase classname="Testlayer.Shoppingcart" name="@BeforeMethod initsetup" time="-1.647832584691E9">
    <skipped/>
  </testcase> <!-- @BeforeMethod initsetup -->
  <testcase classname="Testlayer.Shoppingcart" name="@AfterMethod close" time="-1.647832584707E9">
    <skipped/>
  </testcase> <!-- @AfterMethod close -->
  <testcase classname="Testlayer.Shoppingcart" name="@BeforeMethod initsetup" time="-1.647832584709E9">
    <skipped/>
  </testcase> <!-- @BeforeMethod initsetup -->
  <testcase classname="Testlayer.Shoppingcart" name="@AfterMethod close" time="-1.647832584725E9">
    <skipped/>
  </testcase> <!-- @AfterMethod close -->
  <testcase classname="Testlayer.Shoppingcart" name="@BeforeMethod initsetup" time="-1.647832584728E9">
    <skipped/>
  </testcase> <!-- @BeforeMethod initsetup -->
  <testcase classname="Testlayer.Shoppingcart" name="@AfterMethod close" time="-1.64783258474E9">
    <skipped/>
  </testcase> <!-- @AfterMethod close -->
  <testcase classname="Testlayer.Shoppingcart" name="@BeforeMethod initsetup" time="-1.647832584743E9">
    <skipped/>
  </testcase> <!-- @BeforeMethod initsetup -->
  <testcase classname="Testlayer.Shoppingcart" name="@AfterMethod close" time="-1.647832584756E9">
    <skipped/>
  </testcase> <!-- @AfterMethod close -->
  <testcase classname="Testlayer.Shoppingcart" name="@AfterClass complete" time="-1.647832584759E9">
    <skipped/>
  </testcase> <!-- @AfterClass complete -->
  <testcase classname="Testlayer.Searchwalmart" name="@BeforeMethod initsetup" time="0.001">
    <failure type="org.openqa.selenium.NoSuchSessionException" message="Session ID is null. Using WebDriver after calling quit()?
Build info: version: &amp;apos;4.1.1&amp;apos;, revision: &amp;apos;e8fcc2cecf&amp;apos;
System info: host: &amp;apos;LAPTOP-D3DT1504&amp;apos;, ip: &amp;apos;192.168.239.1&amp;apos;, os.name: &amp;apos;Windows 10&amp;apos;, os.arch: &amp;apos;amd64&amp;apos;, os.version: &amp;apos;10.0&amp;apos;, java.version: &amp;apos;17.0.1&amp;apos;
Driver info: org.openqa.selenium.chrome.ChromeDriver
Command: [null, maximizeCurrentWindow {}]
Capabilities {acceptInsecureCerts: false, browserName: chrome, browserVersion: 99.0.4844.74, chrome: {chromedriverVersion: 98.0.4758.80 (7f0488e8ba0d8..., userDataDir: C:\Users\vikram\AppData\Loc...}, goog:chromeOptions: {debuggerAddress: localhost:54809}, javascriptEnabled: true, networkConnectionEnabled: false, pageLoadStrategy: normal, platform: WINDOWS, platformName: WINDOWS, proxy: Proxy(), se:cdp: ws://localhost:54809/devtoo..., se:cdpVersion: 99.0.4844.74, setWindowRect: true, strictFileInteractability: false, timeouts: {implicit: 0, pageLoad: 300000, script: 30000}, unhandledPromptBehavior: dismiss and notify, webauthn:extension:credBlob: true, webauthn:extension:largeBlob: true, webauthn:virtualAuthenticators: true}">
      <![CDATA[org.openqa.selenium.NoSuchSessionException: Session ID is null. Using WebDriver after calling quit()?
Build info: version: '4.1.1', revision: 'e8fcc2cecf'
System info: host: 'LAPTOP-D3DT1504', ip: '192.168.239.1', os.name: 'Windows 10', os.arch: 'amd64', os.version: '10.0', java.version: '17.0.1'
Driver info: org.openqa.selenium.chrome.ChromeDriver
Command: [null, maximizeCurrentWindow {}]
Capabilities {acceptInsecureCerts: false, browserName: chrome, browserVersion: 99.0.4844.74, chrome: {chromedriverVersion: 98.0.4758.80 (7f0488e8ba0d8..., userDataDir: C:\Users\vikram\AppData\Loc...}, goog:chromeOptions: {debuggerAddress: localhost:54809}, javascriptEnabled: true, networkConnectionEnabled: false, pageLoadStrategy: normal, platform: WINDOWS, platformName: WINDOWS, proxy: Proxy(), se:cdp: ws://localhost:54809/devtoo..., se:cdpVersion: 99.0.4844.74, setWindowRect: true, strictFileInteractability: false, timeouts: {implicit: 0, pageLoad: 300000, script: 30000}, unhandledPromptBehavior: dismiss and notify, webauthn:extension:credBlob: true, webauthn:extension:largeBlob: true, webauthn:virtualAuthenticators: true}
at org.openqa.selenium.remote.HttpCommandExecutor.execute(HttpCommandExecutor.java:145)
at org.openqa.selenium.remote.service.DriverCommandExecutor.invokeExecute(DriverCommandExecutor.java:167)
at org.openqa.selenium.remote.service.DriverCommandExecutor.execute(DriverCommandExecutor.java:142)
at org.openqa.selenium.remote.RemoteWebDriver.execute(RemoteWebDriver.java:543)
at org.openqa.selenium.remote.RemoteWebDriver.execute(RemoteWebDriver.java:598)
at org.openqa.selenium.remote.RemoteWebDriver.execute(RemoteWebDriver.java:602)
at org.openqa.selenium.remote.RemoteWebDriver$RemoteWebDriverOptions$RemoteWindow.maximize(RemoteWebDriver.java:969)
at Base.BaseW.initiate(BaseW.java:54)
at Testlayer.Searchwalmart.initsetup(Searchwalmart.java:27)
at java.base/java.util.ArrayList.forEach(ArrayList.java:1511)
... Removed 31 stack frames]]>
    </failure>
  </testcase> <!-- @BeforeMethod initsetup -->
  <testcase classname="Testlayer.Searchwalmart" name="@AfterMethod close" time="-1.647832597514E9">
    <skipped/>
  </testcase> <!-- @AfterMethod close -->
  <testcase classname="Testlayer.Searchwalmart" name="@BeforeMethod initsetup" time="-1.647832597516E9">
    <skipped/>
  </testcase> <!-- @BeforeMethod initsetup -->
  <testcase classname="Testlayer.Searchwalmart" name="@AfterMethod close" time="-1.64783259752E9">
    <skipped/>
  </testcase> <!-- @AfterMethod close -->
  <testcase classname="Testlayer.Searchwalmart" name="@BeforeMethod initsetup" time="-1.647832597521E9">
    <skipped/>
  </testcase> <!-- @BeforeMethod initsetup -->
  <testcase classname="Testlayer.Searchwalmart" name="@AfterMethod close" time="-1.647832597525E9">
    <skipped/>
  </testcase> <!-- @AfterMethod close -->
  <testcase classname="Testlayer.Searchwalmart" name="@BeforeMethod initsetup" time="-1.647832597526E9">
    <skipped/>
  </testcase> <!-- @BeforeMethod initsetup -->
  <testcase classname="Testlayer.Searchwalmart" name="@AfterMethod close" time="-1.647832597529E9">
    <skipped/>
  </testcase> <!-- @AfterMethod close -->
  <testcase classname="Testlayer.Searchwalmart" name="@BeforeMethod initsetup" time="-1.647832597531E9">
    <skipped/>
  </testcase> <!-- @BeforeMethod initsetup -->
  <testcase classname="Testlayer.Searchwalmart" name="@AfterMethod close" time="-1.647832597534E9">
    <skipped/>
  </testcase> <!-- @AfterMethod close -->
  <testcase classname="Testlayer.Searchwalmart" name="@BeforeMethod initsetup" time="-1.647832597536E9">
    <skipped/>
  </testcase> <!-- @BeforeMethod initsetup -->
  <testcase classname="Testlayer.Searchwalmart" name="@AfterMethod close" time="-1.647832597539E9">
    <skipped/>
  </testcase> <!-- @AfterMethod close -->
  <testcase classname="Testlayer.Searchwalmart" name="@AfterClass complete" time="-1.64783259754E9">
    <skipped/>
  </testcase> <!-- @AfterClass complete -->
  <testcase classname="Testlayer.Shoppingcart" name="TC115additemtocart" time="3.701">
    <failure type="org.openqa.selenium.JavascriptException" message="javascript error: window.scrollTO is not a function
  (Session info: chrome=99.0.4844.74)
Build info: version: &amp;apos;4.1.1&amp;apos;, revision: &amp;apos;e8fcc2cecf&amp;apos;
System info: host: &amp;apos;LAPTOP-D3DT1504&amp;apos;, ip: &amp;apos;192.168.239.1&amp;apos;, os.name: &amp;apos;Windows 10&amp;apos;, os.arch: &amp;apos;amd64&amp;apos;, os.version: &amp;apos;10.0&amp;apos;, java.version: &amp;apos;17.0.1&amp;apos;
Driver info: org.openqa.selenium.chrome.ChromeDriver
Command: [589b917d6062eb30de8bcb835a924b75, executeScript {script=window.scrollTO(0, document.body.scrollHeight), args=[]}]
Capabilities {acceptInsecureCerts: false, browserName: chrome, browserVersion: 99.0.4844.74, chrome: {chromedriverVersion: 98.0.4758.80 (7f0488e8ba0d8..., userDataDir: C:\Users\vikram\AppData\Loc...}, goog:chromeOptions: {debuggerAddress: localhost:54809}, javascriptEnabled: true, networkConnectionEnabled: false, pageLoadStrategy: normal, platform: WINDOWS, platformName: WINDOWS, proxy: Proxy(), se:cdp: ws://localhost:54809/devtoo..., se:cdpVersion: 99.0.4844.74, setWindowRect: true, strictFileInteractability: false, timeouts: {implicit: 0, pageLoad: 300000, script: 30000}, unhandledPromptBehavior: dismiss and notify, webauthn:extension:credBlob: true, webauthn:extension:largeBlob: true, webauthn:virtualAuthenticators: true}
Session ID: 589b917d6062eb30de8bcb835a924b75">
      <![CDATA[org.openqa.selenium.JavascriptException: javascript error: window.scrollTO is not a function
  (Session info: chrome=99.0.4844.74)
Build info: version: '4.1.1', revision: 'e8fcc2cecf'
System info: host: 'LAPTOP-D3DT1504', ip: '192.168.239.1', os.name: 'Windows 10', os.arch: 'amd64', os.version: '10.0', java.version: '17.0.1'
Driver info: org.openqa.selenium.chrome.ChromeDriver
Command: [589b917d6062eb30de8bcb835a924b75, executeScript {script=window.scrollTO(0, document.body.scrollHeight), args=[]}]
Capabilities {acceptInsecureCerts: false, browserName: chrome, browserVersion: 99.0.4844.74, chrome: {chromedriverVersion: 98.0.4758.80 (7f0488e8ba0d8..., userDataDir: C:\Users\vikram\AppData\Loc...}, goog:chromeOptions: {debuggerAddress: localhost:54809}, javascriptEnabled: true, networkConnectionEnabled: false, pageLoadStrategy: normal, platform: WINDOWS, platformName: WINDOWS, proxy: Proxy(), se:cdp: ws://localhost:54809/devtoo..., se:cdpVersion: 99.0.4844.74, setWindowRect: true, strictFileInteractability: false, timeouts: {implicit: 0, pageLoad: 300000, script: 30000}, unhandledPromptBehavior: dismiss and notify, webauthn:extension:credBlob: true, webauthn:extension:largeBlob: true, webauthn:virtualAuthenticators: true}
Session ID: 589b917d6062eb30de8bcb835a924b75
at org.openqa.selenium.remote.codec.w3c.W3CHttpResponseCodec.createException(W3CHttpResponseCodec.java:200)
at org.openqa.selenium.remote.codec.w3c.W3CHttpResponseCodec.decode(W3CHttpResponseCodec.java:133)
at org.openqa.selenium.remote.codec.w3c.W3CHttpResponseCodec.decode(W3CHttpResponseCodec.java:53)
at org.openqa.selenium.remote.HttpCommandExecutor.execute(HttpCommandExecutor.java:184)
at org.openqa.selenium.remote.service.DriverCommandExecutor.invokeExecute(DriverCommandExecutor.java:167)
at org.openqa.selenium.remote.service.DriverCommandExecutor.execute(DriverCommandExecutor.java:142)
at org.openqa.selenium.remote.RemoteWebDriver.execute(RemoteWebDriver.java:543)
at org.openqa.selenium.remote.RemoteWebDriver.executeScript(RemoteWebDriver.java:477)
at Base.BaseW.scrolldown(BaseW.java:66)
at Testlayer.Shoppingcart.TC115additemtocart(Shoppingcart.java:39)
at java.base/java.util.ArrayList.forEach(ArrayList.java:1511)
... Removed 32 stack frames]]>
    </failure>
  </testcase> <!-- TC115additemtocart -->
  <testcase classname="Testlayer.Shoppingcart" name="TC116Shoppingcart" time="0.0">
    <skipped/>
  </testcase> <!-- TC116Shoppingcart -->
  <testcase classname="Testlayer.Shoppingcart" name="TC117increasequantity" time="0.0">
    <skipped/>
  </testcase> <!-- TC117increasequantity -->
  <testcase classname="Testlayer.Shoppingcart" name="TC118decreasequantitiy" time="0.0">
    <skipped/>
  </testcase> <!-- TC118decreasequantitiy -->
  <testcase classname="Testlayer.Shoppingcart" name="TC119Addmultipleitem" time="0.0">
    <skipped/>
  </testcase> <!-- TC119Addmultipleitem -->
  <testcase classname="Testlayer.Shoppingcart" name="TC120Removeoneitem" time="0.0">
    <skipped/>
  </testcase> <!-- TC120Removeoneitem -->
  <testcase classname="Testlayer.Shoppingcart" name="TC121closebrowser" time="0.0">
    <skipped/>
  </testcase> <!-- TC121closebrowser -->
  <testcase classname="Testlayer.Searchwalmart" name="TC94searching" time="10.009">
    <failure type="org.openqa.selenium.NoSuchElementException" message="no such element: Unable to locate element: {&amp;quot;method&amp;quot;:&amp;quot;css selector&amp;quot;,&amp;quot;selector&amp;quot;:&amp;quot;#search\-form\-input&amp;quot;}
  (Session info: chrome=99.0.4844.74)
For documentation on this error, please visit: https://selenium.dev/exceptions/#no_such_element
Build info: version: &amp;apos;4.1.1&amp;apos;, revision: &amp;apos;e8fcc2cecf&amp;apos;
System info: host: &amp;apos;LAPTOP-D3DT1504&amp;apos;, ip: &amp;apos;192.168.239.1&amp;apos;, os.name: &amp;apos;Windows 10&amp;apos;, os.arch: &amp;apos;amd64&amp;apos;, os.version: &amp;apos;10.0&amp;apos;, java.version: &amp;apos;17.0.1&amp;apos;
Driver info: org.openqa.selenium.chrome.ChromeDriver
Command: [589b917d6062eb30de8bcb835a924b75, findElement {using=id, value=search-form-input}]
Capabilities {acceptInsecureCerts: false, browserName: chrome, browserVersion: 99.0.4844.74, chrome: {chromedriverVersion: 98.0.4758.80 (7f0488e8ba0d8..., userDataDir: C:\Users\vikram\AppData\Loc...}, goog:chromeOptions: {debuggerAddress: localhost:54809}, javascriptEnabled: true, networkConnectionEnabled: false, pageLoadStrategy: normal, platform: WINDOWS, platformName: WINDOWS, proxy: Proxy(), se:cdp: ws://localhost:54809/devtoo..., se:cdpVersion: 99.0.4844.74, setWindowRect: true, strictFileInteractability: false, timeouts: {implicit: 0, pageLoad: 300000, script: 30000}, unhandledPromptBehavior: dismiss and notify, webauthn:extension:credBlob: true, webauthn:extension:largeBlob: true, webauthn:virtualAuthenticators: true}
Session ID: 589b917d6062eb30de8bcb835a924b75">
      <![CDATA[org.openqa.selenium.NoSuchElementException: no such element: Unable to locate element: {"method":"css selector","selector":"#search\-form\-input"}
  (Session info: chrome=99.0.4844.74)
For documentation on this error, please visit: https://selenium.dev/exceptions/#no_such_element
Build info: version: '4.1.1', revision: 'e8fcc2cecf'
System info: host: 'LAPTOP-D3DT1504', ip: '192.168.239.1', os.name: 'Windows 10', os.arch: 'amd64', os.version: '10.0', java.version: '17.0.1'
Driver info: org.openqa.selenium.chrome.ChromeDriver
Command: [589b917d6062eb30de8bcb835a924b75, findElement {using=id, value=search-form-input}]
Capabilities {acceptInsecureCerts: false, browserName: chrome, browserVersion: 99.0.4844.74, chrome: {chromedriverVersion: 98.0.4758.80 (7f0488e8ba0d8..., userDataDir: C:\Users\vikram\AppData\Loc...}, goog:chromeOptions: {debuggerAddress: localhost:54809}, javascriptEnabled: true, networkConnectionEnabled: false, pageLoadStrategy: normal, platform: WINDOWS, platformName: WINDOWS, proxy: Proxy(), se:cdp: ws://localhost:54809/devtoo..., se:cdpVersion: 99.0.4844.74, setWindowRect: true, strictFileInteractability: false, timeouts: {implicit: 0, pageLoad: 300000, script: 30000}, unhandledPromptBehavior: dismiss and notify, webauthn:extension:credBlob: true, webauthn:extension:largeBlob: true, webauthn:virtualAuthenticators: true}
Session ID: 589b917d6062eb30de8bcb835a924b75
at org.openqa.selenium.remote.codec.w3c.W3CHttpResponseCodec.createException(W3CHttpResponseCodec.java:200)
at org.openqa.selenium.remote.codec.w3c.W3CHttpResponseCodec.decode(W3CHttpResponseCodec.java:133)
at org.openqa.selenium.remote.codec.w3c.W3CHttpResponseCodec.decode(W3CHttpResponseCodec.java:53)
at org.openqa.selenium.remote.HttpCommandExecutor.execute(HttpCommandExecutor.java:184)
at org.openqa.selenium.remote.service.DriverCommandExecutor.invokeExecute(DriverCommandExecutor.java:167)
at org.openqa.selenium.remote.service.DriverCommandExecutor.execute(DriverCommandExecutor.java:142)
at org.openqa.selenium.remote.RemoteWebDriver.execute(RemoteWebDriver.java:543)
at org.openqa.selenium.remote.ElementLocation$ElementFinder$2.findElement(ElementLocation.java:162)
at org.openqa.selenium.remote.ElementLocation.findElement(ElementLocation.java:60)
at org.openqa.selenium.remote.RemoteWebDriver.findElement(RemoteWebDriver.java:367)
at org.openqa.selenium.remote.RemoteWebDriver.findElement(RemoteWebDriver.java:359)
at org.openqa.selenium.support.pagefactory.DefaultElementLocator.findElement(DefaultElementLocator.java:70)
at org.openqa.selenium.support.pagefactory.internal.LocatingElementHandler.invoke(LocatingElementHandler.java:39)
at jdk.proxy2/jdk.proxy2.$Proxy17.sendKeys(Unknown Source)
at Pompackage.Searchfacility.search(Searchfacility.java:43)
at Testlayer.Searchwalmart.TC94searching(Searchwalmart.java:36)
at java.base/java.util.ArrayList.forEach(ArrayList.java:1511)
... Removed 32 stack frames]]>
    </failure>
  </testcase> <!-- TC94searching -->
  <testcase classname="Testlayer.Searchwalmart" name="TC95Relevantproduct" time="0.0">
    <skipped/>
  </testcase> <!-- TC95Relevantproduct -->
  <testcase classname="Testlayer.Searchwalmart" name="TC100customerrating" time="0.0">
    <skipped/>
  </testcase> <!-- TC100customerrating -->
  <testcase classname="Testlayer.Searchwalmart" name="TC103choosingseller" time="0.0">
    <skipped/>
  </testcase> <!-- TC103choosingseller -->
  <testcase classname="Testlayer.Searchwalmart" name="TC109sortingnewest" time="0.0">
    <skipped/>
  </testcase> <!-- TC109sortingnewest -->
  <testcase classname="Testlayer.Searchwalmart" name="TC113sortingfiltration" time="0.0">
    <skipped/>
  </testcase> <!-- TC113sortingfiltration -->
  <testcase classname="Testlayer.Searchwalmart" name="pagination" time="0.0">
    <skipped/>
  </testcase> <!-- pagination -->
</testsuite> <!-- online shopping canada Automation -->
